\BOOKMARK [0][-]{chapter.1}{\376\377\000A\000d\000a\000b\000o\000o\000s\000t}{}% 1
\BOOKMARK [1][-]{section.1.1}{\376\377\171\273\145\143\166\204\000A\000d\000a\000b\000o\000o\000s\000t}{chapter.1}% 2
\BOOKMARK [1][-]{section.1.2}{\376\377\000F\000o\000r\000w\000a\000r\000d\000\040\000S\000t\000a\000g\000e\000s\000t\000\040\000A\000d\000d\000i\000t\000i\000v\000e\000\040\000M\000o\000d\000e\000l\000i\000n\000g}{chapter.1}% 3
\BOOKMARK [0][-]{chapter.2}{\376\377\000L\000o\000g\000i\000s\000t\000i\000c\000\040\000R\000e\000g\000r\000e\000s\000s\000i\000o\000n}{}% 4
\BOOKMARK [1][-]{section.2.1}{\376\377\000S\000i\000g\000m\000o\000i\000d\121\375\145\160}{chapter.2}% 5
\BOOKMARK [1][-]{section.2.2}{\376\377\000L\000o\000g\000i\000s\000t\000i\000c\000\040\000R\000e\000g\000r\000e\000s\000s\000i\000o\000n}{chapter.2}% 6
\BOOKMARK [1][-]{section.2.3}{\376\377\116\000\116\233\121\166\116\326\166\204\225\356\230\230}{chapter.2}% 7
\BOOKMARK [0][-]{chapter.3}{\376\377\153\143\122\031\123\026\145\271\154\325}{}% 8
\BOOKMARK [1][-]{section.3.1}{\376\377\000L\0001\000\040\000L\0002}{chapter.3}% 9
\BOOKMARK [2][-]{subsection.3.1.1}{\376\377\000i\000l\000l\000-\000c\000o\000n\000d\000i\000t\000i\000o\000n}{section.3.1}% 10
\BOOKMARK [0][-]{chapter.4}{\376\377\000D\000e\000e\000p\000\040\000L\000e\000a\000r\000i\000n\000g}{}% 11
\BOOKMARK [1][-]{section.4.1}{\376\377\116\000\116\233\134\017\166\204\000t\000r\000i\000c\000k}{chapter.4}% 12
\BOOKMARK [1][-]{section.4.2}{\376\377\000w\000e\000i\000g\000h\000t\000\040\000d\000e\000c\000a\000y}{chapter.4}% 13
\BOOKMARK [1][-]{section.4.3}{\376\377\000m\000o\000m\000e\000n\000t\000u\000m}{chapter.4}% 14
\BOOKMARK [0][-]{chapter.5}{\376\377\000C\000a\000f\000f\000e}{}% 15
\BOOKMARK [1][-]{section.5.1}{\376\377\000l\000m\000d\000b}{chapter.5}% 16
\BOOKMARK [1][-]{section.5.2}{\376\377\000n\000e\000t\000\040\000p\000r\000o\000t\000o\000b\000u\000f}{chapter.5}% 17
\BOOKMARK [1][-]{section.5.3}{\376\377\000s\000o\000l\000v\000e\000r}{chapter.5}% 18
\BOOKMARK [1][-]{section.5.4}{\376\377\116\000\116\233\121\166\116\326\166\204\225\356\230\230}{chapter.5}% 19
\BOOKMARK [2][-]{subsection.5.4.1}{\376\377\000l\000o\000s\000s\000=\0008\0007\000.\0003\0003\0006\0005}{section.5.4}% 20
\BOOKMARK [2][-]{subsection.5.4.2}{\376\377\116\000\116\233\135\356\122\053}{section.5.4}% 21
\BOOKMARK [2][-]{subsection.5.4.3}{\376\377\131\032\000G\000P\000U\213\241\173\227}{section.5.4}% 22
