This is XeTeX, Version 3.14159265-2.6-0.99992 (TeX Live 2015/Debian) (preloaded format=xelatex 2017.8.23)  14 SEP 2017 16:22
entering extended mode
 restricted \write18 enabled.
 %&-line parsing enabled.
**chap3_deep_learing.tex
(./chap3_deep_learing.tex
LaTeX2e <2016/02/01>
Babel <3.9q> and hyphenation patterns for 81 language(s) loaded.
! Undefined control sequence.
l.1 \chapter
            {Deep Learing}
The control sequence at the end of the top line
of your error message was never \def'ed. If you have
misspelled it (e.g., `\hobx'), type `I' and the correct
spelling (e.g., `I\hbox'). Otherwise just continue,
and I'll forget about whatever was undefined.


! LaTeX Error: Missing \begin{document}.

See the LaTeX manual or LaTeX Companion for explanation.
Type  H <return>  for immediate help.
 ...                                              
                                                  
l.1 \chapter{D
              eep Learing}
You're in trouble here.  Try typing  <return>  to proceed.
If that doesn't work, type  X <return>  to quit.

Missing character: There is no D in font nullfont!
Missing character: There is no e in font nullfont!
Missing character: There is no e in font nullfont!
Missing character: There is no p in font nullfont!
Missing character: There is no L in font nullfont!
Missing character: There is no e in font nullfont!
Missing character: There is no a in font nullfont!
Missing character: There is no r in font nullfont!
Missing character: There is no i in font nullfont!
Missing character: There is no n in font nullfont!
Missing character: There is no g in font nullfont!

Overfull \hbox (20.0pt too wide) in paragraph at lines 1--2
[]
 []

! Undefined control sequence.
l.3 \section
            *{Introduction}
The control sequence at the end of the top line
of your error message was never \def'ed. If you have
misspelled it (e.g., `\hobx'), type `I' and the correct
spelling (e.g., `I\hbox'). Otherwise just continue,
and I'll forget about whatever was undefined.


! LaTeX Error: Missing \begin{document}.

See the LaTeX manual or LaTeX Companion for explanation.
Type  H <return>  for immediate help.
 ...                                              
                                                  
l.3 \section*
             {Introduction}
You're in trouble here.  Try typing  <return>  to proceed.
If that doesn't work, type  X <return>  to quit.

Missing character: There is no * in font nullfont!
Missing character: There is no I in font nullfont!
Missing character: There is no n in font nullfont!
Missing character: There is no t in font nullfont!
Missing character: There is no r in font nullfont!
Missing character: There is no o in font nullfont!
Missing character: There is no d in font nullfont!
Missing character: There is no u in font nullfont!
Missing character: There is no c in font nullfont!
Missing character: There is no t in font nullfont!
Missing character: There is no i in font nullfont!
Missing character: There is no o in font nullfont!
Missing character: There is no n in font nullfont!
Missing character: There is no æœ¬ in font nullfont!
Missing character: There is no ç«  in font nullfont!
Missing character: There is no èŠ‚ in font nullfont!
Missing character: There is no å†… in font nullfont!
Missing character: There is no å®¹ in font nullfont!
Missing character: There is no ä¸» in font nullfont!
Missing character: There is no è¦ in font nullfont!
Missing character: There is no æ˜¯ in font nullfont!
Missing character: There is no æ¥ in font nullfont!
Missing character: There is no è‡ª in font nullfont!
Missing character: There is no äº in font nullfont!
Missing character: There is no æ·± in font nullfont!
Missing character: There is no åº¦ in font nullfont!
Missing character: There is no å­¦ in font nullfont!
Missing character: There is no ä¹  in font nullfont!
Missing character: There is no ä¸­ in font nullfont!
Missing character: There is no é‡ in font nullfont!
Missing character: There is no åˆ° in font nullfont!
Missing character: There is no çš„ in font nullfont!
Missing character: There is no ä¸€ in font nullfont!
Missing character: There is no äº› in font nullfont!
Missing character: There is no å‘ in font nullfont!
Missing character: There is no ä»¥ in font nullfont!
Missing character: There is no åŠ in font nullfont!
Missing character: There is no é—® in font nullfont!
Missing character: There is no é¢˜ in font nullfont!

Overfull \hbox (20.0pt too wide) in paragraph at lines 3--5
[]
 []

! Undefined control sequence.
l.6 \section
            {ä¸€äº›å°çš„trick}
The control sequence at the end of the top line
of your error message was never \def'ed. If you have
misspelled it (e.g., `\hobx'), type `I' and the correct
spelling (e.g., `I\hbox'). Otherwise just continue,
and I'll forget about whatever was undefined.


! LaTeX Error: Missing \begin{document}.

See the LaTeX manual or LaTeX Companion for explanation.
Type  H <return>  for immediate help.
 ...                                              
                                                  
l.6 \section{ä¸€
                äº›å°çš„trick}
You're in trouble here.  Try typing  <return>  to proceed.
If that doesn't work, type  X <return>  to quit.

Missing character: There is no ä¸€ in font nullfont!
Missing character: There is no äº› in font nullfont!
Missing character: There is no å° in font nullfont!
Missing character: There is no çš„ in font nullfont!
Missing character: There is no t in font nullfont!
Missing character: There is no r in font nullfont!
Missing character: There is no i in font nullfont!
Missing character: There is no c in font nullfont!
Missing character: There is no k in font nullfont!

Overfull \hbox (20.0pt too wide) in paragraph at lines 6--7
[] 
 []


! LaTeX Error: Missing \begin{document}.

See the LaTeX manual or LaTeX Companion for explanation.
Type  H <return>  for immediate help.
 ...                                              
                                                  
l.8 1
     . ä¸€å®šè¦å¯¹æ•°æ®è¿›è¡Œå½’ä¸€åŒ–
You're in trouble here.  Try typing  <return>  to proceed.
If that doesn't work, type  X <return>  to quit.

Missing character: There is no 1 in font nullfont!
Missing character: There is no . in font nullfont!
Missing character: There is no ä¸€ in font nullfont!
Missing character: There is no å®š in font nullfont!
Missing character: There is no è¦ in font nullfont!
Missing character: There is no å¯¹ in font nullfont!
Missing character: There is no æ•° in font nullfont!
Missing character: There is no æ® in font nullfont!
Missing character: There is no è¿› in font nullfont!
Missing character: There is no è¡Œ in font nullfont!
Missing character: There is no å½’ in font nullfont!
Missing character: There is no ä¸€ in font nullfont!
Missing character: There is no åŒ– in font nullfont!

Overfull \hbox (20.0pt too wide) in paragraph at lines 8--9
[]
 []


! LaTeX Error: Missing \begin{document}.

See the LaTeX manual or LaTeX Companion for explanation.
Type  H <return>  for immediate help.
 ...                                              
                                                  
l.10 2
      . è®­ç»ƒå¯èƒ½ä¼šå‡ºç°lossä¸€å¼€å§‹è¿…é€Ÿä¸‹é™ï¼Œç„¶åç¨³å®šåœ¨ä¸€å...

You're in trouble here.  Try typing  <return>  to proceed.
If that doesn't work, type  X <return>  to quit.

Missing character: There is no 2 in font nullfont!
Missing character: There is no . in font nullfont!
Missing character: There is no è®­ in font nullfont!
Missing character: There is no ç»ƒ in font nullfont!
Missing character: There is no å¯ in font nullfont!
Missing character: There is no èƒ½ in font nullfont!
Missing character: There is no ä¼š in font nullfont!
Missing character: There is no å‡º in font nullfont!
Missing character: There is no ç° in font nullfont!
Missing character: There is no l in font nullfont!
Missing character: There is no o in font nullfont!
Missing character: There is no s in font nullfont!
Missing character: There is no s in font nullfont!
Missing character: There is no ä¸€ in font nullfont!
Missing character: There is no å¼€ in font nullfont!
Missing character: There is no å§‹ in font nullfont!
Missing character: There is no è¿… in font nullfont!
Missing character: There is no é€Ÿ in font nullfont!
Missing character: There is no ä¸‹ in font nullfont!
Missing character: There is no é™ in font nullfont!
Missing character: There is no ï¼Œ in font nullfont!
Missing character: There is no ç„¶ in font nullfont!
Missing character: There is no å in font nullfont!
Missing character: There is no ç¨³ in font nullfont!
Missing character: There is no å®š in font nullfont!
Missing character: There is no åœ¨ in font nullfont!
Missing character: There is no ä¸€ in font nullfont!
Missing character: There is no å®š in font nullfont!
Missing character: There is no çš„ in font nullfont!
Missing character: There is no å€¼ in font nullfont!
Missing character: There is no ä¸Š in font nullfont!
Missing character: There is no ï¼Œ in font nullfont!
Missing character: There is no è¿™ in font nullfont!
Missing character: There is no æ—¶ in font nullfont!
Missing character: There is no å€™ in font nullfont!
Missing character: There is no ä¸ in font nullfont!
Missing character: There is no è¦ in font nullfont!
Missing character: There is no ä»¥ in font nullfont!
Missing character: There is no ä¸º in font nullfont!
Missing character: There is no ç½‘ in font nullfont!
Missing character: There is no ç»œ in font nullfont!
Missing character: There is no å·² in font nullfont!
Missing character: There is no ç» in font nullfont!
Missing character: There is no æ”¶ in font nullfont!
Missing character: There is no æ•› in font nullfont!
Missing character: There is no äº† in font nullfont!
Missing character: There is no ï¼Œ in font nullfont!
Missing character: There is no æœ‰ in font nullfont!
Missing character: There is no æ—¶ in font nullfont!
Missing character: There is no å€™ in font nullfont!
Missing character: There is no ä¼š in font nullfont!
Missing character: There is no å‡º in font nullfont!
Missing character: There is no ç° in font nullfont!
Missing character: There is no ä¸€ in font nullfont!
Missing character: There is no ä¸ª in font nullfont!
Missing character: There is no æ‹ in font nullfont!
Missing character: There is no ç‚¹ in font nullfont!
Missing character: There is no ï¼Œ in font nullfont!
Missing character: There is no å³ in font nullfont!
Missing character: There is no åœ¨ in font nullfont!
Missing character: There is no è®­ in font nullfont!
Missing character: There is no ç»ƒ in font nullfont!
Missing character: There is no å¾ˆ in font nullfont!
Missing character: There is no å in font nullfont!
Missing character: There is no é¢ in font nullfont!
Missing character: There is no çš„ in font nullfont!
Missing character: There is no æ—¶ in font nullfont!
Missing character: There is no å€™ in font nullfont!
Missing character: There is no ä¼š in font nullfont!
Missing character: There is no é‡ in font nullfont!
Missing character: There is no æ–° in font nullfont!
Missing character: There is no å‡º in font nullfont!
Missing character: There is no ç° in font nullfont!
Missing character: There is no ä¸€ in font nullfont!
Missing character: There is no ä¸ª in font nullfont!
Missing character: There is no æ–° in font nullfont!
Missing character: There is no çš„ in font nullfont!
Missing character: There is no ä¸‹ in font nullfont!
Missing character: There is no é™ in font nullfont!
Missing character: There is no çš„ in font nullfont!
Missing character: There is no åŒº in font nullfont!
Missing character: There is no é—´ in font nullfont!
Missing character: There is no ï¼Œ in font nullfont!
Missing character: There is no è¿™ in font nullfont!
Missing character: There is no æ—¶ in font nullfont!
Missing character: There is no å€™ in font nullfont!
Missing character: There is no ç½‘ in font nullfont!
Missing character: There is no ç»œ in font nullfont!
Missing character: There is no åŸº in font nullfont!
Missing character: There is no æœ¬ in font nullfont!
Missing character: There is no ä¸Š in font nullfont!
Missing character: There is no ä¼š in font nullfont!
Missing character: There is no æ”¶ in font nullfont!
Missing character: There is no æ•› in font nullfont!
Missing character: There is no ã€‚ in font nullfont!
Missing character: There is no ä½† in font nullfont!
Missing character: There is no æ˜¯ in font nullfont!
Missing character: There is no ä¸ in font nullfont!
Missing character: There is no æ’ in font nullfont!
Missing character: There is no é™¤ in font nullfont!
Missing character: There is no ä¼š in font nullfont!
Missing character: There is no å‡º in font nullfont!
Missing character: There is no ç° in font nullfont!
Missing character: There is no å¤š in font nullfont!
Missing character: There is no çš„ in font nullfont!
Missing character: There is no æ‹ in font nullfont!
Missing character: There is no ç‚¹ in font nullfont!
Missing character: There is no çš„ in font nullfont!
Missing character: There is no æƒ… in font nullfont!
Missing character: There is no å†µ in font nullfont!
Missing character: There is no ã€‚ in font nullfont!
Missing character: There is no ç»“ in font nullfont!
Missing character: There is no è®º in font nullfont!
Missing character: There is no ï¼š in font nullfont!
Missing character: There is no è®­ in font nullfont!
Missing character: There is no ç»ƒ in font nullfont!
Missing character: There is no è¿‡ in font nullfont!
Missing character: There is no ç¨‹ in font nullfont!
Missing character: There is no ä¸­ in font nullfont!
Missing character: There is no ä¸€ in font nullfont!
Missing character: There is no å®š in font nullfont!
Missing character: There is no è¦ in font nullfont!
Missing character: There is no è€ in font nullfont!
Missing character: There is no å¿ƒ in font nullfont!
Missing character: There is no è€ in font nullfont!
Missing character: There is no å¿ƒ in font nullfont!
Missing character: There is no å† in font nullfont!
Missing character: There is no è€ in font nullfont!
Missing character: There is no å¿ƒ in font nullfont!
Missing character: There is no ã€‚ in font nullfont!

Overfull \hbox (20.0pt too wide) in paragraph at lines 10--11
[]
 []

! Undefined control sequence.
l.12 \section
             {weight decay}
The control sequence at the end of the top line
of your error message was never \def'ed. If you have
misspelled it (e.g., `\hobx'), type `I' and the correct
spelling (e.g., `I\hbox'). Otherwise just continue,
and I'll forget about whatever was undefined.


! LaTeX Error: Missing \begin{document}.

See the LaTeX manual or LaTeX Companion for explanation.
Type  H <return>  for immediate help.
 ...                                              
                                                  
l.12 \section{w
               eight decay}
You're in trouble here.  Try typing  <return>  to proceed.
If that doesn't work, type  X <return>  to quit.

Missing character: There is no w in font nullfont!
Missing character: There is no e in font nullfont!
Missing character: There is no i in font nullfont!
Missing character: There is no g in font nullfont!
Missing character: There is no h in font nullfont!
Missing character: There is no t in font nullfont!
Missing character: There is no d in font nullfont!
Missing character: There is no e in font nullfont!
Missing character: There is no c in font nullfont!
Missing character: There is no a in font nullfont!
Missing character: There is no y in font nullfont!
Missing character: There is no åœ¨ in font nullfont!
Missing character: There is no æŸ in font nullfont!
Missing character: There is no å¤± in font nullfont!
Missing character: There is no å‡½ in font nullfont!
Missing character: There is no æ•° in font nullfont!
Missing character: There is no ä¸­ in font nullfont!
Missing character: There is no ï¼Œ in font nullfont!
Missing character: There is no w in font nullfont!
Missing character: There is no e in font nullfont!
Missing character: There is no i in font nullfont!
Missing character: There is no g in font nullfont!
Missing character: There is no h in font nullfont!
Missing character: There is no t in font nullfont!
Missing character: There is no d in font nullfont!
Missing character: There is no e in font nullfont!
Missing character: There is no c in font nullfont!
Missing character: There is no a in font nullfont!
Missing character: There is no y in font nullfont!
Missing character: There is no æ˜¯ in font nullfont!
Missing character: There is no æ”¾ in font nullfont!
Missing character: There is no åœ¨ in font nullfont!
Missing character: There is no æ­£ in font nullfont!
Missing character: There is no åˆ™ in font nullfont!
Missing character: There is no é¡¹ in font nullfont!
Missing character: There is no ï¼ˆ in font nullfont!
Missing character: There is no r in font nullfont!
Missing character: There is no e in font nullfont!
Missing character: There is no g in font nullfont!
Missing character: There is no u in font nullfont!
Missing character: There is no l in font nullfont!
Missing character: There is no a in font nullfont!
Missing character: There is no r in font nullfont!
Missing character: There is no i in font nullfont!
Missing character: There is no z in font nullfont!
Missing character: There is no a in font nullfont!
Missing character: There is no t in font nullfont!
Missing character: There is no i in font nullfont!
Missing character: There is no o in font nullfont!
Missing character: There is no n in font nullfont!
Missing character: There is no ï¼‰ in font nullfont!
Missing character: There is no å‰ in font nullfont!
Missing character: There is no é¢ in font nullfont!
Missing character: There is no çš„ in font nullfont!
Missing character: There is no ä¸€ in font nullfont!
Missing character: There is no ä¸ª in font nullfont!
Missing character: There is no ç³» in font nullfont!
Missing character: There is no æ•° in font nullfont!
Missing character: There is no ï¼Œ in font nullfont!
Missing character: There is no æ­£ in font nullfont!
Missing character: There is no åˆ™ in font nullfont!
Missing character: There is no é¡¹ in font nullfont!
Missing character: There is no ä¸€ in font nullfont!
Missing character: There is no èˆ¬ in font nullfont!
Missing character: There is no æŒ‡ in font nullfont!
Missing character: There is no ç¤º in font nullfont!
Missing character: There is no æ¨¡ in font nullfont!
Missing character: There is no å‹ in font nullfont!
Missing character: There is no çš„ in font nullfont!
Missing character: There is no å¤ in font nullfont!
Missing character: There is no æ‚ in font nullfont!
Missing character: There is no åº¦ in font nullfont!
Missing character: There is no ï¼Œ in font nullfont!
Missing character: There is no æ‰€ in font nullfont!
Missing character: There is no ä»¥ in font nullfont!
Missing character: There is no w in font nullfont!
Missing character: There is no e in font nullfont!
Missing character: There is no i in font nullfont!
Missing character: There is no g in font nullfont!
Missing character: There is no h in font nullfont!
Missing character: There is no t in font nullfont!
Missing character: There is no d in font nullfont!
Missing character: There is no e in font nullfont!
Missing character: There is no c in font nullfont!
Missing character: There is no a in font nullfont!
Missing character: There is no y in font nullfont!
Missing character: There is no çš„ in font nullfont!
Missing character: There is no ä½œ in font nullfont!
Missing character: There is no ç”¨ in font nullfont!
Missing character: There is no æ˜¯ in font nullfont!
Missing character: There is no è°ƒ in font nullfont!
Missing character: There is no èŠ‚ in font nullfont!
Missing character: There is no æ¨¡ in font nullfont!
Missing character: There is no å‹ in font nullfont!
Missing character: There is no å¤ in font nullfont!
Missing character: There is no æ‚ in font nullfont!
Missing character: There is no åº¦ in font nullfont!
Missing character: There is no å¯¹ in font nullfont!
Missing character: There is no æŸ in font nullfont!
Missing character: There is no å¤± in font nullfont!
Missing character: There is no å‡½ in font nullfont!
Missing character: There is no æ•° in font nullfont!
Missing character: There is no çš„ in font nullfont!
Missing character: There is no å½± in font nullfont!
Missing character: There is no å“ in font nullfont!
Missing character: There is no ï¼Œ in font nullfont!
Missing character: There is no è‹¥ in font nullfont!
Missing character: There is no w in font nullfont!
Missing character: There is no e in font nullfont!
Missing character: There is no i in font nullfont!
Missing character: There is no g in font nullfont!
Missing character: There is no h in font nullfont!
Missing character: There is no t in font nullfont!
Missing character: There is no d in font nullfont!
Missing character: There is no e in font nullfont!
Missing character: There is no c in font nullfont!
Missing character: There is no a in font nullfont!
Missing character: There is no y in font nullfont!
Missing character: There is no å¾ˆ in font nullfont!
Missing character: There is no å¤§ in font nullfont!
Missing character: There is no ï¼Œ in font nullfont!
Missing character: There is no åˆ™ in font nullfont!
Missing character: There is no å¤ in font nullfont!
Missing character: There is no æ‚ in font nullfont!
Missing character: There is no çš„ in font nullfont!
Missing character: There is no æ¨¡ in font nullfont!
Missing character: There is no å‹ in font nullfont!
Missing character: There is no æŸ in font nullfont!
Missing character: There is no å¤± in font nullfont!
Missing character: There is no å‡½ in font nullfont!
Missing character: There is no æ•° in font nullfont!
Missing character: There is no çš„ in font nullfont!
Missing character: There is no å€¼ in font nullfont!
Missing character: There is no ä¹Ÿ in font nullfont!
Missing character: There is no å°± in font nullfont!
Missing character: There is no å¤§ in font nullfont!
Missing character: There is no ã€‚ in font nullfont!
Missing character: There is no æˆ‘ in font nullfont!
Missing character: There is no æ‰€ in font nullfont!
Missing character: There is no ç† in font nullfont!
Missing character: There is no è§£ in font nullfont!
Missing character: There is no çš„ in font nullfont!
Missing character: There is no w in font nullfont!
Missing character: There is no e in font nullfont!
Missing character: There is no i in font nullfont!
Missing character: There is no g in font nullfont!
Missing character: There is no h in font nullfont!
Missing character: There is no t in font nullfont!
Missing character: There is no d in font nullfont!
Missing character: There is no e in font nullfont!
Missing character: There is no c in font nullfont!
Missing character: There is no a in font nullfont!
Missing character: There is no y in font nullfont!
Missing character: There is no å°± in font nullfont!
Missing character: There is no æ˜¯ in font nullfont!
Missing character: There is no ä¸€ in font nullfont!
Missing character: There is no ä¸ª in font nullfont!
Missing character: There is no è°ƒ in font nullfont!
Missing character: There is no èŠ‚ in font nullfont!
Missing character: There is no æ­£ in font nullfont!
Missing character: There is no åˆ™ in font nullfont!
Missing character: There is no åŒ– in font nullfont!
Missing character: There is no é¡¹ in font nullfont!
Missing character: There is no çš„ in font nullfont!
Missing character: There is no ç³» in font nullfont!
Missing character: There is no æ•° in font nullfont!
Missing character: There is no ï¼Œ in font nullfont!
Missing character: There is no å¢ in font nullfont!
Missing character: There is no å¤§ in font nullfont!
Missing character: There is no åˆ™ in font nullfont!
Missing character: There is no å¯¹ in font nullfont!
Missing character: There is no æ­£ in font nullfont!
Missing character: There is no åˆ™ in font nullfont!
Missing character: There is no åŒ– in font nullfont!
Missing character: There is no é¡¹ in font nullfont!
Missing character: There is no çš„ in font nullfont!
Missing character: There is no ä¾ in font nullfont!
Missing character: There is no èµ– in font nullfont!
Missing character: There is no ä¼š in font nullfont!
Missing character: There is no æ›´ in font nullfont!
Missing character: There is no é«˜ in font nullfont!
Missing character: There is no ï¼Œ in font nullfont!
Missing character: There is no ä¸ in font nullfont!
Missing character: There is no å®¹ in font nullfont!
Missing character: There is no æ˜“ in font nullfont!
Missing character: There is no è¿‡ in font nullfont!
Missing character: There is no æ‹Ÿ in font nullfont!
Missing character: There is no åˆ in font nullfont!
Missing character: There is no ï¼Œ in font nullfont!
Missing character: There is no å in font nullfont!
Missing character: There is no ä¹‹ in font nullfont!
Missing character: There is no åˆ™ in font nullfont!
Missing character: There is no å in font nullfont!
Missing character: There is no ä¹‹ in font nullfont!
Missing character: There is no ã€‚ in font nullfont!

Overfull \hbox (20.0pt too wide) in paragraph at lines 12--15
[]
 []


! LaTeX Error: Missing \begin{document}.

See the LaTeX manual or LaTeX Companion for explanation.
Type  H <return>  for immediate help.
 ...                                              
                                                  
l.16 ^^Iåˆ©
           ç”¨weight decayç»™æŸå¤±å‡½æ•°åŠ äº†ä¸ªæƒ©ç½šé¡¹ï¼Œä½¿å¾—åœ¨å¸¸è§...

You're in trouble here.  Try typing  <return>  to proceed.
If that doesn't work, type  X <return>  to quit.

Missing character: There is no åˆ© in font nullfont!
Missing character: There is no ç”¨ in font nullfont!
Missing character: There is no w in font nullfont!
Missing character: There is no e in font nullfont!
Missing character: There is no i in font nullfont!
Missing character: There is no g in font nullfont!
Missing character: There is no h in font nullfont!
Missing character: There is no t in font nullfont!
Missing character: There is no d in font nullfont!
Missing character: There is no e in font nullfont!
Missing character: There is no c in font nullfont!
Missing character: There is no a in font nullfont!
Missing character: There is no y in font nullfont!
Missing character: There is no ç»™ in font nullfont!
Missing character: There is no æŸ in font nullfont!
Missing character: There is no å¤± in font nullfont!
Missing character: There is no å‡½ in font nullfont!
Missing character: There is no æ•° in font nullfont!
Missing character: There is no åŠ  in font nullfont!
Missing character: There is no äº† in font nullfont!
Missing character: There is no ä¸ª in font nullfont!
Missing character: There is no æƒ© in font nullfont!
Missing character: There is no ç½š in font nullfont!
Missing character: There is no é¡¹ in font nullfont!
Missing character: There is no ï¼Œ in font nullfont!
Missing character: There is no ä½¿ in font nullfont!
Missing character: There is no å¾— in font nullfont!
Missing character: There is no åœ¨ in font nullfont!
Missing character: There is no å¸¸ in font nullfont!
Missing character: There is no è§„ in font nullfont!
Missing character: There is no æŸ in font nullfont!
Missing character: There is no å¤± in font nullfont!
Missing character: There is no å‡½ in font nullfont!
Missing character: There is no æ•° in font nullfont!
Missing character: There is no å€¼ in font nullfont!
Missing character: There is no ç›¸ in font nullfont!
Missing character: There is no åŒ in font nullfont!
Missing character: There is no çš„ in font nullfont!
Missing character: There is no æƒ… in font nullfont!
Missing character: There is no å†µ in font nullfont!
Missing character: There is no ä¸‹ in font nullfont!
Missing character: There is no ï¼Œ in font nullfont!
Missing character: There is no å­¦ in font nullfont!
Missing character: There is no ä¹  in font nullfont!
Missing character: There is no ç®— in font nullfont!
Missing character: There is no æ³• in font nullfont!
Missing character: There is no æ›´ in font nullfont!
Missing character: There is no å€¾ in font nullfont!
Missing character: There is no å‘ in font nullfont!
Missing character: There is no äº in font nullfont!
Missing character: There is no é€‰ in font nullfont!
Missing character: There is no æ‹© in font nullfont!
Missing character: There is no æ›´ in font nullfont!
Missing character: There is no ç®€ in font nullfont!
Missing character: There is no å• in font nullfont!
Missing character: There is no ï¼ˆ in font nullfont!
Missing character: There is no å³ in font nullfont!
Missing character: There is no æƒ in font nullfont!
Missing character: There is no å€¼ in font nullfont!
Missing character: There is no å’Œ in font nullfont!
Missing character: There is no æ›´ in font nullfont!
Missing character: There is no å° in font nullfont!
Missing character: There is no ï¼‰ in font nullfont!
Missing character: There is no çš„ in font nullfont!
Missing character: There is no N in font nullfont!
Missing character: There is no N in font nullfont!
Missing character: There is no ã€‚ in font nullfont!
Missing character: There is no æ˜¯ in font nullfont!
Missing character: There is no ä¸€ in font nullfont!
Missing character: There is no ç§ in font nullfont!
Missing character: There is no å‡ in font nullfont!
Missing character: There is no å° in font nullfont!
Missing character: There is no è®­ in font nullfont!
Missing character: There is no ç»ƒ in font nullfont!
Missing character: There is no è¿‡ in font nullfont!
Missing character: There is no æ‹Ÿ in font nullfont!
Missing character: There is no åˆ in font nullfont!
Missing character: There is no çš„ in font nullfont!
Missing character: There is no æ–¹ in font nullfont!
Missing character: There is no æ³• in font nullfont!
Missing character: There is no ã€‚ in font nullfont!

Overfull \hbox (20.0pt too wide) in paragraph at lines 16--17
[]
 []


! LaTeX Error: Missing \begin{document}.

See the LaTeX manual or LaTeX Companion for explanation.
Type  H <return>  for immediate help.
 ...                                              
                                                  
l.18 ^^IW
         eight decay is equivalent to L2 regularizer.
You're in trouble here.  Try typing  <return>  to proceed.
If that doesn't work, type  X <return>  to quit.

Missing character: There is no W in font nullfont!
Missing character: There is no e in font nullfont!
Missing character: There is no i in font nullfont!
Missing character: There is no g in font nullfont!
Missing character: There is no h in font nullfont!
Missing character: There is no t in font nullfont!
Missing character: There is no d in font nullfont!
Missing character: There is no e in font nullfont!
Missing character: There is no c in font nullfont!
Missing character: There is no a in font nullfont!
Missing character: There is no y in font nullfont!
Missing character: There is no i in font nullfont!
Missing character: There is no s in font nullfont!
Missing character: There is no e in font nullfont!
Missing character: There is no q in font nullfont!
Missing character: There is no u in font nullfont!
Missing character: There is no i in font nullfont!
Missing character: There is no v in font nullfont!
Missing character: There is no a in font nullfont!
Missing character: There is no l in font nullfont!
Missing character: There is no e in font nullfont!
Missing character: There is no n in font nullfont!
Missing character: There is no t in font nullfont!
Missing character: There is no t in font nullfont!
Missing character: There is no o in font nullfont!
Missing character: There is no L in font nullfont!
Missing character: There is no 2 in font nullfont!
Missing character: There is no r in font nullfont!
Missing character: There is no e in font nullfont!
Missing character: There is no g in font nullfont!
Missing character: There is no u in font nullfont!
Missing character: There is no l in font nullfont!
Missing character: There is no a in font nullfont!
Missing character: There is no r in font nullfont!
Missing character: There is no i in font nullfont!
Missing character: There is no z in font nullfont!
Missing character: There is no e in font nullfont!
Missing character: There is no r in font nullfont!
Missing character: There is no . in font nullfont!

Overfull \hbox (20.0pt too wide) in paragraph at lines 18--19
[]
 []


! LaTeX Error: Missing \begin{document}.

See the LaTeX manual or LaTeX Companion for explanation.
Type  H <return>  for immediate help.
 ...                                              
                                                  
l.20 ^^Iåœ¨
           è®­ç»ƒç¥ç»ç½‘ç»œçš„æ—¶å€™ï¼Œå¯ä»¥å…ˆè®¾ç½®weight decayä¸º0ï¼Œç...

You're in trouble here.  Try typing  <return>  to proceed.
If that doesn't work, type  X <return>  to quit.

Missing character: There is no åœ¨ in font nullfont!
Missing character: There is no è®­ in font nullfont!
Missing character: There is no ç»ƒ in font nullfont!
Missing character: There is no ç¥ in font nullfont!
Missing character: There is no ç» in font nullfont!
Missing character: There is no ç½‘ in font nullfont!
Missing character: There is no ç»œ in font nullfont!
Missing character: There is no çš„ in font nullfont!
Missing character: There is no æ—¶ in font nullfont!
Missing character: There is no å€™ in font nullfont!
Missing character: There is no ï¼Œ in font nullfont!
Missing character: There is no å¯ in font nullfont!
Missing character: There is no ä»¥ in font nullfont!
Missing character: There is no å…ˆ in font nullfont!
Missing character: There is no è®¾ in font nullfont!
Missing character: There is no ç½® in font nullfont!
Missing character: There is no w in font nullfont!
Missing character: There is no e in font nullfont!
Missing character: There is no i in font nullfont!
Missing character: There is no g in font nullfont!
Missing character: There is no h in font nullfont!
Missing character: There is no t in font nullfont!
Missing character: There is no d in font nullfont!
Missing character: There is no e in font nullfont!
Missing character: There is no c in font nullfont!
Missing character: There is no a in font nullfont!
Missing character: There is no y in font nullfont!
Missing character: There is no ä¸º in font nullfont!
Missing character: There is no 0 in font nullfont!
Missing character: There is no ï¼Œ in font nullfont!
Missing character: There is no ç„¶ in font nullfont!
Missing character: There is no å in font nullfont!
Missing character: There is no ä½¿ in font nullfont!
Missing character: There is no ç½‘ in font nullfont!
Missing character: There is no ç»œ in font nullfont!
Missing character: There is no è¿‡ in font nullfont!
Missing character: There is no æ‹Ÿ in font nullfont!
Missing character: There is no åˆ in font nullfont!
Missing character: There is no ï¼Œ in font nullfont!
Missing character: There is no æŸ¥ in font nullfont!
Missing character: There is no çœ‹ in font nullfont!
Missing character: There is no æµ‹ in font nullfont!
Missing character: There is no è¯• in font nullfont!
Missing character: There is no ç»“ in font nullfont!
Missing character: There is no æœ in font nullfont!
Missing character: There is no ã€‚ in font nullfont!
Missing character: There is no ç»“ in font nullfont!
Missing character: There is no æœ in font nullfont!
Missing character: There is no æ­£ in font nullfont!
Missing character: There is no ç¡® in font nullfont!
Missing character: There is no å in font nullfont!
Missing character: There is no ï¼Œ in font nullfont!
Missing character: There is no è®¾ in font nullfont!
Missing character: There is no ç½® in font nullfont!
Missing character: There is no w in font nullfont!
Missing character: There is no e in font nullfont!
Missing character: There is no i in font nullfont!
Missing character: There is no g in font nullfont!
Missing character: There is no h in font nullfont!
Missing character: There is no t in font nullfont!
Missing character: There is no d in font nullfont!
Missing character: There is no e in font nullfont!
Missing character: There is no c in font nullfont!
Missing character: There is no a in font nullfont!
Missing character: There is no y in font nullfont!
Missing character: There is no ä¸º in font nullfont!
Missing character: There is no å¤§ in font nullfont!
Missing character: There is no ä¸€ in font nullfont!
Missing character: There is no ç‚¹ in font nullfont!
Missing character: There is no çš„ in font nullfont!
Missing character: There is no å€¼ in font nullfont!
Missing character: There is no ï¼Œ in font nullfont!
Missing character: There is no å³ in font nullfont!
Missing character: There is no åŠ  in font nullfont!
Missing character: There is no å…¥ in font nullfont!
Missing character: There is no æ­£ in font nullfont!
Missing character: There is no åˆ™ in font nullfont!
Missing character: There is no åŒ– in font nullfont!
Missing character: There is no é¡¹ in font nullfont!
Missing character: There is no ï¼Œ in font nullfont!
Missing character: There is no è¿™ in font nullfont!
Missing character: There is no æ · in font nullfont!
Missing character: There is no å¯ in font nullfont!
Missing character: There is no ä»¥ in font nullfont!
Missing character: There is no é˜² in font nullfont!
Missing character: There is no æ­¢ in font nullfont!
Missing character: There is no è¿‡ in font nullfont!
Missing character: There is no æ‹Ÿ in font nullfont!
Missing character: There is no åˆ in font nullfont!
Missing character: There is no ç° in font nullfont!
Missing character: There is no è±¡ in font nullfont!
Missing character: There is no ã€‚ in font nullfont!
Missing character: There is no å…· in font nullfont!
Missing character: There is no ä½“ in font nullfont!
Missing character: There is no å¤§ in font nullfont!
Missing character: There is no å° in font nullfont!
Missing character: There is no éœ€ in font nullfont!
Missing character: There is no è¦ in font nullfont!
Missing character: There is no åœ¨ in font nullfont!
Missing character: There is no ç½‘ in font nullfont!
Missing character: There is no ç»œ in font nullfont!
Missing character: There is no ä¸­ in font nullfont!
Missing character: There is no è°ƒ in font nullfont!
Missing character: There is no è¯• in font nullfont!
Missing character: There is no ã€‚ in font nullfont!

Overfull \hbox (20.0pt too wide) in paragraph at lines 20--21
[]
 []


! LaTeX Error: Missing \begin{document}.

See the LaTeX manual or LaTeX Companion for explanation.
Type  H <return>  for immediate help.
 ...                                              
                                                  
l.22 ^^Ié‡
           åˆ°çš„é—®é¢˜ï¼šåœ¨è®­ç»ƒU-netçš„æ—¶å€™ï¼Œå‡ºç°è®­ç»ƒç»“æœå…¨æ˜¯...

You're in trouble here.  Try typing  <return>  to proceed.
If that doesn't work, type  X <return>  to quit.

Missing character: There is no é‡ in font nullfont!
Missing character: There is no åˆ° in font nullfont!
Missing character: There is no çš„ in font nullfont!
Missing character: There is no é—® in font nullfont!
Missing character: There is no é¢˜ in font nullfont!
Missing character: There is no ï¼š in font nullfont!
Missing character: There is no åœ¨ in font nullfont!
Missing character: There is no è®­ in font nullfont!
Missing character: There is no ç»ƒ in font nullfont!
Missing character: There is no U in font nullfont!
Missing character: There is no - in font nullfont!
Missing character: There is no n in font nullfont!
Missing character: There is no e in font nullfont!
Missing character: There is no t in font nullfont!
Missing character: There is no çš„ in font nullfont!
Missing character: There is no æ—¶ in font nullfont!
Missing character: There is no å€™ in font nullfont!
Missing character: There is no ï¼Œ in font nullfont!
Missing character: There is no å‡º in font nullfont!
Missing character: There is no ç° in font nullfont!
Missing character: There is no è®­ in font nullfont!
Missing character: There is no ç»ƒ in font nullfont!
Missing character: There is no ç»“ in font nullfont!
Missing character: There is no æœ in font nullfont!
Missing character: There is no å…¨ in font nullfont!
Missing character: There is no æ˜¯ in font nullfont!
Missing character: There is no é»‘ in font nullfont!
Missing character: There is no å›¾ in font nullfont!
Missing character: There is no çš„ in font nullfont!
Missing character: There is no æƒ… in font nullfont!
Missing character: There is no å†µ in font nullfont!
Missing character: There is no ã€‚ in font nullfont!
Missing character: There is no åŸ in font nullfont!
Missing character: There is no å›  in font nullfont!
Missing character: There is no æ˜¯ in font nullfont!
Missing character: There is no w in font nullfont!
Missing character: There is no e in font nullfont!
Missing character: There is no i in font nullfont!
Missing character: There is no g in font nullfont!
Missing character: There is no h in font nullfont!
Missing character: There is no t in font nullfont!
Missing character: There is no d in font nullfont!
Missing character: There is no e in font nullfont!
Missing character: There is no c in font nullfont!
Missing character: There is no a in font nullfont!
Missing character: There is no y in font nullfont!
Missing character: There is no è®¾ in font nullfont!
Missing character: There is no ç½® in font nullfont!
Missing character: There is no è¿‡ in font nullfont!
Missing character: There is no å¤§ in font nullfont!
Missing character: There is no ï¼Œ in font nullfont!
Missing character: There is no å¯¼ in font nullfont!
Missing character: There is no è‡´ in font nullfont!
Missing character: There is no ç½‘ in font nullfont!
Missing character: There is no ç»œ in font nullfont!
Missing character: There is no ç»“ in font nullfont!
Missing character: There is no æœ in font nullfont!
Missing character: There is no æ²¡ in font nullfont!
Missing character: There is no æœ‰ in font nullfont!
Missing character: There is no è¿‡ in font nullfont!
Missing character: There is no æ‹Ÿ in font nullfont!
Missing character: There is no åˆ in font nullfont!
Missing character: There is no ã€‚ in font nullfont!
Missing character: There is no è§£ in font nullfont!
Missing character: There is no å†³ in font nullfont!
Missing character: There is no æ–¹ in font nullfont!
Missing character: There is no æ¡ˆ in font nullfont!
Missing character: There is no ï¼š in font nullfont!
Missing character: There is no è®¾ in font nullfont!
Missing character: There is no ç½® in font nullfont!
Missing character: There is no w in font nullfont!
Missing character: There is no e in font nullfont!
Missing character: There is no i in font nullfont!
Missing character: There is no g in font nullfont!
Missing character: There is no h in font nullfont!
Missing character: There is no t in font nullfont!
Missing character: There is no d in font nullfont!
Missing character: There is no e in font nullfont!
Missing character: There is no c in font nullfont!
Missing character: There is no a in font nullfont!
Missing character: There is no y in font nullfont!
Missing character: There is no ä¸º in font nullfont!
Missing character: There is no æ›´ in font nullfont!
Missing character: There is no å° in font nullfont!
Missing character: There is no çš„ in font nullfont!
Missing character: There is no å€¼ in font nullfont!
Missing character: There is no ã€‚ in font nullfont!

Overfull \hbox (20.0pt too wide) in paragraph at lines 22--23
[]
 []

! Undefined control sequence.
l.25 \section
             {momentum}
The control sequence at the end of the top line
of your error message was never \def'ed. If you have
misspelled it (e.g., `\hobx'), type `I' and the correct
spelling (e.g., `I\hbox'). Otherwise just continue,
and I'll forget about whatever was undefined.


! LaTeX Error: Missing \begin{document}.

See the LaTeX manual or LaTeX Companion for explanation.
Type  H <return>  for immediate help.
 ...                                              
                                                  
l.25 \section{m
               omentum}
You're in trouble here.  Try typing  <return>  to proceed.
If that doesn't work, type  X <return>  to quit.

Missing character: There is no m in font nullfont!
Missing character: There is no o in font nullfont!
Missing character: There is no m in font nullfont!
Missing character: There is no e in font nullfont!
Missing character: There is no n in font nullfont!
Missing character: There is no t in font nullfont!
Missing character: There is no u in font nullfont!
Missing character: There is no m in font nullfont!
Missing character: There is no m in font nullfont!
Missing character: There is no o in font nullfont!
Missing character: There is no m in font nullfont!
Missing character: There is no e in font nullfont!
Missing character: There is no n in font nullfont!
Missing character: There is no t in font nullfont!
Missing character: There is no u in font nullfont!
Missing character: There is no m in font nullfont!
Missing character: There is no æ˜¯ in font nullfont!
Missing character: There is no æ¢¯ in font nullfont!
Missing character: There is no åº¦ in font nullfont!
Missing character: There is no ä¸‹ in font nullfont!
Missing character: There is no é™ in font nullfont!
Missing character: There is no æ³• in font nullfont!
Missing character: There is no ä¸­ in font nullfont!
Missing character: There is no ä¸€ in font nullfont!
Missing character: There is no ç§ in font nullfont!
Missing character: There is no å¸¸ in font nullfont!
Missing character: There is no ç”¨ in font nullfont!
Missing character: There is no çš„ in font nullfont!
Missing character: There is no åŠ  in font nullfont!
Missing character: There is no é€Ÿ in font nullfont!
Missing character: There is no æŠ€ in font nullfont!
Missing character: There is no æœ¯ in font nullfont!
Missing character: There is no ã€‚ in font nullfont!
Missing character: There is no å¯¹ in font nullfont!
Missing character: There is no äº in font nullfont!
Missing character: There is no ä¸€ in font nullfont!
Missing character: There is no èˆ¬ in font nullfont!
Missing character: There is no çš„ in font nullfont!
Missing character: There is no S in font nullfont!
Missing character: There is no G in font nullfont!
Missing character: There is no D in font nullfont!
Missing character: There is no ï¼Œ in font nullfont!
Missing character: There is no å…¶ in font nullfont!
Missing character: There is no è¡¨ in font nullfont!
Missing character: There is no è¾¾ in font nullfont!
Missing character: There is no å¼ in font nullfont!
Missing character: There is no ä¸º in font nullfont!
LaTeX Font Info:    External font `cmex10' loaded for size
(Font)              <7> on input line 26.
LaTeX Font Info:    External font `cmex10' loaded for size
(Font)              <5> on input line 26.
Missing character: There is no , in font nullfont!
Missing character: There is no x in font nullfont!
Missing character: There is no æ²¿ in font nullfont!
Missing character: There is no è´Ÿ in font nullfont!
Missing character: There is no æ¢¯ in font nullfont!
Missing character: There is no åº¦ in font nullfont!
Missing character: There is no ä¸‹ in font nullfont!
Missing character: There is no é™ in font nullfont!
Missing character: There is no ã€‚ in font nullfont!
Missing character: There is no è€Œ in font nullfont!
Missing character: There is no å¸¦ in font nullfont!
Missing character: There is no m in font nullfont!
Missing character: There is no o in font nullfont!
Missing character: There is no m in font nullfont!
Missing character: There is no e in font nullfont!
Missing character: There is no n in font nullfont!
Missing character: There is no t in font nullfont!
Missing character: There is no u in font nullfont!
Missing character: There is no m in font nullfont!
Missing character: There is no é¡¹ in font nullfont!
Missing character: There is no çš„ in font nullfont!
Missing character: There is no S in font nullfont!
Missing character: There is no G in font nullfont!
Missing character: There is no D in font nullfont!
Missing character: There is no åˆ™ in font nullfont!
Missing character: There is no å†™ in font nullfont!
Missing character: There is no ç”Ÿ in font nullfont!
Missing character: There is no å¦‚ in font nullfont!
Missing character: There is no ä¸‹ in font nullfont!
Missing character: There is no å½¢ in font nullfont!
Missing character: There is no å¼ in font nullfont!
Missing character: There is no ï¼š in font nullfont!
Missing character: There is no , in font nullfont!
Missing character: There is no , in font nullfont!
Missing character: There is no å…¶ in font nullfont!
Missing character: There is no ä¸­ in font nullfont!
Missing character: There is no æ˜¯ in font nullfont!
Missing character: There is no m in font nullfont!
Missing character: There is no o in font nullfont!
Missing character: There is no m in font nullfont!
Missing character: There is no e in font nullfont!
Missing character: There is no n in font nullfont!
Missing character: There is no t in font nullfont!
Missing character: There is no u in font nullfont!
Missing character: There is no m in font nullfont!
Missing character: There is no ç³» in font nullfont!
Missing character: There is no æ•° in font nullfont!
Missing character: There is no ï¼Œ in font nullfont!
Missing character: There is no é€š in font nullfont!
Missing character: There is no ä¿— in font nullfont!
Missing character: There is no çš„ in font nullfont!
Missing character: There is no ç† in font nullfont!
Missing character: There is no è§£ in font nullfont!
Missing character: There is no ä¸Š in font nullfont!
Missing character: There is no é¢ in font nullfont!
Missing character: There is no å¼ in font nullfont!
Missing character: There is no å­ in font nullfont!
Missing character: There is no å°± in font nullfont!
Missing character: There is no æ˜¯ in font nullfont!
Missing character: There is no ï¼Œ in font nullfont!
Missing character: There is no å¦‚ in font nullfont!
Missing character: There is no æœ in font nullfont!
Missing character: There is no ä¸Š in font nullfont!
Missing character: There is no ä¸€ in font nullfont!
Missing character: There is no æ¬¡ in font nullfont!
Missing character: There is no çš„ in font nullfont!
Missing character: There is no m in font nullfont!
Missing character: There is no o in font nullfont!
Missing character: There is no m in font nullfont!
Missing character: There is no e in font nullfont!
Missing character: There is no n in font nullfont!
Missing character: There is no t in font nullfont!
Missing character: There is no u in font nullfont!
Missing character: There is no m in font nullfont!
Missing character: There is no ï¼ˆ in font nullfont!
Missing character: There is no å³ in font nullfont!
Missing character: There is no v in font nullfont!
Missing character: There is no ï¼‰ in font nullfont!
Missing character: There is no ä¸ in font nullfont!
Missing character: There is no è¿™ in font nullfont!
Missing character: There is no ä¸€ in font nullfont!
Missing character: There is no æ¬¡ in font nullfont!
Missing character: There is no çš„ in font nullfont!
Missing character: There is no è´Ÿ in font nullfont!
Missing character: There is no æ¢¯ in font nullfont!
Missing character: There is no åº¦ in font nullfont!
Missing character: There is no æ–¹ in font nullfont!
Missing character: There is no å‘ in font nullfont!
Missing character: There is no æ˜¯ in font nullfont!
Missing character: There is no ç›¸ in font nullfont!
Missing character: There is no åŒ in font nullfont!
Missing character: There is no çš„ in font nullfont!
Missing character: There is no ï¼Œ in font nullfont!
Missing character: There is no é‚£ in font nullfont!
Missing character: There is no è¿™ in font nullfont!
Missing character: There is no æ¬¡ in font nullfont!
Missing character: There is no ä¸‹ in font nullfont!
Missing character: There is no é™ in font nullfont!
Missing character: There is no çš„ in font nullfont!
Missing character: There is no å¹… in font nullfont!
Missing character: There is no åº¦ in font nullfont!
Missing character: There is no å°± in font nullfont!
Missing character: There is no ä¼š in font nullfont!
Missing character: There is no åŠ  in font nullfont!
Missing character: There is no å¤§ in font nullfont!
Missing character: There is no ï¼Œ in font nullfont!
Missing character: There is no æ‰€ in font nullfont!
Missing character: There is no ä»¥ in font nullfont!
Missing character: There is no è¿™ in font nullfont!
Missing character: There is no æ · in font nullfont!
Missing character: There is no åš in font nullfont!
Missing character: There is no èƒ½ in font nullfont!
Missing character: There is no å¤Ÿ in font nullfont!
Missing character: There is no è¾¾ in font nullfont!
Missing character: There is no åˆ° in font nullfont!
Missing character: There is no åŠ  in font nullfont!
Missing character: There is no é€Ÿ in font nullfont!
Missing character: There is no æ”¶ in font nullfont!
Missing character: There is no æ•› in font nullfont!
Missing character: There is no çš„ in font nullfont!
Missing character: There is no è¿‡ in font nullfont!
Missing character: There is no ç¨‹ in font nullfont!
Missing character: There is no ã€‚ in font nullfont!

Overfull \hbox (20.0pt too wide) in paragraph at lines 25--27
[]
 []


Overfull \hbox (21.28464pt too wide) in paragraph at lines 25--27
\OML/cmm/b/it/10 x \OMS/cmsy/b/n/10  
 []


Overfull \hbox (15.53467pt too wide) in paragraph at lines 25--27
\OML/cmm/b/it/10 x \OMS/cmsy/b/n/10 ^^@
 []


Overfull \hbox (13.35641pt too wide) in paragraph at lines 25--27
\OML/cmm/b/it/10 ^^K \OMS/cmsy/b/n/10 ^^C
 []


Overfull \hbox (30.8633pt too wide) in paragraph at lines 25--27
\OML/cmm/b/it/10 dx$$v \OT1/cmr/bx/n/10 =
 []


Overfull \hbox (12.68744pt too wide) in paragraph at lines 25--27
\OML/cmm/b/it/10 ^^L \OMS/cmsy/b/n/10 ^^C
 []


Overfull \hbox (14.9814pt too wide) in paragraph at lines 25--27
\OML/cmm/b/it/10 v \OMS/cmsy/b/n/10 ^^@
 []


Overfull \hbox (12.07864pt too wide) in paragraph at lines 25--27
\OML/cmm/b/it/10 a \OMS/cmsy/b/n/10 ^^C
 []


Overfull \hbox (33.9721pt too wide) in paragraph at lines 25--27
\OML/cmm/b/it/10 dx$$x \OMS/cmsy/b/n/10  
 []


Overfull \hbox (15.53467pt too wide) in paragraph at lines 25--27
\OML/cmm/b/it/10 x \OT1/cmr/bx/n/10 +
 []


Overfull \hbox (12.97447pt too wide) in paragraph at lines 25--27
\OML/cmm/b/it/10 v$$^^L$ 
 []


! LaTeX Error: Missing \begin{document}.

See the LaTeX manual or LaTeX Companion for explanation.
Type  H <return>  for immediate help.
 ...                                              
                                                  
l.28 ^^Iç¥
           ç»ç½‘ç»œçš„è®­ç»ƒè¿‡ç¨‹ï¼ˆä¹Ÿå°±æ˜¯æ¢¯åº¦ä¸‹é™æ³•ï¼‰æ˜¯åœ¨é«˜ç»...

You're in trouble here.  Try typing  <return>  to proceed.
If that doesn't work, type  X <return>  to quit.

Missing character: There is no ç¥ in font nullfont!
Missing character: There is no ç» in font nullfont!
Missing character: There is no ç½‘ in font nullfont!
Missing character: There is no ç»œ in font nullfont!
Missing character: There is no çš„ in font nullfont!
Missing character: There is no è®­ in font nullfont!
Missing character: There is no ç»ƒ in font nullfont!
Missing character: There is no è¿‡ in font nullfont!
Missing character: There is no ç¨‹ in font nullfont!
Missing character: There is no ï¼ˆ in font nullfont!
Missing character: There is no ä¹Ÿ in font nullfont!
Missing character: There is no å°± in font nullfont!
Missing character: There is no æ˜¯ in font nullfont!
Missing character: There is no æ¢¯ in font nullfont!
Missing character: There is no åº¦ in font nullfont!
Missing character: There is no ä¸‹ in font nullfont!
Missing character: There is no é™ in font nullfont!
Missing character: There is no æ³• in font nullfont!
Missing character: There is no ï¼‰ in font nullfont!
Missing character: There is no æ˜¯ in font nullfont!
Missing character: There is no åœ¨ in font nullfont!
Missing character: There is no é«˜ in font nullfont!
Missing character: There is no ç»´ in font nullfont!
Missing character: There is no æ›² in font nullfont!
Missing character: There is no é¢ in font nullfont!
Missing character: There is no ä¸Š in font nullfont!
Missing character: There is no å¯» in font nullfont!
Missing character: There is no æ‰¾ in font nullfont!
Missing character: There is no å…¨ in font nullfont!
Missing character: There is no å±€ in font nullfont!
Missing character: There is no æœ€ in font nullfont!
Missing character: There is no ä¼˜ in font nullfont!
Missing character: There is no è§£ in font nullfont!
Missing character: There is no çš„ in font nullfont!
Missing character: There is no è¿‡ in font nullfont!
Missing character: There is no ç¨‹ in font nullfont!
Missing character: There is no ï¼ˆ in font nullfont!
Missing character: There is no ä¹Ÿ in font nullfont!
Missing character: There is no å°± in font nullfont!
Missing character: There is no æ˜¯ in font nullfont!
Missing character: There is no å¯» in font nullfont!
Missing character: There is no æ‰¾ in font nullfont!
Missing character: There is no æ³¢ in font nullfont!
Missing character: There is no è°· in font nullfont!
Missing character: There is no ï¼‰ in font nullfont!
Missing character: There is no ï¼Œ in font nullfont!
Missing character: There is no æ¯ in font nullfont!
Missing character: There is no ç» in font nullfont!
Missing character: There is no è¿‡ in font nullfont!
Missing character: There is no ä¸€ in font nullfont!
Missing character: There is no æ¬¡ in font nullfont!
Missing character: There is no è®­ in font nullfont!
Missing character: There is no ç»ƒ in font nullfont!
Missing character: There is no e in font nullfont!
Missing character: There is no p in font nullfont!
Missing character: There is no o in font nullfont!
Missing character: There is no c in font nullfont!
Missing character: There is no h in font nullfont!
Missing character: There is no ï¼Œ in font nullfont!
Missing character: There is no æœ in font nullfont!
Missing character: There is no å¯» in font nullfont!
Missing character: There is no ç‚¹ in font nullfont!
Missing character: There is no åº” in font nullfont!
Missing character: There is no è¯¥ in font nullfont!
Missing character: There is no æ›´ in font nullfont!
Missing character: There is no åŠ  in font nullfont!
Missing character: There is no é  in font nullfont!
Missing character: There is no è¿‘ in font nullfont!
Missing character: There is no æœ€ in font nullfont!
Missing character: There is no ä¼˜ in font nullfont!
Missing character: There is no ç‚¹ in font nullfont!
Missing character: There is no æ‰€ in font nullfont!
Missing character: There is no åœ¨ in font nullfont!
Missing character: There is no çš„ in font nullfont!
Missing character: There is no åŒº in font nullfont!
Missing character: There is no åŸŸ in font nullfont!
Missing character: There is no èŒƒ in font nullfont!
Missing character: There is no å›´ in font nullfont!
Missing character: There is no ï¼Œ in font nullfont!
Missing character: There is no è¿™ in font nullfont!
Missing character: There is no æ—¶ in font nullfont!
Missing character: There is no è¿› in font nullfont!
Missing character: There is no è¡Œ in font nullfont!
Missing character: There is no æƒ in font nullfont!
Missing character: There is no é‡ in font nullfont!
Missing character: There is no è¡° in font nullfont!
Missing character: There is no å‡ in font nullfont!
Missing character: There is no ä¾¿ in font nullfont!
Missing character: There is no æœ‰ in font nullfont!
Missing character: There is no åˆ© in font nullfont!
Missing character: There is no äº in font nullfont!
Missing character: There is no å°† in font nullfont!
Missing character: There is no æœ in font nullfont!
Missing character: There is no å¯» in font nullfont!
Missing character: There is no èŒƒ in font nullfont!
Missing character: There is no å›´ in font nullfont!
Missing character: There is no é™ in font nullfont!
Missing character: There is no åˆ¶ in font nullfont!
Missing character: There is no åœ¨ in font nullfont!
Missing character: There is no è¯¥ in font nullfont!
Missing character: There is no èŒƒ in font nullfont!
Missing character: There is no å›´ in font nullfont!
Missing character: There is no å†… in font nullfont!
Missing character: There is no ï¼Œ in font nullfont!
Missing character: There is no è€Œ in font nullfont!
Missing character: There is no ä¸ in font nullfont!
Missing character: There is no è‡³ in font nullfont!
Missing character: There is no äº in font nullfont!
Missing character: There is no è·³ in font nullfont!
Missing character: There is no å‡º in font nullfont!
Missing character: There is no è¿™ in font nullfont!
Missing character: There is no ä¸ª in font nullfont!
Missing character: There is no æœ in font nullfont!
Missing character: There is no ç´¢ in font nullfont!
Missing character: There is no åœˆ in font nullfont!
Missing character: There is no ï¼Œ in font nullfont!
Missing character: There is no å in font nullfont!
Missing character: There is no å¤ in font nullfont!
Missing character: There is no è¿› in font nullfont!
Missing character: There is no è¡Œ in font nullfont!
Missing character: There is no æƒ in font nullfont!
Missing character: There is no é‡ in font nullfont!
Missing character: There is no è¡° in font nullfont!
Missing character: There is no å‡ in font nullfont!
Missing character: There is no ä¾¿ in font nullfont!
Missing character: There is no é€ in font nullfont!
Missing character: There is no æ¸ in font nullfont!
Missing character: There is no ç¼© in font nullfont!
Missing character: There is no å° in font nullfont!
Missing character: There is no æœ in font nullfont!
Missing character: There is no ç´¢ in font nullfont!
Missing character: There is no èŒƒ in font nullfont!
Missing character: There is no å›´ in font nullfont!
Missing character: There is no ï¼Œ in font nullfont!
Missing character: There is no æœ€ in font nullfont!
Missing character: There is no ç»ˆ in font nullfont!
Missing character: There is no æ‰¾ in font nullfont!
Missing character: There is no åˆ° in font nullfont!
Missing character: There is no å…¨ in font nullfont!
Missing character: There is no å±€ in font nullfont!
Missing character: There is no æœ€ in font nullfont!
Missing character: There is no ä¼˜ in font nullfont!
Missing character: There is no è§£ in font nullfont!
Missing character: There is no å¯¹ in font nullfont!
Missing character: There is no åº” in font nullfont!
Missing character: There is no çš„ in font nullfont!
Missing character: There is no ç‚¹ in font nullfont!
Missing character: There is no ï¼Œ in font nullfont!
Missing character: There is no ç½‘ in font nullfont!
Missing character: There is no ç»œ in font nullfont!
Missing character: There is no æ”¶ in font nullfont!
Missing character: There is no æ•› in font nullfont!
Missing character: There is no ã€‚ in font nullfont!
Missing character: There is no m in font nullfont!
Missing character: There is no o in font nullfont!
Missing character: There is no m in font nullfont!
Missing character: There is no e in font nullfont!
Missing character: There is no n in font nullfont!
Missing character: There is no t in font nullfont!
Missing character: There is no u in font nullfont!
Missing character: There is no m in font nullfont!
Missing character: There is no æ˜¯ in font nullfont!
Missing character: There is no å†² in font nullfont!
Missing character: There is no é‡ in font nullfont!
Missing character: There is no å• in font nullfont!
Missing character: There is no å…ƒ in font nullfont!
Missing character: There is no ï¼Œ in font nullfont!
Missing character: There is no ä¹Ÿ in font nullfont!
Missing character: There is no å°± in font nullfont!
Missing character: There is no æ˜¯ in font nullfont!
Missing character: There is no ä¸‹ in font nullfont!
Missing character: There is no å¼ in font nullfont!
Missing character: There is no ä¸­ in font nullfont!
Missing character: There is no çš„ in font nullfont!
Missing character: There is no m in font nullfont!
Missing character: There is no ï¼Œ in font nullfont!
Missing character: There is no ä½œ in font nullfont!
Missing character: There is no ç”¨ in font nullfont!
Missing character: There is no æ˜¯ in font nullfont!
Missing character: There is no æœ‰ in font nullfont!
Missing character: There is no åŠ© in font nullfont!
Missing character: There is no äº in font nullfont!
Missing character: There is no è®­ in font nullfont!
Missing character: There is no ç»ƒ in font nullfont!
Missing character: There is no è¿‡ in font nullfont!
Missing character: There is no ç¨‹ in font nullfont!
Missing character: There is no ä¸­ in font nullfont!
Missing character: There is no é€ƒ in font nullfont!
Missing character: There is no ç¦» in font nullfont!
Missing character: There is no å±€ in font nullfont!
Missing character: There is no éƒ¨ in font nullfont!
Missing character: There is no æœ€ in font nullfont!
Missing character: There is no å° in font nullfont!
Missing character: There is no å€¼ in font nullfont!
Missing character: There is no ï¼Œ in font nullfont!
Missing character: There is no ä½¿ in font nullfont!
Missing character: There is no ç½‘ in font nullfont!
Missing character: There is no ç»œ in font nullfont!
Missing character: There is no èƒ½ in font nullfont!
Missing character: There is no å¤Ÿ in font nullfont!
Missing character: There is no æ›´ in font nullfont!
Missing character: There is no å¿« in font nullfont!
Missing character: There is no é€Ÿ in font nullfont!
Missing character: There is no åœ° in font nullfont!
Missing character: There is no æ”¶ in font nullfont!
Missing character: There is no æ•› in font nullfont!
Missing character: There is no ï¼Œ in font nullfont!
Missing character: There is no ä¹Ÿ in font nullfont!
Missing character: There is no æ˜¯ in font nullfont!
Missing character: There is no éœ€ in font nullfont!
Missing character: There is no è¦ in font nullfont!
Missing character: There is no ç» in font nullfont!
Missing character: There is no è¿‡ in font nullfont!
Missing character: There is no å in font nullfont!
Missing character: There is no å¤ in font nullfont!
Missing character: There is no åœ° in font nullfont!
Missing character: There is no t in font nullfont!
Missing character: There is no r in font nullfont!
Missing character: There is no i in font nullfont!
Missing character: There is no a in font nullfont!
Missing character: There is no l in font nullfont!
Missing character: There is no a in font nullfont!
Missing character: There is no n in font nullfont!
Missing character: There is no d in font nullfont!
Missing character: There is no e in font nullfont!
Missing character: There is no r in font nullfont!
Missing character: There is no r in font nullfont!
Missing character: There is no o in font nullfont!
Missing character: There is no r in font nullfont!
Missing character: There is no è· in font nullfont!
Missing character: There is no å¾— in font nullfont!
Missing character: There is no çš„ in font nullfont!
Missing character: There is no ç» in font nullfont!
Missing character: There is no éªŒ in font nullfont!
Missing character: There is no å€¼ in font nullfont!

Overfull \hbox (20.0pt too wide) in paragraph at lines 28--29
[]
 []


! LaTeX Error: Missing \begin{document}.

See the LaTeX manual or LaTeX Companion for explanation.
Type  H <return>  for immediate help.
 ...                                              
                                                  
l.30 ^^Iä¸»
           è¦ä½œç”¨ï¼šé˜²æ­¢é™·å…¥å±€éƒ¨æœ€å°å€¼
You're in trouble here.  Try typing  <return>  to proceed.
If that doesn't work, type  X <return>  to quit.

Missing character: There is no ä¸» in font nullfont!
Missing character: There is no è¦ in font nullfont!
Missing character: There is no ä½œ in font nullfont!
Missing character: There is no ç”¨ in font nullfont!
Missing character: There is no ï¼š in font nullfont!
Missing character: There is no é˜² in font nullfont!
Missing character: There is no æ­¢ in font nullfont!
Missing character: There is no é™· in font nullfont!
Missing character: There is no å…¥ in font nullfont!
Missing character: There is no å±€ in font nullfont!
Missing character: There is no éƒ¨ in font nullfont!
Missing character: There is no æœ€ in font nullfont!
Missing character: There is no å° in font nullfont!
Missing character: There is no å€¼ in font nullfont!

Overfull \hbox (20.0pt too wide) in paragraph at lines 30--31
[] 
 []

)
! Emergency stop.
<*> chap3_deep_learing.tex
                          
*** (job aborted, no legal \end found)

 
Here is how much of TeX's memory you used:
 24 strings out of 493638
 297 string characters out of 6146796
 54571 words of memory out of 5000000
 3516 multiletter control sequences out of 15000+600000
 6397 words of font info for 23 fonts, out of 8000000 for 9000
 1328 hyphenation exceptions out of 8191
 18i,1n,12p,267b,65s stack positions out of 5000i,500n,10000p,200000b,80000s
No pages of output.
