This is XeTeX, Version 3.14159265-2.6-0.99992 (TeX Live 2015/Debian) (preloaded format=xelatex 2017.8.23)  11 OCT 2017 11:12
entering extended mode
 restricted \write18 enabled.
 %&-line parsing enabled.
**chap2_LR.tex
(./chap2_LR.tex
LaTeX2e <2016/02/01>
Babel <3.9q> and hyphenation patterns for 81 language(s) loaded.
! Undefined control sequence.
l.1 \chapter
            {Logistic Regression}
The control sequence at the end of the top line
of your error message was never \def'ed. If you have
misspelled it (e.g., `\hobx'), type `I' and the correct
spelling (e.g., `I\hbox'). Otherwise just continue,
and I'll forget about whatever was undefined.


! LaTeX Error: Missing \begin{document}.

See the LaTeX manual or LaTeX Companion for explanation.
Type  H <return>  for immediate help.
 ...                                              
                                                  
l.1 \chapter{L
              ogistic Regression}
You're in trouble here.  Try typing  <return>  to proceed.
If that doesn't work, type  X <return>  to quit.

Missing character: There is no L in font nullfont!
Missing character: There is no o in font nullfont!
Missing character: There is no g in font nullfont!
Missing character: There is no i in font nullfont!
Missing character: There is no s in font nullfont!
Missing character: There is no t in font nullfont!
Missing character: There is no i in font nullfont!
Missing character: There is no c in font nullfont!
Missing character: There is no R in font nullfont!
Missing character: There is no e in font nullfont!
Missing character: There is no g in font nullfont!
Missing character: There is no r in font nullfont!
Missing character: There is no e in font nullfont!
Missing character: There is no s in font nullfont!
Missing character: There is no s in font nullfont!
Missing character: There is no i in font nullfont!
Missing character: There is no o in font nullfont!
Missing character: There is no n in font nullfont!

Overfull \hbox (20.0pt too wide) in paragraph at lines 1--2
[]
 []

! Undefined control sequence.
l.3 \section
            *{Introduction}
The control sequence at the end of the top line
of your error message was never \def'ed. If you have
misspelled it (e.g., `\hobx'), type `I' and the correct
spelling (e.g., `I\hbox'). Otherwise just continue,
and I'll forget about whatever was undefined.


! LaTeX Error: Missing \begin{document}.

See the LaTeX manual or LaTeX Companion for explanation.
Type  H <return>  for immediate help.
 ...                                              
                                                  
l.3 \section*
             {Introduction}
You're in trouble here.  Try typing  <return>  to proceed.
If that doesn't work, type  X <return>  to quit.

Missing character: There is no * in font nullfont!
Missing character: There is no I in font nullfont!
Missing character: There is no n in font nullfont!
Missing character: There is no t in font nullfont!
Missing character: There is no r in font nullfont!
Missing character: There is no o in font nullfont!
Missing character: There is no d in font nullfont!
Missing character: There is no u in font nullfont!
Missing character: There is no c in font nullfont!
Missing character: There is no t in font nullfont!
Missing character: There is no i in font nullfont!
Missing character: There is no o in font nullfont!
Missing character: There is no n in font nullfont!
Missing character: There is no æœ¬ in font nullfont!
Missing character: There is no ç«  in font nullfont!
Missing character: There is no å†… in font nullfont!
Missing character: There is no å®¹ in font nullfont!
Missing character: There is no ä¸» in font nullfont!
Missing character: There is no è¦ in font nullfont!
Missing character: There is no æ¥ in font nullfont!
Missing character: There is no è‡ª in font nullfont!
Missing character: There is no äº in font nullfont!
Missing character: There is no ä¸ª in font nullfont!
Missing character: There is no äºº in font nullfont!
Missing character: There is no Y in font nullfont!
Missing character: There is no Y in font nullfont!

Overfull \hbox (20.0pt too wide) in paragraph at lines 3--5
[]
 []

! Undefined control sequence.
l.6 \section
            {Sigmoidå‡½æ•°}
The control sequence at the end of the top line
of your error message was never \def'ed. If you have
misspelled it (e.g., `\hobx'), type `I' and the correct
spelling (e.g., `I\hbox'). Otherwise just continue,
and I'll forget about whatever was undefined.


! LaTeX Error: Missing \begin{document}.

See the LaTeX manual or LaTeX Companion for explanation.
Type  H <return>  for immediate help.
 ...                                              
                                                  
l.6 \section{S
              igmoidå‡½æ•°}
You're in trouble here.  Try typing  <return>  to proceed.
If that doesn't work, type  X <return>  to quit.

Missing character: There is no S in font nullfont!
Missing character: There is no i in font nullfont!
Missing character: There is no g in font nullfont!
Missing character: There is no m in font nullfont!
Missing character: There is no o in font nullfont!
Missing character: There is no i in font nullfont!
Missing character: There is no d in font nullfont!
Missing character: There is no å‡½ in font nullfont!
Missing character: There is no æ•° in font nullfont!
Missing character: There is no s in font nullfont!
Missing character: There is no i in font nullfont!
Missing character: There is no g in font nullfont!
Missing character: There is no m in font nullfont!
Missing character: There is no o in font nullfont!
Missing character: There is no i in font nullfont!
Missing character: There is no d in font nullfont!
Missing character: There is no å‡½ in font nullfont!
Missing character: There is no æ•° in font nullfont!
Missing character: There is no çš„ in font nullfont!
Missing character: There is no ä¸» in font nullfont!
Missing character: There is no è¦ in font nullfont!
Missing character: There is no å…¬ in font nullfont!
Missing character: There is no å¼ in font nullfont!
Missing character: There is no å¦‚ in font nullfont!
Missing character: There is no ä¸‹ in font nullfont!
Missing character: There is no æ‰€ in font nullfont!
Missing character: There is no ç¤º in font nullfont!
Missing character: There is no ï¼š in font nullfont!

Overfull \hbox (20.0pt too wide) in paragraph at lines 6--9
[]
 []


! LaTeX Error: Missing \begin{document}.

See the LaTeX manual or LaTeX Companion for explanation.
Type  H <return>  for immediate help.
 ...                                              
                                                  
l.10 ^^I\begin{equation}
                        
You're in trouble here.  Try typing  <return>  to proceed.
If that doesn't work, type  X <return>  to quit.


Overfull \hbox (20.0pt too wide) in paragraph at lines 10--10
[] 
 []

LaTeX Font Info:    External font `cmex10' loaded for size
(Font)              <7> on input line 10.
LaTeX Font Info:    External font `cmex10' loaded for size
(Font)              <5> on input line 10.

Overfull \hbox (77.35274pt too wide) detected at line 12
\OML/cmm/b/it/10 p\OT1/cmr/bx/n/10 (\OML/cmm/b/it/10 x\OT1/cmr/bx/n/10 ) = []
 []


! LaTeX Error: Missing \begin{document}.

See the LaTeX manual or LaTeX Companion for explanation.
Type  H <return>  for immediate help.
 ...                                              
                                                  
l.14 ^^Iè¯¥
           å…¬å¼ä¸»è¦ç”¨åœ¨äºŒåˆ†ç±»çš„é—®é¢˜ä¸­ä½œä¸ºæœ€åçš„é¢„æµ‹ç»“æ...

You're in trouble here.  Try typing  <return>  to proceed.
If that doesn't work, type  X <return>  to quit.

Missing character: There is no è¯¥ in font nullfont!
Missing character: There is no å…¬ in font nullfont!
Missing character: There is no å¼ in font nullfont!
Missing character: There is no ä¸» in font nullfont!
Missing character: There is no è¦ in font nullfont!
Missing character: There is no ç”¨ in font nullfont!
Missing character: There is no åœ¨ in font nullfont!
Missing character: There is no äºŒ in font nullfont!
Missing character: There is no åˆ† in font nullfont!
Missing character: There is no ç±» in font nullfont!
Missing character: There is no çš„ in font nullfont!
Missing character: There is no é—® in font nullfont!
Missing character: There is no é¢˜ in font nullfont!
Missing character: There is no ä¸­ in font nullfont!
Missing character: There is no ä½œ in font nullfont!
Missing character: There is no ä¸º in font nullfont!
Missing character: There is no æœ€ in font nullfont!
Missing character: There is no å in font nullfont!
Missing character: There is no çš„ in font nullfont!
Missing character: There is no é¢„ in font nullfont!
Missing character: There is no æµ‹ in font nullfont!
Missing character: There is no ç»“ in font nullfont!
Missing character: There is no æœ in font nullfont!
Missing character: There is no åˆ† in font nullfont!
Missing character: There is no ç±» in font nullfont!
Missing character: There is no ï¼Œ in font nullfont!
Missing character: There is no æˆ– in font nullfont!
Missing character: There is no è€… in font nullfont!
Missing character: There is no ä½œ in font nullfont!
Missing character: There is no ä¸º in font nullfont!
Missing character: There is no æ¿€ in font nullfont!
Missing character: There is no æ´» in font nullfont!
Missing character: There is no å‡½ in font nullfont!
Missing character: There is no æ•° in font nullfont!
Missing character: There is no åœ¨ in font nullfont!
Missing character: There is no ç¥ in font nullfont!
Missing character: There is no ç» in font nullfont!
Missing character: There is no ç½‘ in font nullfont!
Missing character: There is no ç»œ in font nullfont!
Missing character: There is no ä¸­ in font nullfont!
Missing character: There is no ä½¿ in font nullfont!
Missing character: There is no ç”¨ in font nullfont!
Missing character: There is no ã€‚ in font nullfont!

Overfull \hbox (20.0pt too wide) in paragraph at lines 14--15
[] 
 []


! LaTeX Error: Missing \begin{document}.

See the LaTeX manual or LaTeX Companion for explanation.
Type  H <return>  for immediate help.
 ...                                              
                                                  
l.16 ^^Iä¸º
           ä»€ä¹ˆè¦ä½¿ç”¨sigmoidï¼Ÿ
You're in trouble here.  Try typing  <return>  to proceed.
If that doesn't work, type  X <return>  to quit.

Missing character: There is no ä¸º in font nullfont!
Missing character: There is no ä»€ in font nullfont!
Missing character: There is no ä¹ˆ in font nullfont!
Missing character: There is no è¦ in font nullfont!
Missing character: There is no ä½¿ in font nullfont!
Missing character: There is no ç”¨ in font nullfont!
Missing character: There is no s in font nullfont!
Missing character: There is no i in font nullfont!
Missing character: There is no g in font nullfont!
Missing character: There is no m in font nullfont!
Missing character: There is no o in font nullfont!
Missing character: There is no i in font nullfont!
Missing character: There is no d in font nullfont!
Missing character: There is no ï¼Ÿ in font nullfont!

Overfull \hbox (20.0pt too wide) in paragraph at lines 16--17
[] 
 []


! LaTeX Error: Missing \begin{document}.

See the LaTeX manual or LaTeX Companion for explanation.
Type  H <return>  for immediate help.
 ...                                              
                                                  
l.18 ^^Iç”±
           äºsigmoidçš„è‰¯å¥½æ€§è´¨ï¼Œæ±‚å¯¼å®¹æ˜“ï¼Œåå‘ä¼ æ’­é€Ÿåº¦å¿«ï...

You're in trouble here.  Try typing  <return>  to proceed.
If that doesn't work, type  X <return>  to quit.

Missing character: There is no ç”± in font nullfont!
Missing character: There is no äº in font nullfont!
Missing character: There is no s in font nullfont!
Missing character: There is no i in font nullfont!
Missing character: There is no g in font nullfont!
Missing character: There is no m in font nullfont!
Missing character: There is no o in font nullfont!
Missing character: There is no i in font nullfont!
Missing character: There is no d in font nullfont!
Missing character: There is no çš„ in font nullfont!
Missing character: There is no è‰¯ in font nullfont!
Missing character: There is no å¥½ in font nullfont!
Missing character: There is no æ€§ in font nullfont!
Missing character: There is no è´¨ in font nullfont!
Missing character: There is no ï¼Œ in font nullfont!
Missing character: There is no æ±‚ in font nullfont!
Missing character: There is no å¯¼ in font nullfont!
Missing character: There is no å®¹ in font nullfont!
Missing character: There is no æ˜“ in font nullfont!
Missing character: There is no ï¼Œ in font nullfont!
Missing character: There is no å in font nullfont!
Missing character: There is no å‘ in font nullfont!
Missing character: There is no ä¼  in font nullfont!
Missing character: There is no æ’­ in font nullfont!
Missing character: There is no é€Ÿ in font nullfont!
Missing character: There is no åº¦ in font nullfont!
Missing character: There is no å¿« in font nullfont!
Missing character: There is no ï¼Œ in font nullfont!
Missing character: There is no è¾“ in font nullfont!
Missing character: There is no å‡º in font nullfont!
Missing character: There is no å…¨ in font nullfont!
Missing character: There is no éƒ¨ in font nullfont!
Missing character: There is no åœ¨ in font nullfont!
Missing character: There is no 0 in font nullfont!
Missing character: There is no - in font nullfont!
Missing character: There is no 1 in font nullfont!
Missing character: There is no ä¹‹ in font nullfont!
Missing character: There is no é—´ in font nullfont!
Missing character: There is no ï¼Œ in font nullfont!
Missing character: There is no æ°¸ in font nullfont!
Missing character: There is no è¿œ in font nullfont!
Missing character: There is no ä¸º in font nullfont!
Missing character: There is no æ­£ in font nullfont!
Missing character: There is no ï¼Œ in font nullfont!
Missing character: There is no ä¸¥ in font nullfont!
Missing character: There is no æ ¼ in font nullfont!
Missing character: There is no é€’ in font nullfont!
Missing character: There is no å¢ in font nullfont!

Overfull \hbox (20.0pt too wide) in paragraph at lines 18--19
[] 
 []


! LaTeX Error: Missing \begin{document}.

See the LaTeX manual or LaTeX Companion for explanation.
Type  H <return>  for immediate help.
 ...                                              
                                                  
l.20 ^^Iç¼º
           ç‚¹ï¼šåœ¨ä¸­å¿ƒç‚¹å˜åŒ–å¿«ï¼Œæ¯”è¾ƒæ•æ„Ÿ
You're in trouble here.  Try typing  <return>  to proceed.
If that doesn't work, type  X <return>  to quit.

Missing character: There is no ç¼º in font nullfont!
Missing character: There is no ç‚¹ in font nullfont!
Missing character: There is no ï¼š in font nullfont!
Missing character: There is no åœ¨ in font nullfont!
Missing character: There is no ä¸­ in font nullfont!
Missing character: There is no å¿ƒ in font nullfont!
Missing character: There is no ç‚¹ in font nullfont!
Missing character: There is no å˜ in font nullfont!
Missing character: There is no åŒ– in font nullfont!
Missing character: There is no å¿« in font nullfont!
Missing character: There is no ï¼Œ in font nullfont!
Missing character: There is no æ¯” in font nullfont!
Missing character: There is no è¾ƒ in font nullfont!
Missing character: There is no æ• in font nullfont!
Missing character: There is no æ„Ÿ in font nullfont!

Overfull \hbox (20.0pt too wide) in paragraph at lines 20--21
[] 
 []

! Undefined control sequence.
l.23 \section
             {Logistic Regression}
The control sequence at the end of the top line
of your error message was never \def'ed. If you have
misspelled it (e.g., `\hobx'), type `I' and the correct
spelling (e.g., `I\hbox'). Otherwise just continue,
and I'll forget about whatever was undefined.


! LaTeX Error: Missing \begin{document}.

See the LaTeX manual or LaTeX Companion for explanation.
Type  H <return>  for immediate help.
 ...                                              
                                                  
l.23 \section{L
               ogistic Regression}
You're in trouble here.  Try typing  <return>  to proceed.
If that doesn't work, type  X <return>  to quit.

Missing character: There is no L in font nullfont!
Missing character: There is no o in font nullfont!
Missing character: There is no g in font nullfont!
Missing character: There is no i in font nullfont!
Missing character: There is no s in font nullfont!
Missing character: There is no t in font nullfont!
Missing character: There is no i in font nullfont!
Missing character: There is no c in font nullfont!
Missing character: There is no R in font nullfont!
Missing character: There is no e in font nullfont!
Missing character: There is no g in font nullfont!
Missing character: There is no r in font nullfont!
Missing character: There is no e in font nullfont!
Missing character: There is no s in font nullfont!
Missing character: There is no s in font nullfont!
Missing character: There is no i in font nullfont!
Missing character: There is no o in font nullfont!
Missing character: There is no n in font nullfont!
Missing character: There is no é€» in font nullfont!
Missing character: There is no è¾‘ in font nullfont!
Missing character: There is no å› in font nullfont!
Missing character: There is no å½’ in font nullfont!
Missing character: There is no ä¸» in font nullfont!
Missing character: There is no è¦ in font nullfont!
Missing character: There is no ç”¨ in font nullfont!
Missing character: There is no åœ¨ in font nullfont!
Missing character: There is no äºŒ in font nullfont!
Missing character: There is no åˆ† in font nullfont!
Missing character: There is no ç±» in font nullfont!
Missing character: There is no é—® in font nullfont!
Missing character: There is no é¢˜ in font nullfont!
Missing character: There is no ä¸­ in font nullfont!
Missing character: There is no ï¼Œ in font nullfont!
Missing character: There is no æœ€ in font nullfont!
Missing character: There is no å in font nullfont!
Missing character: There is no ç»™ in font nullfont!
Missing character: There is no å‡º in font nullfont!
Missing character: There is no è¯¥ in font nullfont!
Missing character: There is no æ · in font nullfont!
Missing character: There is no æœ¬ in font nullfont!
Missing character: There is no å± in font nullfont!
Missing character: There is no äº in font nullfont!
Missing character: There is no æ­£ in font nullfont!
Missing character: There is no ç±» in font nullfont!
Missing character: There is no æˆ– in font nullfont!
Missing character: There is no è€… in font nullfont!
Missing character: There is no è´Ÿ in font nullfont!
Missing character: There is no ç±» in font nullfont!
Missing character: There is no çš„ in font nullfont!
Missing character: There is no æ¦‚ in font nullfont!
Missing character: There is no ç‡ in font nullfont!
Missing character: There is no ã€‚ in font nullfont!
Missing character: There is no å†³ in font nullfont!
Missing character: There is no ç­– in font nullfont!
Missing character: There is no å‡½ in font nullfont!
Missing character: There is no æ•° in font nullfont!
Missing character: There is no å°± in font nullfont!
Missing character: There is no æ˜¯ in font nullfont!
Missing character: There is no s in font nullfont!
Missing character: There is no i in font nullfont!
Missing character: There is no g in font nullfont!
Missing character: There is no m in font nullfont!
Missing character: There is no o in font nullfont!
Missing character: There is no i in font nullfont!
Missing character: There is no d in font nullfont!
Missing character: There is no å‡½ in font nullfont!
Missing character: There is no æ•° in font nullfont!
Missing character: There is no ï¼Œ in font nullfont!
Missing character: There is no å°± in font nullfont!
Missing character: There is no æ˜¯ in font nullfont!
Missing character: There is no è¯´ in font nullfont!
Missing character: There is no s in font nullfont!
Missing character: There is no i in font nullfont!
Missing character: There is no g in font nullfont!
Missing character: There is no m in font nullfont!
Missing character: There is no o in font nullfont!
Missing character: There is no i in font nullfont!
Missing character: There is no d in font nullfont!
Missing character: There is no çš„ in font nullfont!
Missing character: There is no è¾“ in font nullfont!
Missing character: There is no å‡º in font nullfont!
Missing character: There is no å°± in font nullfont!
Missing character: There is no æ˜¯ in font nullfont!
Missing character: There is no L in font nullfont!
Missing character: There is no R in font nullfont!
Missing character: There is no çš„ in font nullfont!
Missing character: There is no è¾“ in font nullfont!
Missing character: There is no å‡º in font nullfont!
Missing character: There is no ï¼Œ in font nullfont!
Missing character: There is no ç®€ in font nullfont!
Missing character: There is no åŒ– in font nullfont!
Missing character: There is no çš„ in font nullfont!
Missing character: There is no å…¬ in font nullfont!
Missing character: There is no å¼ in font nullfont!
Missing character: There is no å¦‚ in font nullfont!
Missing character: There is no ä¸‹ in font nullfont!
Missing character: There is no ï¼š in font nullfont!

Overfull \hbox (20.0pt too wide) in paragraph at lines 23--26
[]
 []


! LaTeX Error: Missing \begin{document}.

See the LaTeX manual or LaTeX Companion for explanation.
Type  H <return>  for immediate help.
 ...                                              
                                                  
l.27 ^^I\begin{equation}
                        
You're in trouble here.  Try typing  <return>  to proceed.
If that doesn't work, type  X <return>  to quit.


Overfull \hbox (20.0pt too wide) in paragraph at lines 27--27
[] 
 []


Overfull \hbox (90.6187pt too wide) detected at line 29
\OML/cmm/b/it/10 h\OT1/cmr/bx/n/10 (\OML/cmm/b/it/10 x\OT1/cmr/bx/n/10 ) = []
 []


! LaTeX Error: Missing \begin{document}.

See the LaTeX manual or LaTeX Companion for explanation.
Type  H <return>  for immediate help.
 ...                                              
                                                  
l.31 ^^Iå¯¹
           äºä¸€ä¸ªäºŒåˆ†ç±»é—®é¢˜æ¥è¯´ï¼Œåˆ†ç±»ä¸º1çš„æ¦‚ç‡å°±æ˜¯h(x),è€...

You're in trouble here.  Try typing  <return>  to proceed.
If that doesn't work, type  X <return>  to quit.

Missing character: There is no å¯¹ in font nullfont!
Missing character: There is no äº in font nullfont!
Missing character: There is no ä¸€ in font nullfont!
Missing character: There is no ä¸ª in font nullfont!
Missing character: There is no äºŒ in font nullfont!
Missing character: There is no åˆ† in font nullfont!
Missing character: There is no ç±» in font nullfont!
Missing character: There is no é—® in font nullfont!
Missing character: There is no é¢˜ in font nullfont!
Missing character: There is no æ¥ in font nullfont!
Missing character: There is no è¯´ in font nullfont!
Missing character: There is no ï¼Œ in font nullfont!
Missing character: There is no åˆ† in font nullfont!
Missing character: There is no ç±» in font nullfont!
Missing character: There is no ä¸º in font nullfont!
Missing character: There is no 1 in font nullfont!
Missing character: There is no çš„ in font nullfont!
Missing character: There is no æ¦‚ in font nullfont!
Missing character: There is no ç‡ in font nullfont!
Missing character: There is no å°± in font nullfont!
Missing character: There is no æ˜¯ in font nullfont!
Missing character: There is no h in font nullfont!
Missing character: There is no ( in font nullfont!
Missing character: There is no x in font nullfont!
Missing character: There is no ) in font nullfont!
Missing character: There is no , in font nullfont!
Missing character: There is no è€Œ in font nullfont!
Missing character: There is no åˆ† in font nullfont!
Missing character: There is no ç±» in font nullfont!
Missing character: There is no ä¸º in font nullfont!
Missing character: There is no 0 in font nullfont!
Missing character: There is no çš„ in font nullfont!
Missing character: There is no æ¦‚ in font nullfont!
Missing character: There is no ç‡ in font nullfont!
Missing character: There is no ä¸º in font nullfont!
Missing character: There is no 1 in font nullfont!
Missing character: There is no - in font nullfont!
Missing character: There is no h in font nullfont!
Missing character: There is no ( in font nullfont!
Missing character: There is no x in font nullfont!
Missing character: There is no ) in font nullfont!
Missing character: There is no ï¼Œ in font nullfont!
Missing character: There is no å›  in font nullfont!
Missing character: There is no æ­¤ in font nullfont!
Missing character: There is no ç»¼ in font nullfont!
Missing character: There is no åˆ in font nullfont!
Missing character: There is no èµ· in font nullfont!
Missing character: There is no æ¥ in font nullfont!
Missing character: There is no å¯ in font nullfont!
Missing character: There is no ä»¥ in font nullfont!
Missing character: There is no å¾— in font nullfont!
Missing character: There is no åˆ° in font nullfont!
Missing character: There is no L in font nullfont!
Missing character: There is no R in font nullfont!
Missing character: There is no çš„ in font nullfont!
Missing character: There is no å†³ in font nullfont!
Missing character: There is no ç­– in font nullfont!
Missing character: There is no å‡½ in font nullfont!
Missing character: There is no æ•° in font nullfont!
Missing character: There is no ä¸º in font nullfont!
Missing character: There is no ( in font nullfont!
Missing character: There is no y in font nullfont!
Missing character: There is no = in font nullfont!
Missing character: There is no 0 in font nullfont!
Missing character: There is no æ—¶ in font nullfont!
Missing character: There is no å‰ in font nullfont!
Missing character: There is no åŠ in font nullfont!
Missing character: There is no éƒ¨ in font nullfont!
Missing character: There is no åˆ† in font nullfont!
Missing character: There is no ä¸ in font nullfont!
Missing character: There is no èµ· in font nullfont!
Missing character: There is no ä½œ in font nullfont!
Missing character: There is no ç”¨ in font nullfont!
Missing character: There is no ï¼Œ in font nullfont!
Missing character: There is no y in font nullfont!
Missing character: There is no = in font nullfont!
Missing character: There is no 1 in font nullfont!
Missing character: There is no æ—¶ in font nullfont!
Missing character: There is no å in font nullfont!
Missing character: There is no åŠ in font nullfont!
Missing character: There is no éƒ¨ in font nullfont!
Missing character: There is no åˆ† in font nullfont!
Missing character: There is no ä¸ in font nullfont!
Missing character: There is no èµ· in font nullfont!
Missing character: There is no ä½œ in font nullfont!
Missing character: There is no ç”¨ in font nullfont!
Missing character: There is no ï¼Œ in font nullfont!
Missing character: There is no å›  in font nullfont!
Missing character: There is no æ­¤ in font nullfont!
Missing character: There is no å…¶ in font nullfont!
Missing character: There is no å® in font nullfont!
Missing character: There is no å°± in font nullfont!
Missing character: There is no æ˜¯ in font nullfont!
Missing character: There is no æŠŠ in font nullfont!
Missing character: There is no åˆ† in font nullfont!
Missing character: There is no ç±» in font nullfont!
Missing character: There is no ä¸º in font nullfont!
Missing character: There is no 0 in font nullfont!
Missing character: There is no å’Œ in font nullfont!
Missing character: There is no 1 in font nullfont!
Missing character: There is no çš„ in font nullfont!
Missing character: There is no æ¦‚ in font nullfont!
Missing character: There is no ç‡ in font nullfont!
Missing character: There is no åˆ in font nullfont!
Missing character: There is no èµ· in font nullfont!
Missing character: There is no æ¥ in font nullfont!
Missing character: There is no å†™ in font nullfont!
Missing character: There is no äº† in font nullfont!
Missing character: There is no ) in font nullfont!
Missing character: There is no ï¼š in font nullfont!

Overfull \hbox (20.0pt too wide) in paragraph at lines 31--32
[] 
 []


! LaTeX Error: Missing \begin{document}.

See the LaTeX manual or LaTeX Companion for explanation.
Type  H <return>  for immediate help.
 ...                                              
                                                  
l.33 ^^I\begin{equation}
                        
You're in trouble here.  Try typing  <return>  to proceed.
If that doesn't work, type  X <return>  to quit.


Overfull \hbox (20.0pt too wide) in paragraph at lines 33--33
[] 
 []


Overfull \hbox (148.1518pt too wide) detected at line 35
\OML/cmm/b/it/10 p\OT1/cmr/bx/n/10 (\OML/cmm/b/it/10 y\OMS/cmsy/b/n/10 j\OML/cm
m/b/it/10 x\OT1/cmr/bx/n/10 ; \OML/cmm/b/it/10 w\OT1/cmr/bx/n/10 ) = \OML/cmm/b
/it/10 h\OT1/cmr/bx/n/10 (\OML/cmm/b/it/10 x\OT1/cmr/bx/n/10 )[][1 \OMS/cmsy/b/
n/10 ^^@ \OML/cmm/b/it/10 h\OT1/cmr/bx/n/10 (\OML/cmm/b/it/10 x\OT1/cmr/bx/n/10
 )][]
 []


! LaTeX Error: Missing \begin{document}.

See the LaTeX manual or LaTeX Companion for explanation.
Type  H <return>  for immediate help.
 ...                                              
                                                  
l.37 ^^Iå¯¹
           å‚æ•°wåšæœ€å¤§ä¼¼ç„¶ä¼°è®¡ï¼Œæˆ‘ä»¬å¯ä»¥å¾—åˆ°ä¼¼ç„¶å‡½æ•°ï¼š
You're in trouble here.  Try typing  <return>  to proceed.
If that doesn't work, type  X <return>  to quit.

Missing character: There is no å¯¹ in font nullfont!
Missing character: There is no å‚ in font nullfont!
Missing character: There is no æ•° in font nullfont!
Missing character: There is no w in font nullfont!
Missing character: There is no åš in font nullfont!
Missing character: There is no æœ€ in font nullfont!
Missing character: There is no å¤§ in font nullfont!
Missing character: There is no ä¼¼ in font nullfont!
Missing character: There is no ç„¶ in font nullfont!
Missing character: There is no ä¼° in font nullfont!
Missing character: There is no è®¡ in font nullfont!
Missing character: There is no ï¼Œ in font nullfont!
Missing character: There is no æˆ‘ in font nullfont!
Missing character: There is no ä»¬ in font nullfont!
Missing character: There is no å¯ in font nullfont!
Missing character: There is no ä»¥ in font nullfont!
Missing character: There is no å¾— in font nullfont!
Missing character: There is no åˆ° in font nullfont!
Missing character: There is no ä¼¼ in font nullfont!
Missing character: There is no ç„¶ in font nullfont!
Missing character: There is no å‡½ in font nullfont!
Missing character: There is no æ•° in font nullfont!
Missing character: There is no ï¼š in font nullfont!

Overfull \hbox (20.0pt too wide) in paragraph at lines 37--38
[] 
 []


! LaTeX Error: Missing \begin{document}.

See the LaTeX manual or LaTeX Companion for explanation.
Type  H <return>  for immediate help.
 ...                                              
                                                  
l.39 ^^I\begin{equation}
                        
You're in trouble here.  Try typing  <return>  to proceed.
If that doesn't work, type  X <return>  to quit.


Overfull \hbox (20.0pt too wide) in paragraph at lines 39--39
[] 
 []


Overfull \hbox (208.17252pt too wide) detected at line 41
[] \OML/cmm/b/it/10 P\OT1/cmr/bx/n/10 (\OML/cmm/b/it/10 y[]\OMS/cmsy/b/n/10 j\O
ML/cmm/b/it/10 x[]\OT1/cmr/bx/n/10 ; \OML/cmm/b/it/10 w\OT1/cmr/bx/n/10 ) = [] 
\OML/cmm/b/it/10 h\OT1/cmr/bx/n/10 (\OML/cmm/b/it/10 x[]\OT1/cmr/bx/n/10 )[](1 
\OMS/cmsy/b/n/10 ^^@ \OML/cmm/b/it/10 h\OT1/cmr/bx/n/10 (\OML/cmm/b/it/10 x[]\O
T1/cmr/bx/n/10 ))[]
 []


! LaTeX Error: Missing \begin{document}.

See the LaTeX manual or LaTeX Companion for explanation.
Type  H <return>  for immediate help.
 ...                                              
                                                  
l.43 ^^Iå¯¹
           ä¸Šå¼å–å¯¹æ•°å¾—åˆ°
You're in trouble here.  Try typing  <return>  to proceed.
If that doesn't work, type  X <return>  to quit.

Missing character: There is no å¯¹ in font nullfont!
Missing character: There is no ä¸Š in font nullfont!
Missing character: There is no å¼ in font nullfont!
Missing character: There is no å– in font nullfont!
Missing character: There is no å¯¹ in font nullfont!
Missing character: There is no æ•° in font nullfont!
Missing character: There is no å¾— in font nullfont!
Missing character: There is no åˆ° in font nullfont!

Overfull \hbox (20.0pt too wide) in paragraph at lines 43--44
[] 
 []


! LaTeX Error: Missing \begin{document}.

See the LaTeX manual or LaTeX Companion for explanation.
Type  H <return>  for immediate help.
 ...                                              
                                                  
l.45 ^^I\begin{equation}
                        
You're in trouble here.  Try typing  <return>  to proceed.
If that doesn't work, type  X <return>  to quit.


Overfull \hbox (20.0pt too wide) in paragraph at lines 45--45
[] 
 []

! Missing $ inserted.
<inserted text> 
                $
l.47 
     
I've inserted a begin-math/end-math symbol since I think
you left one out. Proceed, with fingers crossed.

! Display math should end with $$.
<to be read again> 
                   \par 
l.47 
     
The `$' that I just saw supposedly matches a previous `$$'.
So I shall assume that you typed `$$' both times.


Overfull \hbox (254.50879pt too wide) detected at line 47
\OML/cmm/b/it/10 L\OT1/cmr/bx/n/10 (\OML/cmm/b/it/10 w\OT1/cmr/bx/n/10 ) = [] \
OML/cmm/b/it/10 y[]logh[]\OT1/cmr/bx/n/10 (\OML/cmm/b/it/10 x[]\OT1/cmr/bx/n/10
 ) + (1 \OMS/cmsy/b/n/10 ^^@ \OML/cmm/b/it/10 y[]\OT1/cmr/bx/n/10 )\OML/cmm/b/i
t/10 log\OT1/cmr/bx/n/10 (1 \OMS/cmsy/b/n/10 ^^@ \OML/cmm/b/it/10 h[]\OT1/cmr/b
x/n/10 (\OML/cmm/b/it/10 x[]\OT1/cmr/bx/n/10 ))
 []

! You can't use `\eqno' in vertical mode.
\endequation ->\eqno 
                     \hbox {\@eqnnum }$$\@ignoretrue 
l.48 ^^I\end{equation}
                      
Sorry, but I'm not programmed to handle this case;
I'll just pretend that you didn't ask for it.
If you're in the wrong mode, you might be able to
return to the right one by typing `I}' or `I$' or `I\par'.


! LaTeX Error: Missing \begin{document}.

See the LaTeX manual or LaTeX Companion for explanation.
Type  H <return>  for immediate help.
 ...                                              
                                                  
l.48 ^^I\end{equation}
                      
You're in trouble here.  Try typing  <return>  to proceed.
If that doesn't work, type  X <return>  to quit.


Overfull \hbox (20.0pt too wide) in paragraph at lines 48--48
[] 
 []

! Missing $ inserted.
<inserted text> 
                $
l.48 ^^I\end{equation}
                      
I've inserted something that you may have forgotten.
(See the <inserted text> above.)
With luck, this will get me unwedged. But if you
really didn't forget anything, try typing `2' now; then
my insertion and my current dilemma will both disappear.

! Display math should end with $$.
<to be read again> 
                   \endgroup 
l.48 ^^I\end{equation}
                      
The `$' that I just saw supposedly matches a previous `$$'.
So I shall assume that you typed `$$' both times.


! LaTeX Error: Missing \begin{document}.

See the LaTeX manual or LaTeX Companion for explanation.
Type  H <return>  for immediate help.
 ...                                              
                                                  
l.50 ^^Iå½“
           æˆ‘ä»¬ä½¿ç”¨æœ€å¤§ä¼¼ç„¶ä¼°è®¡çš„æ—¶å€™ï¼Œç›®çš„å°±æ˜¯æœ€å¤§åŒ–ä¼...

You're in trouble here.  Try typing  <return>  to proceed.
If that doesn't work, type  X <return>  to quit.

Missing character: There is no å½“ in font nullfont!
Missing character: There is no æˆ‘ in font nullfont!
Missing character: There is no ä»¬ in font nullfont!
Missing character: There is no ä½¿ in font nullfont!
Missing character: There is no ç”¨ in font nullfont!
Missing character: There is no æœ€ in font nullfont!
Missing character: There is no å¤§ in font nullfont!
Missing character: There is no ä¼¼ in font nullfont!
Missing character: There is no ç„¶ in font nullfont!
Missing character: There is no ä¼° in font nullfont!
Missing character: There is no è®¡ in font nullfont!
Missing character: There is no çš„ in font nullfont!
Missing character: There is no æ—¶ in font nullfont!
Missing character: There is no å€™ in font nullfont!
Missing character: There is no ï¼Œ in font nullfont!
Missing character: There is no ç›® in font nullfont!
Missing character: There is no çš„ in font nullfont!
Missing character: There is no å°± in font nullfont!
Missing character: There is no æ˜¯ in font nullfont!
Missing character: There is no æœ€ in font nullfont!
Missing character: There is no å¤§ in font nullfont!
Missing character: There is no åŒ– in font nullfont!
Missing character: There is no ä¼¼ in font nullfont!
Missing character: There is no ç„¶ in font nullfont!
Missing character: There is no å‡½ in font nullfont!
Missing character: There is no æ•° in font nullfont!
Missing character: There is no ï¼Œ in font nullfont!
Missing character: There is no ä½† in font nullfont!
Missing character: There is no æ˜¯ in font nullfont!
Missing character: There is no å½“ in font nullfont!
Missing character: There is no æˆ‘ in font nullfont!
Missing character: There is no ä»¬ in font nullfont!
Missing character: There is no åœ¨ in font nullfont!
Missing character: There is no æœº in font nullfont!
Missing character: There is no å™¨ in font nullfont!
Missing character: There is no å­¦ in font nullfont!
Missing character: There is no ä¹  in font nullfont!
Missing character: There is no çš„ in font nullfont!
Missing character: There is no ç®— in font nullfont!
Missing character: There is no æ³• in font nullfont!
Missing character: There is no ä¸­ in font nullfont!
Missing character: There is no ï¼Œ in font nullfont!
Missing character: There is no æˆ‘ in font nullfont!
Missing character: There is no ä»¬ in font nullfont!
Missing character: There is no å¾€ in font nullfont!
Missing character: There is no å¾€ in font nullfont!
Missing character: There is no éœ€ in font nullfont!
Missing character: There is no è¦ in font nullfont!
Missing character: There is no æœ€ in font nullfont!
Missing character: There is no å° in font nullfont!
Missing character: There is no åŒ– in font nullfont!
Missing character: There is no ä¸€ in font nullfont!
Missing character: There is no ä¸ª in font nullfont!
Missing character: There is no å‡½ in font nullfont!
Missing character: There is no æ•° in font nullfont!
Missing character: There is no æ¥ in font nullfont!
Missing character: There is no æ–¹ in font nullfont!
Missing character: There is no ä¾¿ in font nullfont!
Missing character: There is no æˆ‘ in font nullfont!
Missing character: There is no ä»¬ in font nullfont!
Missing character: There is no çš„ in font nullfont!
Missing character: There is no è®¡ in font nullfont!
Missing character: There is no ç®— in font nullfont!
Missing character: There is no ï¼Œ in font nullfont!
Missing character: There is no å›  in font nullfont!
Missing character: There is no æ­¤ in font nullfont!
Missing character: There is no æˆ‘ in font nullfont!
Missing character: There is no ä»¬ in font nullfont!
Missing character: There is no åª in font nullfont!
Missing character: There is no éœ€ in font nullfont!
Missing character: There is no è¦ in font nullfont!
Missing character: There is no å¯¹ in font nullfont!
Missing character: There is no ä¸Š in font nullfont!
Missing character: There is no å¼ in font nullfont!
Missing character: There is no å– in font nullfont!
Missing character: There is no è´Ÿ in font nullfont!
Missing character: There is no å· in font nullfont!
Missing character: There is no å³ in font nullfont!
Missing character: There is no å¯ in font nullfont!
Missing character: There is no å¾— in font nullfont!
Missing character: There is no åˆ° in font nullfont!
Missing character: There is no L in font nullfont!
Missing character: There is no R in font nullfont!
Missing character: There is no çš„ in font nullfont!
Missing character: There is no æŸ in font nullfont!
Missing character: There is no å¤± in font nullfont!
Missing character: There is no å‡½ in font nullfont!
Missing character: There is no æ•° in font nullfont!
Missing character: There is no ï¼Œ in font nullfont!
Missing character: There is no ä¹˜ in font nullfont!
Missing character: There is no ä»¥ in font nullfont!
Missing character: There is no æ˜¯ in font nullfont!
Missing character: There is no ä¸º in font nullfont!
Missing character: There is no äº† in font nullfont!
Missing character: There is no æ–¹ in font nullfont!
Missing character: There is no ä¾¿ in font nullfont!
Missing character: There is no è®¡ in font nullfont!
Missing character: There is no ç®— in font nullfont!
Missing character: There is no ã€‚ in font nullfont!

Overfull \hbox (30.64632pt too wide) in paragraph at lines 50--51
[]$[]$ 
 []


! LaTeX Error: Missing \begin{document}.

See the LaTeX manual or LaTeX Companion for explanation.
Type  H <return>  for immediate help.
 ...                                              
                                                  
l.52 ^^I\begin{equation}
                        
You're in trouble here.  Try typing  <return>  to proceed.
If that doesn't work, type  X <return>  to quit.


Overfull \hbox (20.0pt too wide) in paragraph at lines 52--52
[] 
 []

! Missing $ inserted.
<inserted text> 
                $
l.54 
     
I've inserted a begin-math/end-math symbol since I think
you left one out. Proceed, with fingers crossed.

! Display math should end with $$.
<to be read again> 
                   \par 
l.54 
     
The `$' that I just saw supposedly matches a previous `$$'.
So I shall assume that you typed `$$' both times.


Overfull \hbox (302.20268pt too wide) detected at line 54
\OML/cmm/b/it/10 J\OT1/cmr/bx/n/10 (\OML/cmm/b/it/10 ^^R\OT1/cmr/bx/n/10 ) = \O
MS/cmsy/b/n/10 ^^@[] []
 []

! You can't use `\eqno' in vertical mode.
\endequation ->\eqno 
                     \hbox {\@eqnnum }$$\@ignoretrue 
l.55 ^^I\end{equation}
                      
Sorry, but I'm not programmed to handle this case;
I'll just pretend that you didn't ask for it.
If you're in the wrong mode, you might be able to
return to the right one by typing `I}' or `I$' or `I\par'.


! LaTeX Error: Missing \begin{document}.

See the LaTeX manual or LaTeX Companion for explanation.
Type  H <return>  for immediate help.
 ...                                              
                                                  
l.55 ^^I\end{equation}
                      
You're in trouble here.  Try typing  <return>  to proceed.
If that doesn't work, type  X <return>  to quit.


Overfull \hbox (20.0pt too wide) in paragraph at lines 55--55
[] 
 []

! Missing $ inserted.
<inserted text> 
                $
l.55 ^^I\end{equation}
                      
I've inserted something that you may have forgotten.
(See the <inserted text> above.)
With luck, this will get me unwedged. But if you
really didn't forget anything, try typing `2' now; then
my insertion and my current dilemma will both disappear.

! Display math should end with $$.
<to be read again> 
                   \endgroup 
l.55 ^^I\end{equation}
                      
The `$' that I just saw supposedly matches a previous `$$'.
So I shall assume that you typed `$$' both times.


! LaTeX Error: Missing \begin{document}.

See the LaTeX manual or LaTeX Companion for explanation.
Type  H <return>  for immediate help.
 ...                                              
                                                  
l.57 ^^Ié€š
           ä¿—çš„æ¥è¯´ï¼ŒLRå°±æ˜¯ç”¨æ¥å°†ä¸¤å †æ•°æ®åˆ†æ¥ã€‚å¯¹äºLRçš„è...

You're in trouble here.  Try typing  <return>  to proceed.
If that doesn't work, type  X <return>  to quit.

Missing character: There is no é€š in font nullfont!
Missing character: There is no ä¿— in font nullfont!
Missing character: There is no çš„ in font nullfont!
Missing character: There is no æ¥ in font nullfont!
Missing character: There is no è¯´ in font nullfont!
Missing character: There is no ï¼Œ in font nullfont!
Missing character: There is no L in font nullfont!
Missing character: There is no R in font nullfont!
Missing character: There is no å°± in font nullfont!
Missing character: There is no æ˜¯ in font nullfont!
Missing character: There is no ç”¨ in font nullfont!
Missing character: There is no æ¥ in font nullfont!
Missing character: There is no å°† in font nullfont!
Missing character: There is no ä¸¤ in font nullfont!
Missing character: There is no å † in font nullfont!
Missing character: There is no æ•° in font nullfont!
Missing character: There is no æ® in font nullfont!
Missing character: There is no åˆ† in font nullfont!
Missing character: There is no æ¥ in font nullfont!
Missing character: There is no ã€‚ in font nullfont!
Missing character: There is no å¯¹ in font nullfont!
Missing character: There is no äº in font nullfont!
Missing character: There is no L in font nullfont!
Missing character: There is no R in font nullfont!
Missing character: There is no çš„ in font nullfont!
Missing character: There is no è¾“ in font nullfont!
Missing character: There is no å‡º in font nullfont!
Missing character: There is no ï¼Œ in font nullfont!
Missing character: There is no å¦‚ in font nullfont!
Missing character: There is no æœ in font nullfont!
Missing character: There is no è¾“ in font nullfont!
Missing character: There is no å‡º in font nullfont!
Missing character: There is no çš„ in font nullfont!
Missing character: There is no å€¼ in font nullfont!
Missing character: There is no è¶Š in font nullfont!
Missing character: There is no å¤§ in font nullfont!
Missing character: There is no è¡¨ in font nullfont!
Missing character: There is no æ˜ in font nullfont!
Missing character: There is no ç»“ in font nullfont!
Missing character: There is no æœ in font nullfont!
Missing character: There is no å± in font nullfont!
Missing character: There is no äº in font nullfont!
Missing character: There is no è¿™ in font nullfont!
Missing character: There is no ä¸€ in font nullfont!
Missing character: There is no ç±» in font nullfont!
Missing character: There is no çš„ in font nullfont!
Missing character: There is no æ¦‚ in font nullfont!
Missing character: There is no ç‡ in font nullfont!
Missing character: There is no ä¼š in font nullfont!
Missing character: There is no è¶Š in font nullfont!
Missing character: There is no å¤§ in font nullfont!
Missing character: There is no ï¼Œ in font nullfont!
Missing character: There is no ä½† in font nullfont!
Missing character: There is no æ˜¯ in font nullfont!
Missing character: There is no è¾“ in font nullfont!
Missing character: There is no å‡º in font nullfont!
Missing character: There is no çš„ in font nullfont!
Missing character: There is no ç»“ in font nullfont!
Missing character: There is no æœ in font nullfont!
Missing character: There is no å¹¶ in font nullfont!
Missing character: There is no ä¸ in font nullfont!
Missing character: There is no æ˜¯ in font nullfont!
Missing character: There is no ä»£ in font nullfont!
Missing character: There is no è¡¨ in font nullfont!
Missing character: There is no ç€ in font nullfont!
Missing character: There is no æ¦‚ in font nullfont!
Missing character: There is no ç‡ in font nullfont!
Missing character: There is no ã€‚ in font nullfont!

Overfull \hbox (20.0pt too wide) in paragraph at lines 57--58
[] 
 []


! LaTeX Error: Missing \begin{document}.

See the LaTeX manual or LaTeX Companion for explanation.
Type  H <return>  for immediate help.
 ...                                              
                                                  
l.59 ^^IL
         Rä¼˜ç‚¹:
You're in trouble here.  Try typing  <return>  to proceed.
If that doesn't work, type  X <return>  to quit.

Missing character: There is no L in font nullfont!
Missing character: There is no R in font nullfont!
Missing character: There is no ä¼˜ in font nullfont!
Missing character: There is no ç‚¹ in font nullfont!
Missing character: There is no : in font nullfont!

Overfull \hbox (20.0pt too wide) in paragraph at lines 59--60
[] 
 []


! LaTeX Error: Missing \begin{document}.

See the LaTeX manual or LaTeX Companion for explanation.
Type  H <return>  for immediate help.
 ...                                              
                                                  
l.61 ^^I\begin{itemize}
                       
You're in trouble here.  Try typing  <return>  to proceed.
If that doesn't work, type  X <return>  to quit.


Overfull \hbox (20.0pt too wide) in paragraph at lines 61--61
[] 
 []

Missing character: There is no é¢„ in font nullfont!
Missing character: There is no æµ‹ in font nullfont!
Missing character: There is no ç»“ in font nullfont!
Missing character: There is no æœ in font nullfont!
Missing character: There is no æ˜¯ in font nullfont!
Missing character: There is no ä»‹ in font nullfont!
Missing character: There is no äº in font nullfont!
Missing character: There is no 0 in font nullfont!
Missing character: There is no å’Œ in font nullfont!
Missing character: There is no 1 in font nullfont!
Missing character: There is no ä¹‹ in font nullfont!
Missing character: There is no é—´ in font nullfont!
Missing character: There is no çš„ in font nullfont!
Missing character: There is no æ¦‚ in font nullfont!
Missing character: There is no ç‡ in font nullfont!
Missing character: There is no å®¹ in font nullfont!
Missing character: There is no æ˜“ in font nullfont!
Missing character: There is no ä½¿ in font nullfont!
Missing character: There is no ç”¨ in font nullfont!
Missing character: There is no å’Œ in font nullfont!
Missing character: There is no è§£ in font nullfont!
Missing character: There is no é‡Š in font nullfont!
Missing character: There is no é¢„ in font nullfont!
Missing character: There is no æµ‹ in font nullfont!
Missing character: There is no é€Ÿ in font nullfont!
Missing character: There is no åº¦ in font nullfont!
Missing character: There is no è¾ƒ in font nullfont!
Missing character: There is no å¿« in font nullfont!
Missing character: There is no ï¼Œ in font nullfont!
Missing character: There is no è®¡ in font nullfont!
Missing character: There is no ç®— in font nullfont!
Missing character: There is no é‡ in font nullfont!
Missing character: There is no å° in font nullfont!
Missing character: There is no ç¼º in font nullfont!
Missing character: There is no ç‚¹ in font nullfont!
Missing character: There is no ï¼š in font nullfont!

Overfull \hbox (20.0pt too wide) in paragraph at lines 67--68
[] 
 []

Missing character: There is no å½“ in font nullfont!
Missing character: There is no ç‰¹ in font nullfont!
Missing character: There is no å¾ in font nullfont!
Missing character: There is no ç©º in font nullfont!
Missing character: There is no é—´ in font nullfont!
Missing character: There is no å¾ˆ in font nullfont!
Missing character: There is no å¤§ in font nullfont!
Missing character: There is no æ—¶ in font nullfont!
Missing character: There is no ï¼Œ in font nullfont!
Missing character: There is no L in font nullfont!
Missing character: There is no R in font nullfont!
Missing character: There is no çš„ in font nullfont!
Missing character: There is no æ€§ in font nullfont!
Missing character: There is no èƒ½ in font nullfont!
Missing character: There is no ä¸ in font nullfont!
Missing character: There is no æ˜¯ in font nullfont!
Missing character: There is no å¾ˆ in font nullfont!
Missing character: There is no å¥½ in font nullfont!
Missing character: There is no ï¼Œ in font nullfont!
Missing character: There is no ä¸ in font nullfont!
Missing character: There is no èƒ½ in font nullfont!
Missing character: There is no å¤„ in font nullfont!
Missing character: There is no ç† in font nullfont!
Missing character: There is no å¤§ in font nullfont!
Missing character: There is no é‡ in font nullfont!
Missing character: There is no çš„ in font nullfont!
Missing character: There is no ç‰¹ in font nullfont!
Missing character: There is no å¾ in font nullfont!
Missing character: There is no å®¹ in font nullfont!
Missing character: There is no æ˜“ in font nullfont!
Missing character: There is no æ¬  in font nullfont!
Missing character: There is no æ‹Ÿ in font nullfont!
Missing character: There is no åˆ in font nullfont!
Missing character: There is no ä¸ in font nullfont!
Missing character: There is no èƒ½ in font nullfont!
Missing character: There is no å¤„ in font nullfont!
Missing character: There is no ç† in font nullfont!
Missing character: There is no çº¿ in font nullfont!
Missing character: There is no æ€§ in font nullfont!
Missing character: There is no ä¸ in font nullfont!
Missing character: There is no å¯ in font nullfont!
Missing character: There is no åˆ† in font nullfont!
Missing character: There is no çš„ in font nullfont!
Missing character: There is no æ•° in font nullfont!
Missing character: There is no æ® in font nullfont!
Missing character: There is no å¯¹ in font nullfont!
Missing character: There is no äº in font nullfont!
Missing character: There is no é in font nullfont!
Missing character: There is no çº¿ in font nullfont!
Missing character: There is no æ€§ in font nullfont!
Missing character: There is no ç‰¹ in font nullfont!
Missing character: There is no å¾ in font nullfont!
Missing character: There is no ï¼Œ in font nullfont!
Missing character: There is no éœ€ in font nullfont!
Missing character: There is no è¦ in font nullfont!
Missing character: There is no è¿› in font nullfont!
Missing character: There is no è¡Œ in font nullfont!
Missing character: There is no è½¬ in font nullfont!
Missing character: There is no æ¢ in font nullfont!
Missing character: There is no é¢„ in font nullfont!
Missing character: There is no æµ‹ in font nullfont!
Missing character: There is no ç»“ in font nullfont!
Missing character: There is no æœ in font nullfont!
Missing character: There is no å‘ˆ in font nullfont!
Missing character: There is no S in font nullfont!
Missing character: There is no å‹ in font nullfont!
Missing character: There is no ï¼Œ in font nullfont!
Missing character: There is no ä¸­ in font nullfont!
Missing character: There is no é—´ in font nullfont!
Missing character: There is no çš„ in font nullfont!
Missing character: There is no æ¦‚ in font nullfont!
Missing character: There is no ç‡ in font nullfont!
Missing character: There is no å˜ in font nullfont!
Missing character: There is no åŒ– in font nullfont!
Missing character: There is no å¾ˆ in font nullfont!
Missing character: There is no å¤§ in font nullfont!
Missing character: There is no ï¼Œ in font nullfont!
Missing character: There is no å¾ˆ in font nullfont!
Missing character: There is no æ• in font nullfont!
Missing character: There is no æ„Ÿ in font nullfont!
! Undefined control sequence.
l.77 \section
             {ä¸€äº›å…¶ä»–çš„é—®é¢˜}
The control sequence at the end of the top line
of your error message was never \def'ed. If you have
misspelled it (e.g., `\hobx'), type `I' and the correct
spelling (e.g., `I\hbox'). Otherwise just continue,
and I'll forget about whatever was undefined.

Missing character: There is no ä¸€ in font nullfont!
Missing character: There is no äº› in font nullfont!
Missing character: There is no å…¶ in font nullfont!
Missing character: There is no ä»– in font nullfont!
Missing character: There is no çš„ in font nullfont!
Missing character: There is no é—® in font nullfont!
Missing character: There is no é¢˜ in font nullfont!
Missing character: There is no 1 in font nullfont!
Missing character: There is no . in font nullfont!
Missing character: There is no L in font nullfont!
Missing character: There is no R in font nullfont!
Missing character: There is no æ˜¯ in font nullfont!
Missing character: There is no åŸº in font nullfont!
Missing character: There is no äº in font nullfont!
Missing character: There is no æ¦‚ in font nullfont!
Missing character: There is no ç‡ in font nullfont!
Missing character: There is no çš„ in font nullfont!
Missing character: There is no ä¸€ in font nullfont!
Missing character: There is no ä¸ª in font nullfont!
Missing character: There is no æ¨¡ in font nullfont!
Missing character: There is no å‹ in font nullfont!
Missing character: There is no ï¼Œ in font nullfont!
Missing character: There is no æ‰€ in font nullfont!
Missing character: There is no æœ‰ in font nullfont!
Missing character: There is no çš„ in font nullfont!
Missing character: There is no ç‚¹ in font nullfont!
Missing character: There is no éƒ½ in font nullfont!
Missing character: There is no ä¼š in font nullfont!
Missing character: There is no å‚ in font nullfont!
Missing character: There is no ä¸ in font nullfont!
Missing character: There is no æ¨¡ in font nullfont!
Missing character: There is no å‹ in font nullfont!
Missing character: There is no å‚ in font nullfont!
Missing character: There is no æ•° in font nullfont!
Missing character: There is no çš„ in font nullfont!
Missing character: There is no æ›´ in font nullfont!
Missing character: There is no æ–° in font nullfont!
Missing character: There is no ã€‚ in font nullfont!
Missing character: There is no S in font nullfont!
Missing character: There is no V in font nullfont!
Missing character: There is no M in font nullfont!
Missing character: There is no æ˜¯ in font nullfont!
Missing character: There is no åŸº in font nullfont!
Missing character: There is no äº in font nullfont!
Missing character: There is no æœ€ in font nullfont!
Missing character: There is no å¤§ in font nullfont!
Missing character: There is no åŒ– in font nullfont!
Missing character: There is no é—´ in font nullfont!
Missing character: There is no éš” in font nullfont!
Missing character: There is no çš„ in font nullfont!
Missing character: There is no æ¨¡ in font nullfont!
Missing character: There is no å‹ in font nullfont!
Missing character: There is no ï¼Œ in font nullfont!
Missing character: There is no ç”± in font nullfont!
Missing character: There is no å°‘ in font nullfont!
Missing character: There is no é‡ in font nullfont!
Missing character: There is no çš„ in font nullfont!
Missing character: There is no æ”¯ in font nullfont!
Missing character: There is no æŒ in font nullfont!
Missing character: There is no å‘ in font nullfont!
Missing character: There is no é‡ in font nullfont!
Missing character: There is no å†³ in font nullfont!
Missing character: There is no å®š in font nullfont!
Missing character: There is no ã€‚ in font nullfont!

Overfull \hbox (20.0pt too wide) in paragraph at lines 77--80
[]
 []

)
! Emergency stop.
<*> chap2_LR.tex
                
*** (job aborted, no legal \end found)

 
Here is how much of TeX's memory you used:
 27 strings out of 493638
 277 string characters out of 6146796
 56571 words of memory out of 5000000
 3519 multiletter control sequences out of 15000+600000
 6397 words of font info for 23 fonts, out of 8000000 for 9000
 1328 hyphenation exceptions out of 8191
 18i,3n,15p,140b,92s stack positions out of 5000i,500n,10000p,200000b,80000s
No pages of output.
