This is XeTeX, Version 3.14159265-2.6-0.99992 (TeX Live 2015/Debian) (preloaded format=xelatex 2017.8.23)  17 OCT 2017 17:28
entering extended mode
 restricted \write18 enabled.
 %&-line parsing enabled.
**chap6_nlp.tex
(./chap6_nlp.tex
LaTeX2e <2016/02/01>
Babel <3.9q> and hyphenation patterns for 81 language(s) loaded.
! Undefined control sequence.
l.1 \chapter
            {è‡ªç„¶è¯­è¨€å¤„ç†}
The control sequence at the end of the top line
of your error message was never \def'ed. If you have
misspelled it (e.g., `\hobx'), type `I' and the correct
spelling (e.g., `I\hbox'). Otherwise just continue,
and I'll forget about whatever was undefined.


! LaTeX Error: Missing \begin{document}.

See the LaTeX manual or LaTeX Companion for explanation.
Type  H <return>  for immediate help.
 ...                                              
                                                  
l.1 \chapter{è‡ª
                ç„¶è¯­è¨€å¤„ç†}
You're in trouble here.  Try typing  <return>  to proceed.
If that doesn't work, type  X <return>  to quit.

Missing character: There is no è‡ª in font nullfont!
Missing character: There is no ç„¶ in font nullfont!
Missing character: There is no è¯­ in font nullfont!
Missing character: There is no è¨€ in font nullfont!
Missing character: There is no å¤„ in font nullfont!
Missing character: There is no ç† in font nullfont!

Overfull \hbox (20.0pt too wide) in paragraph at lines 1--2
[] 
 []

! Undefined control sequence.
l.3 \section
            *{Introduction}
The control sequence at the end of the top line
of your error message was never \def'ed. If you have
misspelled it (e.g., `\hobx'), type `I' and the correct
spelling (e.g., `I\hbox'). Otherwise just continue,
and I'll forget about whatever was undefined.


! LaTeX Error: Missing \begin{document}.

See the LaTeX manual or LaTeX Companion for explanation.
Type  H <return>  for immediate help.
 ...                                              
                                                  
l.3 \section*
             {Introduction}
You're in trouble here.  Try typing  <return>  to proceed.
If that doesn't work, type  X <return>  to quit.

Missing character: There is no * in font nullfont!
Missing character: There is no I in font nullfont!
Missing character: There is no n in font nullfont!
Missing character: There is no t in font nullfont!
Missing character: There is no r in font nullfont!
Missing character: There is no o in font nullfont!
Missing character: There is no d in font nullfont!
Missing character: There is no u in font nullfont!
Missing character: There is no c in font nullfont!
Missing character: There is no t in font nullfont!
Missing character: There is no i in font nullfont!
Missing character: There is no o in font nullfont!
Missing character: There is no n in font nullfont!
Missing character: There is no æœ¬ in font nullfont!
Missing character: There is no ç«  in font nullfont!
Missing character: There is no èŠ‚ in font nullfont!
Missing character: There is no ä¸» in font nullfont!
Missing character: There is no è¦ in font nullfont!
Missing character: There is no ä»‹ in font nullfont!
Missing character: There is no ç» in font nullfont!
Missing character: There is no ä¸€ in font nullfont!
Missing character: There is no äº› in font nullfont!
Missing character: There is no æ–‡ in font nullfont!
Missing character: There is no æœ¬ in font nullfont!
Missing character: There is no æ–¹ in font nullfont!
Missing character: There is no é¢ in font nullfont!
Missing character: There is no ç›¸ in font nullfont!
Missing character: There is no å…³ in font nullfont!
Missing character: There is no çš„ in font nullfont!
Missing character: There is no çŸ¥ in font nullfont!
Missing character: There is no è¯† in font nullfont!
Missing character: There is no ã€‚ in font nullfont!

Overfull \hbox (20.0pt too wide) in paragraph at lines 3--5
[]
 []

! Undefined control sequence.
l.7 \section
            {å¦‚ä½•è¡¨ç¤ºè¯}
The control sequence at the end of the top line
of your error message was never \def'ed. If you have
misspelled it (e.g., `\hobx'), type `I' and the correct
spelling (e.g., `I\hbox'). Otherwise just continue,
and I'll forget about whatever was undefined.


! LaTeX Error: Missing \begin{document}.

See the LaTeX manual or LaTeX Companion for explanation.
Type  H <return>  for immediate help.
 ...                                              
                                                  
l.7 \section{å¦‚
                ä½•è¡¨ç¤ºè¯}
You're in trouble here.  Try typing  <return>  to proceed.
If that doesn't work, type  X <return>  to quit.

Missing character: There is no å¦‚ in font nullfont!
Missing character: There is no ä½• in font nullfont!
Missing character: There is no è¡¨ in font nullfont!
Missing character: There is no ç¤º in font nullfont!
Missing character: There is no è¯ in font nullfont!
! Undefined control sequence.
l.8 ^^I\subsection
                  *{Introduction}
The control sequence at the end of the top line
of your error message was never \def'ed. If you have
misspelled it (e.g., `\hobx'), type `I' and the correct
spelling (e.g., `I\hbox'). Otherwise just continue,
and I'll forget about whatever was undefined.

Missing character: There is no * in font nullfont!
Missing character: There is no I in font nullfont!
Missing character: There is no n in font nullfont!
Missing character: There is no t in font nullfont!
Missing character: There is no r in font nullfont!
Missing character: There is no o in font nullfont!
Missing character: There is no d in font nullfont!
Missing character: There is no u in font nullfont!
Missing character: There is no c in font nullfont!
Missing character: There is no t in font nullfont!
Missing character: There is no i in font nullfont!
Missing character: There is no o in font nullfont!
Missing character: There is no n in font nullfont!
Missing character: There is no æœ¬ in font nullfont!
Missing character: There is no èŠ‚ in font nullfont!
Missing character: There is no ä¸» in font nullfont!
Missing character: There is no è¦ in font nullfont!
Missing character: There is no ä»‹ in font nullfont!
Missing character: There is no ç» in font nullfont!
Missing character: There is no å¦‚ in font nullfont!
Missing character: There is no ä½• in font nullfont!
Missing character: There is no ä½¿ in font nullfont!
Missing character: There is no ç”¨ in font nullfont!
Missing character: There is no è¯ in font nullfont!
Missing character: There is no å‘ in font nullfont!
Missing character: There is no é‡ in font nullfont!
Missing character: There is no çš„ in font nullfont!
Missing character: There is no å½¢ in font nullfont!
Missing character: There is no å¼ in font nullfont!
Missing character: There is no å» in font nullfont!
Missing character: There is no è¡¨ in font nullfont!
Missing character: There is no è¾¾ in font nullfont!
Missing character: There is no ä¸€ in font nullfont!
Missing character: There is no ä¸ª in font nullfont!
Missing character: There is no æ¨¡ in font nullfont!
Missing character: There is no å‹ in font nullfont!
Missing character: There is no ï¼Œ in font nullfont!
Missing character: There is no æœ¬ in font nullfont!
Missing character: There is no ç«  in font nullfont!
Missing character: There is no èŠ‚ in font nullfont!
Missing character: There is no å¤§ in font nullfont!
Missing character: There is no éƒ¨ in font nullfont!
Missing character: There is no åˆ† in font nullfont!
Missing character: There is no å†… in font nullfont!
Missing character: There is no å®¹ in font nullfont!
Missing character: There is no æ¥ in font nullfont!
Missing character: There is no è‡ª in font nullfont!
Missing character: There is no çŸ¥ in font nullfont!
Missing character: There is no ä¹ in font nullfont!
Missing character: There is no ä¸“ in font nullfont!
Missing character: There is no æ  in font nullfont!
Missing character: There is no ä»¥ in font nullfont!
Missing character: There is no åŠ in font nullfont!
Missing character: There is no c in font nullfont!
Missing character: There is no s in font nullfont!
Missing character: There is no 2 in font nullfont!
Missing character: There is no 2 in font nullfont!
Missing character: There is no 4 in font nullfont!
Missing character: There is no d in font nullfont!
Missing character: There is no è¯¾ in font nullfont!
Missing character: There is no ç¨‹ in font nullfont!
Missing character: There is no ã€‚ in font nullfont!

Overfull \hbox (20.0pt too wide) in paragraph at lines 7--10
[]
 []

! Undefined control sequence.
l.11 ^^I\subsection
                   {one-hot}
The control sequence at the end of the top line
of your error message was never \def'ed. If you have
misspelled it (e.g., `\hobx'), type `I' and the correct
spelling (e.g., `I\hbox'). Otherwise just continue,
and I'll forget about whatever was undefined.


! LaTeX Error: Missing \begin{document}.

See the LaTeX manual or LaTeX Companion for explanation.
Type  H <return>  for immediate help.
 ...                                              
                                                  
l.11 ^^I\subsection{o
                     ne-hot}
You're in trouble here.  Try typing  <return>  to proceed.
If that doesn't work, type  X <return>  to quit.

Missing character: There is no o in font nullfont!
Missing character: There is no n in font nullfont!
Missing character: There is no e in font nullfont!
Missing character: There is no - in font nullfont!
Missing character: There is no h in font nullfont!
Missing character: There is no o in font nullfont!
Missing character: There is no t in font nullfont!
Missing character: There is no é¦– in font nullfont!
Missing character: There is no å…ˆ in font nullfont!
Missing character: There is no ï¼Œ in font nullfont!
Missing character: There is no å¯ in font nullfont!
Missing character: There is no ä»¥ in font nullfont!
Missing character: There is no å°† in font nullfont!
Missing character: There is no æ¯ in font nullfont!
Missing character: There is no ä¸ª in font nullfont!
Missing character: There is no è¯ in font nullfont!
Missing character: There is no è¡¨ in font nullfont!
Missing character: There is no ç¤º in font nullfont!
Missing character: There is no æˆ in font nullfont!
Missing character: There is no o in font nullfont!
Missing character: There is no n in font nullfont!
Missing character: There is no e in font nullfont!
Missing character: There is no - in font nullfont!
Missing character: There is no h in font nullfont!
Missing character: There is no o in font nullfont!
Missing character: There is no t in font nullfont!
Missing character: There is no v in font nullfont!
Missing character: There is no e in font nullfont!
Missing character: There is no c in font nullfont!
Missing character: There is no t in font nullfont!
Missing character: There is no o in font nullfont!
Missing character: There is no r in font nullfont!
Missing character: There is no , in font nullfont!
Missing character: There is no å°± in font nullfont!
Missing character: There is no æ˜¯ in font nullfont!
Missing character: There is no åª in font nullfont!
Missing character: There is no æœ‰ in font nullfont!
Missing character: There is no åœ¨ in font nullfont!
Missing character: There is no å¯¹ in font nullfont!
Missing character: There is no åº” in font nullfont!
Missing character: There is no ä½ in font nullfont!
Missing character: There is no ç½® in font nullfont!
Missing character: There is no çš„ in font nullfont!
Missing character: There is no å‘ in font nullfont!
Missing character: There is no é‡ in font nullfont!
Missing character: There is no çš„ in font nullfont!
Missing character: There is no å€¼ in font nullfont!
Missing character: There is no ä¸º in font nullfont!
Missing character: There is no 1 in font nullfont!
Missing character: There is no ï¼Œ in font nullfont!
Missing character: There is no å…¶ in font nullfont!
Missing character: There is no ä½™ in font nullfont!
Missing character: There is no ä½ in font nullfont!
Missing character: There is no ç½® in font nullfont!
Missing character: There is no ä¸º in font nullfont!
Missing character: There is no 0 in font nullfont!
Missing character: There is no ï¼Œ in font nullfont!
Missing character: There is no å¦‚ in font nullfont!
Missing character: There is no ä¸‹ in font nullfont!
Missing character: There is no å›¾ in font nullfont!
Missing character: There is no æ‰€ in font nullfont!
Missing character: There is no ç¤º in font nullfont!
Missing character: There is no ï¼š in font nullfont!

Overfull \hbox (20.0pt too wide) in paragraph at lines 11--13
[]
 []


! LaTeX Error: Environment figure undefined.

See the LaTeX manual or LaTeX Companion for explanation.
Type  H <return>  for immediate help.
 ...                                              
                                                  
l.15 ^^I\begin{figure}
                      [htbp]
Your command was ignored.
Type  I <command> <return>  to replace it with another command,
or  <return>  to continue without it.


! LaTeX Error: Missing \begin{document}.

See the LaTeX manual or LaTeX Companion for explanation.
Type  H <return>  for immediate help.
 ...                                              
                                                  
l.15 ^^I\begin{figure}[
                       htbp]
You're in trouble here.  Try typing  <return>  to proceed.
If that doesn't work, type  X <return>  to quit.

Missing character: There is no [ in font nullfont!
Missing character: There is no h in font nullfont!
Missing character: There is no t in font nullfont!
Missing character: There is no b in font nullfont!
Missing character: There is no p in font nullfont!
Missing character: There is no ] in font nullfont!
! Undefined control sequence.
l.16 ^^I\centering\includegraphics
                                  [width=6in]{img/6-1.png}
The control sequence at the end of the top line
of your error message was never \def'ed. If you have
misspelled it (e.g., `\hobx'), type `I' and the correct
spelling (e.g., `I\hbox'). Otherwise just continue,
and I'll forget about whatever was undefined.

Missing character: There is no [ in font nullfont!
Missing character: There is no w in font nullfont!
Missing character: There is no i in font nullfont!
Missing character: There is no d in font nullfont!
Missing character: There is no t in font nullfont!
Missing character: There is no h in font nullfont!
Missing character: There is no = in font nullfont!
Missing character: There is no 6 in font nullfont!
Missing character: There is no i in font nullfont!
Missing character: There is no n in font nullfont!
Missing character: There is no ] in font nullfont!
Missing character: There is no i in font nullfont!
Missing character: There is no m in font nullfont!
Missing character: There is no g in font nullfont!
Missing character: There is no / in font nullfont!
Missing character: There is no 6 in font nullfont!
Missing character: There is no - in font nullfont!
Missing character: There is no 1 in font nullfont!
Missing character: There is no . in font nullfont!
Missing character: There is no p in font nullfont!
Missing character: There is no n in font nullfont!
Missing character: There is no g in font nullfont!

! LaTeX Error: \caption outside float.

See the LaTeX manual or LaTeX Companion for explanation.
Type  H <return>  for immediate help.
 ...                                              
                                                  
l.17 ^^I\caption
                {one-hot}\label{fig:6-1}
You're in trouble here.  Try typing  <return>  to proceed.
If that doesn't work, type  X <return>  to quit.

Missing character: There is no o in font nullfont!
Missing character: There is no n in font nullfont!
Missing character: There is no e in font nullfont!
Missing character: There is no - in font nullfont!
Missing character: There is no h in font nullfont!
Missing character: There is no o in font nullfont!
Missing character: There is no t in font nullfont!

! LaTeX Error: \begin{document} ended by \end{figure}.

See the LaTeX manual or LaTeX Companion for explanation.
Type  H <return>  for immediate help.
 ...                                              
                                                  
l.18 ^^I\end{figure}
                    
Your command was ignored.
Type  I <command> <return>  to replace it with another command,
or  <return>  to continue without it.


Overfull \hbox (20.0pt too wide) in paragraph at lines 15--19
[]
 []


! LaTeX Error: Missing \begin{document}.

See the LaTeX manual or LaTeX Companion for explanation.
Type  H <return>  for immediate help.
 ...                                              
                                                  
l.20 ^^Iä½†
           æ˜¯è¿™ç§è¡¨ç¤ºæ–¹æ³•æœ‰å‡ ç§ç¼ºç‚¹ï¼Œä¸€ç§æ˜¯å¦‚æœè¯è¡¨å¤ªé•...

You're in trouble here.  Try typing  <return>  to proceed.
If that doesn't work, type  X <return>  to quit.

Missing character: There is no ä½† in font nullfont!
Missing character: There is no æ˜¯ in font nullfont!
Missing character: There is no è¿™ in font nullfont!
Missing character: There is no ç§ in font nullfont!
Missing character: There is no è¡¨ in font nullfont!
Missing character: There is no ç¤º in font nullfont!
Missing character: There is no æ–¹ in font nullfont!
Missing character: There is no æ³• in font nullfont!
Missing character: There is no æœ‰ in font nullfont!
Missing character: There is no å‡  in font nullfont!
Missing character: There is no ç§ in font nullfont!
Missing character: There is no ç¼º in font nullfont!
Missing character: There is no ç‚¹ in font nullfont!
Missing character: There is no ï¼Œ in font nullfont!
Missing character: There is no ä¸€ in font nullfont!
Missing character: There is no ç§ in font nullfont!
Missing character: There is no æ˜¯ in font nullfont!
Missing character: There is no å¦‚ in font nullfont!
Missing character: There is no æœ in font nullfont!
Missing character: There is no è¯ in font nullfont!
Missing character: There is no è¡¨ in font nullfont!
Missing character: There is no å¤ª in font nullfont!
Missing character: There is no é•¿ in font nullfont!
Missing character: There is no çš„ in font nullfont!
Missing character: There is no è¯ in font nullfont!
Missing character: There is no ï¼Œ in font nullfont!
Missing character: There is no æˆ‘ in font nullfont!
Missing character: There is no ä»¬ in font nullfont!
Missing character: There is no å¯ in font nullfont!
Missing character: There is no èƒ½ in font nullfont!
Missing character: There is no æ²¡ in font nullfont!
Missing character: There is no æœ‰ in font nullfont!
Missing character: There is no é‚£ in font nullfont!
Missing character: There is no ä¹ˆ in font nullfont!
Missing character: There is no å¤š in font nullfont!
Missing character: There is no çš„ in font nullfont!
Missing character: There is no å†… in font nullfont!
Missing character: There is no å­˜ in font nullfont!
Missing character: There is no å» in font nullfont!
Missing character: There is no å­˜ in font nullfont!
Missing character: There is no å‚¨ in font nullfont!
Missing character: There is no è¿™ in font nullfont!
Missing character: There is no ä¹ˆ in font nullfont!
Missing character: There is no å¤š in font nullfont!
Missing character: There is no çš„ in font nullfont!
Missing character: There is no è¯ in font nullfont!
Missing character: There is no å‘ in font nullfont!
Missing character: There is no é‡ in font nullfont!
Missing character: There is no ï¼Œ in font nullfont!
Missing character: There is no å¦ in font nullfont!
Missing character: There is no å¤– in font nullfont!
Missing character: There is no ä¸€ in font nullfont!
Missing character: There is no ç§ in font nullfont!
Missing character: There is no æ˜¯ in font nullfont!
Missing character: There is no ï¼Œ in font nullfont!
Missing character: There is no æ¯ in font nullfont!
Missing character: There is no ä¸ª in font nullfont!
Missing character: There is no w in font nullfont!
Missing character: There is no o in font nullfont!
Missing character: There is no r in font nullfont!
Missing character: There is no d in font nullfont!
Missing character: There is no ä¹‹ in font nullfont!
Missing character: There is no é—´ in font nullfont!
Missing character: There is no éƒ½ in font nullfont!
Missing character: There is no æ˜¯ in font nullfont!
Missing character: There is no ç‹¬ in font nullfont!
Missing character: There is no ç«‹ in font nullfont!
Missing character: There is no çš„ in font nullfont!
Missing character: There is no ï¼Œ in font nullfont!
Missing character: There is no æˆ‘ in font nullfont!
Missing character: There is no ä»¬ in font nullfont!
Missing character: There is no æ²¡ in font nullfont!
Missing character: There is no æœ‰ in font nullfont!
Missing character: There is no åŠ in font nullfont!
Missing character: There is no æ³• in font nullfont!
Missing character: There is no ä» in font nullfont!
Missing character: There is no ä¸­ in font nullfont!
Missing character: There is no æ‰¾ in font nullfont!
Missing character: There is no åˆ° in font nullfont!
Missing character: There is no ä»– in font nullfont!
Missing character: There is no ä»¬ in font nullfont!
Missing character: There is no ä¹‹ in font nullfont!
Missing character: There is no é—´ in font nullfont!
Missing character: There is no çš„ in font nullfont!
Missing character: There is no å…³ in font nullfont!
Missing character: There is no ç³» in font nullfont!
Missing character: There is no ã€‚ in font nullfont!

Overfull \hbox (20.0pt too wide) in paragraph at lines 20--21
[] 
 []


! LaTeX Error: Missing \begin{document}.

See the LaTeX manual or LaTeX Companion for explanation.
Type  H <return>  for immediate help.
 ...                                              
                                                  
l.22 ^^I\begin{equation}
                        
You're in trouble here.  Try typing  <return>  to proceed.
If that doesn't work, type  X <return>  to quit.


Overfull \hbox (20.0pt too wide) in paragraph at lines 22--22
[] 
 []

LaTeX Font Info:    External font `cmex10' loaded for size
(Font)              <7> on input line 22.
LaTeX Font Info:    External font `cmex10' loaded for size
(Font)              <5> on input line 22.

Overfull \hbox (174.47673pt too wide) detected at line 24
\OT1/cmr/m/n/10 (\OML/cmm/m/it/10 w[]\OT1/cmr/m/n/10 )[](\OML/cmm/m/it/10 w[]\O
T1/cmr/m/n/10 ) = (\OML/cmm/m/it/10 w[]\OT1/cmr/m/n/10 )[](\OML/cmm/m/it/10 w[]
\OT1/cmr/m/n/10 ) = 0
 []


! LaTeX Error: Missing \begin{document}.

See the LaTeX manual or LaTeX Companion for explanation.
Type  H <return>  for immediate help.
 ...                                              
                                                  
l.26 ^^Iè™½
           ç„¶ä¸¤ä¸ªå‘é‡ä¹‹é—´çš„ç‚¹ä¹˜å¯ä»¥è¡¨ç¤ºwordä¹‹é—´çš„å…³ç³»ï¼Œä...

You're in trouble here.  Try typing  <return>  to proceed.
If that doesn't work, type  X <return>  to quit.

Missing character: There is no è™½ in font nullfont!
Missing character: There is no ç„¶ in font nullfont!
Missing character: There is no ä¸¤ in font nullfont!
Missing character: There is no ä¸ª in font nullfont!
Missing character: There is no å‘ in font nullfont!
Missing character: There is no é‡ in font nullfont!
Missing character: There is no ä¹‹ in font nullfont!
Missing character: There is no é—´ in font nullfont!
Missing character: There is no çš„ in font nullfont!
Missing character: There is no ç‚¹ in font nullfont!
Missing character: There is no ä¹˜ in font nullfont!
Missing character: There is no å¯ in font nullfont!
Missing character: There is no ä»¥ in font nullfont!
Missing character: There is no è¡¨ in font nullfont!
Missing character: There is no ç¤º in font nullfont!
Missing character: There is no w in font nullfont!
Missing character: There is no o in font nullfont!
Missing character: There is no r in font nullfont!
Missing character: There is no d in font nullfont!
Missing character: There is no ä¹‹ in font nullfont!
Missing character: There is no é—´ in font nullfont!
Missing character: There is no çš„ in font nullfont!
Missing character: There is no å…³ in font nullfont!
Missing character: There is no ç³» in font nullfont!
Missing character: There is no ï¼Œ in font nullfont!
Missing character: There is no ä½† in font nullfont!
Missing character: There is no æ˜¯ in font nullfont!
Missing character: There is no ç”± in font nullfont!
Missing character: There is no äº in font nullfont!
Missing character: There is no åœ¨ in font nullfont!
Missing character: There is no o in font nullfont!
Missing character: There is no n in font nullfont!
Missing character: There is no e in font nullfont!
Missing character: There is no - in font nullfont!
Missing character: There is no h in font nullfont!
Missing character: There is no o in font nullfont!
Missing character: There is no t in font nullfont!
Missing character: There is no ä¸­ in font nullfont!
Missing character: There is no ï¼Œ in font nullfont!
Missing character: There is no ä»» in font nullfont!
Missing character: There is no æ„ in font nullfont!
Missing character: There is no ä¸¤ in font nullfont!
Missing character: There is no ä¸ª in font nullfont!
Missing character: There is no å‘ in font nullfont!
Missing character: There is no é‡ in font nullfont!
Missing character: There is no éƒ½ in font nullfont!
Missing character: There is no æ˜¯ in font nullfont!
Missing character: There is no æ­£ in font nullfont!
Missing character: There is no äº¤ in font nullfont!
Missing character: There is no çš„ in font nullfont!
Missing character: There is no ï¼Œ in font nullfont!
Missing character: There is no å›  in font nullfont!
Missing character: There is no æ­¤ in font nullfont!
Missing character: There is no ä»– in font nullfont!
Missing character: There is no ä»¬ in font nullfont!
Missing character: There is no ä¹‹ in font nullfont!
Missing character: There is no é—´ in font nullfont!
Missing character: There is no çš„ in font nullfont!
Missing character: There is no ç‚¹ in font nullfont!
Missing character: There is no ä¹˜ in font nullfont!
Missing character: There is no ç»“ in font nullfont!
Missing character: There is no æœ in font nullfont!
Missing character: There is no éƒ½ in font nullfont!
Missing character: There is no æ˜¯ in font nullfont!
Missing character: There is no 0 in font nullfont!
Missing character: There is no ï¼Œ in font nullfont!
Missing character: There is no æ‰€ in font nullfont!
Missing character: There is no ä»¥ in font nullfont!
Missing character: There is no ä¸ in font nullfont!
Missing character: There is no èƒ½ in font nullfont!
Missing character: There is no é€š in font nullfont!
Missing character: There is no è¿‡ in font nullfont!
Missing character: There is no è¿™ in font nullfont!
Missing character: There is no ç§ in font nullfont!
Missing character: There is no æ–¹ in font nullfont!
Missing character: There is no å¼ in font nullfont!
Missing character: There is no æ¥ in font nullfont!
Missing character: There is no è¡¨ in font nullfont!
Missing character: There is no è¾¾ in font nullfont!
Missing character: There is no å‘ in font nullfont!
Missing character: There is no é‡ in font nullfont!
Missing character: There is no ä¹‹ in font nullfont!
Missing character: There is no é—´ in font nullfont!
Missing character: There is no çš„ in font nullfont!
Missing character: There is no ç›¸ in font nullfont!
Missing character: There is no ä¼¼ in font nullfont!
Missing character: There is no ç¨‹ in font nullfont!
Missing character: There is no åº¦ in font nullfont!
Missing character: There is no ã€‚ in font nullfont!
Missing character: There is no å›  in font nullfont!
Missing character: There is no æ­¤ in font nullfont!
Missing character: There is no æˆ‘ in font nullfont!
Missing character: There is no ä»¬ in font nullfont!
Missing character: There is no éœ€ in font nullfont!
Missing character: There is no è¦ in font nullfont!
Missing character: There is no é€š in font nullfont!
Missing character: There is no è¿‡ in font nullfont!
Missing character: There is no æŸ in font nullfont!
Missing character: There is no ç§ in font nullfont!
Missing character: There is no æ–¹ in font nullfont!
Missing character: There is no å¼ in font nullfont!
Missing character: There is no ï¼Œ in font nullfont!
Missing character: There is no å°† in font nullfont!
Missing character: There is no è¿™ in font nullfont!
Missing character: There is no ä¸ª in font nullfont!
Missing character: There is no é«˜ in font nullfont!
Missing character: There is no ç»´ in font nullfont!
Missing character: There is no ç©º in font nullfont!
Missing character: There is no é—´ in font nullfont!
Missing character: There is no å‹ in font nullfont!
Missing character: There is no ç¼© in font nullfont!
Missing character: There is no åˆ° in font nullfont!
Missing character: There is no ä¸€ in font nullfont!
Missing character: There is no ä¸ª in font nullfont!
Missing character: There is no ä½ in font nullfont!
Missing character: There is no ç»´ in font nullfont!
Missing character: There is no çš„ in font nullfont!
Missing character: There is no ç©º in font nullfont!
Missing character: There is no é—´ in font nullfont!
Missing character: There is no ä¸­ in font nullfont!
Missing character: There is no å» in font nullfont!
Missing character: There is no ã€‚ in font nullfont!

Overfull \hbox (20.0pt too wide) in paragraph at lines 26--27
[] 
 []


! LaTeX Error: Missing \begin{document}.

See the LaTeX manual or LaTeX Companion for explanation.
Type  H <return>  for immediate help.
 ...                                              
                                                  
l.28 ^^Iæ¯”
           å¦‚ï¼Œæˆ‘ä»¬å¯ä»¥é€šè¿‡ä¸€ä¸ªè¯å‘¨å›´çš„è¯æ¥è¡¨è¾¾è¿™ä¸ªè¯çš...

You're in trouble here.  Try typing  <return>  to proceed.
If that doesn't work, type  X <return>  to quit.

Missing character: There is no æ¯” in font nullfont!
Missing character: There is no å¦‚ in font nullfont!
Missing character: There is no ï¼Œ in font nullfont!
Missing character: There is no æˆ‘ in font nullfont!
Missing character: There is no ä»¬ in font nullfont!
Missing character: There is no å¯ in font nullfont!
Missing character: There is no ä»¥ in font nullfont!
Missing character: There is no é€š in font nullfont!
Missing character: There is no è¿‡ in font nullfont!
Missing character: There is no ä¸€ in font nullfont!
Missing character: There is no ä¸ª in font nullfont!
Missing character: There is no è¯ in font nullfont!
Missing character: There is no å‘¨ in font nullfont!
Missing character: There is no å›´ in font nullfont!
Missing character: There is no çš„ in font nullfont!
Missing character: There is no è¯ in font nullfont!
Missing character: There is no æ¥ in font nullfont!
Missing character: There is no è¡¨ in font nullfont!
Missing character: There is no è¾¾ in font nullfont!
Missing character: There is no è¿™ in font nullfont!
Missing character: There is no ä¸ª in font nullfont!
Missing character: There is no è¯ in font nullfont!
Missing character: There is no çš„ in font nullfont!
Missing character: There is no ä¿¡ in font nullfont!
Missing character: There is no æ¯ in font nullfont!
Missing character: There is no ã€‚ in font nullfont!
Missing character: There is no æ¯” in font nullfont!
Missing character: There is no å¦‚ in font nullfont!
Missing character: There is no å¦‚ in font nullfont!
Missing character: There is no ä¸‹ in font nullfont!
Missing character: There is no çš„ in font nullfont!
Missing character: There is no ä¾‹ in font nullfont!
Missing character: There is no å­ in font nullfont!
Missing character: There is no ã€‚ in font nullfont!
Missing character: There is no å¯ in font nullfont!
Missing character: There is no ä»¥ in font nullfont!
Missing character: There is no ç”¨ in font nullfont!
Missing character: There is no b in font nullfont!
Missing character: There is no a in font nullfont!
Missing character: There is no n in font nullfont!
Missing character: There is no k in font nullfont!
Missing character: There is no i in font nullfont!
Missing character: There is no n in font nullfont!
Missing character: There is no g in font nullfont!
Missing character: There is no å‘¨ in font nullfont!
Missing character: There is no å›´ in font nullfont!
Missing character: There is no çš„ in font nullfont!
Missing character: There is no è¯ in font nullfont!
Missing character: There is no æ¥ in font nullfont!
Missing character: There is no ä»£ in font nullfont!
Missing character: There is no è¡¨ in font nullfont!
Missing character: There is no b in font nullfont!
Missing character: There is no a in font nullfont!
Missing character: There is no n in font nullfont!
Missing character: There is no k in font nullfont!
Missing character: There is no i in font nullfont!
Missing character: There is no n in font nullfont!
Missing character: There is no g in font nullfont!
Missing character: There is no è¿™ in font nullfont!
Missing character: There is no ä¸ª in font nullfont!
Missing character: There is no è¯ in font nullfont!
Missing character: There is no ï¼Œ in font nullfont!
Missing character: There is no è¿™ in font nullfont!
Missing character: There is no æ · in font nullfont!
Missing character: There is no åœ¨ in font nullfont!
Missing character: There is no å¤§ in font nullfont!
Missing character: There is no è§„ in font nullfont!
Missing character: There is no æ¨¡ in font nullfont!
Missing character: There is no çš„ in font nullfont!
Missing character: There is no é¢„ in font nullfont!
Missing character: There is no æ–™ in font nullfont!
Missing character: There is no ä¸­ in font nullfont!
Missing character: There is no ï¼Œ in font nullfont!
Missing character: There is no è¿™ in font nullfont!
Missing character: There is no æ · in font nullfont!
Missing character: There is no çš„ in font nullfont!
Missing character: There is no ç»Ÿ in font nullfont!
Missing character: There is no è®¡ in font nullfont!
Missing character: There is no å°± in font nullfont!
Missing character: There is no å˜ in font nullfont!
Missing character: There is no å¾— in font nullfont!
Missing character: There is no æ¯” in font nullfont!
Missing character: There is no è¾ƒ in font nullfont!
Missing character: There is no é‡ in font nullfont!
Missing character: There is no è¦ in font nullfont!
Missing character: There is no äº† in font nullfont!
Missing character: There is no ã€‚ in font nullfont!

Overfull \hbox (20.0pt too wide) in paragraph at lines 28--29
[] 
 []


! LaTeX Error: Environment figure undefined.

See the LaTeX manual or LaTeX Companion for explanation.
Type  H <return>  for immediate help.
 ...                                              
                                                  
l.30 ^^I\begin{figure}
                      [htbp]
Your command was ignored.
Type  I <command> <return>  to replace it with another command,
or  <return>  to continue without it.


! LaTeX Error: Missing \begin{document}.

See the LaTeX manual or LaTeX Companion for explanation.
Type  H <return>  for immediate help.
 ...                                              
                                                  
l.30 ^^I\begin{figure}[
                       htbp]
You're in trouble here.  Try typing  <return>  to proceed.
If that doesn't work, type  X <return>  to quit.

Missing character: There is no [ in font nullfont!
Missing character: There is no h in font nullfont!
Missing character: There is no t in font nullfont!
Missing character: There is no b in font nullfont!
Missing character: There is no p in font nullfont!
Missing character: There is no ] in font nullfont!
! Undefined control sequence.
l.31 ^^I\centering\includegraphics
                                  [width=6in]{img/6-2.png}
The control sequence at the end of the top line
of your error message was never \def'ed. If you have
misspelled it (e.g., `\hobx'), type `I' and the correct
spelling (e.g., `I\hbox'). Otherwise just continue,
and I'll forget about whatever was undefined.

Missing character: There is no [ in font nullfont!
Missing character: There is no w in font nullfont!
Missing character: There is no i in font nullfont!
Missing character: There is no d in font nullfont!
Missing character: There is no t in font nullfont!
Missing character: There is no h in font nullfont!
Missing character: There is no = in font nullfont!
Missing character: There is no 6 in font nullfont!
Missing character: There is no i in font nullfont!
Missing character: There is no n in font nullfont!
Missing character: There is no ] in font nullfont!
Missing character: There is no i in font nullfont!
Missing character: There is no m in font nullfont!
Missing character: There is no g in font nullfont!
Missing character: There is no / in font nullfont!
Missing character: There is no 6 in font nullfont!
Missing character: There is no - in font nullfont!
Missing character: There is no 2 in font nullfont!
Missing character: There is no . in font nullfont!
Missing character: There is no p in font nullfont!
Missing character: There is no n in font nullfont!
Missing character: There is no g in font nullfont!

! LaTeX Error: \caption outside float.

See the LaTeX manual or LaTeX Companion for explanation.
Type  H <return>  for immediate help.
 ...                                              
                                                  
l.32 ^^I\caption
                {è¯çš„è¡¨ç¤ºå½¢å¼}\label{fig:6-2}
You're in trouble here.  Try typing  <return>  to proceed.
If that doesn't work, type  X <return>  to quit.

Missing character: There is no è¯ in font nullfont!
Missing character: There is no çš„ in font nullfont!
Missing character: There is no è¡¨ in font nullfont!
Missing character: There is no ç¤º in font nullfont!
Missing character: There is no å½¢ in font nullfont!
Missing character: There is no å¼ in font nullfont!

! LaTeX Error: \begin{document} ended by \end{figure}.

See the LaTeX manual or LaTeX Companion for explanation.
Type  H <return>  for immediate help.
 ...                                              
                                                  
l.33 ^^I\end{figure}
                    
Your command was ignored.
Type  I <command> <return>  to replace it with another command,
or  <return>  to continue without it.


Overfull \hbox (20.0pt too wide) in paragraph at lines 30--34
[]
 []


! LaTeX Error: Missing \begin{document}.

See the LaTeX manual or LaTeX Companion for explanation.
Type  H <return>  for immediate help.
 ...                                              
                                                  
l.35 ^^Iè¿™
           æ ·ï¼Œæˆ‘ä»¬å°±å¯ä»¥å°†ä¹‹å‰çš„one-hotå½¢å¼çš„ç¨€ç–çŸ©é˜µå˜æ...

You're in trouble here.  Try typing  <return>  to proceed.
If that doesn't work, type  X <return>  to quit.

Missing character: There is no è¿™ in font nullfont!
Missing character: There is no æ · in font nullfont!
Missing character: There is no ï¼Œ in font nullfont!
Missing character: There is no æˆ‘ in font nullfont!
Missing character: There is no ä»¬ in font nullfont!
Missing character: There is no å°± in font nullfont!
Missing character: There is no å¯ in font nullfont!
Missing character: There is no ä»¥ in font nullfont!
Missing character: There is no å°† in font nullfont!
Missing character: There is no ä¹‹ in font nullfont!
Missing character: There is no å‰ in font nullfont!
Missing character: There is no çš„ in font nullfont!
Missing character: There is no o in font nullfont!
Missing character: There is no n in font nullfont!
Missing character: There is no e in font nullfont!
Missing character: There is no - in font nullfont!
Missing character: There is no h in font nullfont!
Missing character: There is no o in font nullfont!
Missing character: There is no t in font nullfont!
Missing character: There is no å½¢ in font nullfont!
Missing character: There is no å¼ in font nullfont!
Missing character: There is no çš„ in font nullfont!
Missing character: There is no ç¨€ in font nullfont!
Missing character: There is no ç– in font nullfont!
Missing character: There is no çŸ© in font nullfont!
Missing character: There is no é˜µ in font nullfont!
Missing character: There is no å˜ in font nullfont!
Missing character: There is no æˆ in font nullfont!
Missing character: There is no ä¸€ in font nullfont!
Missing character: There is no ä¸ª in font nullfont!
Missing character: There is no ç¨  in font nullfont!
Missing character: There is no å¯† in font nullfont!
Missing character: There is no çš„ in font nullfont!
Missing character: There is no çŸ© in font nullfont!
Missing character: There is no é˜µ in font nullfont!
Missing character: There is no äº† in font nullfont!
Missing character: There is no ï¼Œ in font nullfont!
Missing character: There is no ä½† in font nullfont!
Missing character: There is no æ˜¯ in font nullfont!
Missing character: There is no è¿™ in font nullfont!
Missing character: There is no é‡Œ in font nullfont!
Missing character: There is no çš„ in font nullfont!
Missing character: There is no ä¸€ in font nullfont!
Missing character: There is no ä¸ª in font nullfont!
Missing character: There is no è¯ in font nullfont!
Missing character: There is no çš„ in font nullfont!
Missing character: There is no è¯ in font nullfont!
Missing character: There is no å‘ in font nullfont!
Missing character: There is no é‡ in font nullfont!
Missing character: There is no æ˜¯ in font nullfont!
Missing character: There is no ä» in font nullfont!
Missing character: There is no è®¡ in font nullfont!
Missing character: There is no ç®— in font nullfont!
Missing character: There is no æœº in font nullfont!
Missing character: There is no çš„ in font nullfont!
Missing character: There is no è§’ in font nullfont!
Missing character: There is no åº¦ in font nullfont!
Missing character: There is no æ¥ in font nullfont!
Missing character: There is no ç† in font nullfont!
Missing character: There is no è§£ in font nullfont!
Missing character: There is no çš„ in font nullfont!
Missing character: There is no ï¼Œ in font nullfont!
Missing character: There is no æ²¡ in font nullfont!
Missing character: There is no æœ‰ in font nullfont!
Missing character: There is no ä»€ in font nullfont!
Missing character: There is no ä¹ˆ in font nullfont!
Missing character: There is no æ„Ÿ in font nullfont!
Missing character: There is no çŸ¥ in font nullfont!
Missing character: There is no ä¸Š in font nullfont!
Missing character: There is no çš„ in font nullfont!
Missing character: There is no æ„ in font nullfont!
Missing character: There is no ä¹‰ in font nullfont!
Missing character: There is no ã€‚ in font nullfont!
Missing character: There is no è¿™ in font nullfont!
Missing character: There is no æ · in font nullfont!
Missing character: There is no ï¼Œ in font nullfont!
Missing character: There is no æˆ‘ in font nullfont!
Missing character: There is no ä»¬ in font nullfont!
Missing character: There is no çš„ in font nullfont!
Missing character: There is no é—® in font nullfont!
Missing character: There is no é¢˜ in font nullfont!
Missing character: There is no å°± in font nullfont!
Missing character: There is no æ¯” in font nullfont!
Missing character: There is no è¾ƒ in font nullfont!
Missing character: There is no æ˜ in font nullfont!
Missing character: There is no ç¡® in font nullfont!
Missing character: There is no äº† in font nullfont!
Missing character: There is no ï¼Œ in font nullfont!
Missing character: There is no å³ in font nullfont!
Missing character: There is no æ‰¾ in font nullfont!
Missing character: There is no åˆ° in font nullfont!
Missing character: There is no ä¸€ in font nullfont!
Missing character: There is no ä¸ª in font nullfont!
Missing character: There is no m in font nullfont!
Missing character: There is no o in font nullfont!
Missing character: There is no d in font nullfont!
Missing character: There is no e in font nullfont!
Missing character: There is no l in font nullfont!
Missing character: There is no æ¥ in font nullfont!
Missing character: There is no åˆ» in font nullfont!
Missing character: There is no ç”» in font nullfont!
Missing character: There is no ä¸€ in font nullfont!
Missing character: There is no ä¸ª in font nullfont!
Missing character: There is no è¯ in font nullfont!
Missing character: There is no å’Œ in font nullfont!
Missing character: There is no å®ƒ in font nullfont!
Missing character: There is no çš„ in font nullfont!
Missing character: There is no ä¸Š in font nullfont!
Missing character: There is no ä¸‹ in font nullfont!
Missing character: There is no æ–‡ in font nullfont!
Missing character: There is no ä¹‹ in font nullfont!
Missing character: There is no é—´ in font nullfont!
Missing character: There is no çš„ in font nullfont!
Missing character: There is no æ¦‚ in font nullfont!
Missing character: There is no ç‡ in font nullfont!
Missing character: There is no ï¼ˆ in font nullfont!
Missing character: There is no å³ in font nullfont!
Missing character: There is no å°† in font nullfont!
Missing character: There is no o in font nullfont!
Missing character: There is no n in font nullfont!
Missing character: There is no e in font nullfont!
Missing character: There is no - in font nullfont!
Missing character: There is no h in font nullfont!
Missing character: There is no o in font nullfont!
Missing character: There is no t in font nullfont!
Missing character: There is no å˜ in font nullfont!
Missing character: There is no æˆ in font nullfont!
Missing character: There is no ç¨  in font nullfont!
Missing character: There is no å¯† in font nullfont!
Missing character: There is no çš„ in font nullfont!
Missing character: There is no çŸ© in font nullfont!
Missing character: There is no é˜µ in font nullfont!
Missing character: There is no ï¼‰ in font nullfont!
Missing character: There is no ï¼Œ in font nullfont!
Missing character: There is no æ¦‚ in font nullfont!
Missing character: There is no ç‡ in font nullfont!
Missing character: There is no è¶Š in font nullfont!
Missing character: There is no å¤§ in font nullfont!
Missing character: There is no è¯´ in font nullfont!
Missing character: There is no æ˜ in font nullfont!
Missing character: There is no å­¦ in font nullfont!
Missing character: There is no ä¹  in font nullfont!
Missing character: There is no çš„ in font nullfont!
Missing character: There is no è¶Š in font nullfont!
Missing character: There is no å¥½ in font nullfont!
Missing character: There is no ã€‚ in font nullfont!
Missing character: There is no å¦‚ in font nullfont!
Missing character: There is no æœ in font nullfont!
Missing character: There is no å– in font nullfont!
Missing character: There is no è´Ÿ in font nullfont!
Missing character: There is no å€¼ in font nullfont!
Missing character: There is no ï¼Œ in font nullfont!
Missing character: There is no é‚£ in font nullfont!
Missing character: There is no ä¹ˆ in font nullfont!
Missing character: There is no è¿™ in font nullfont!
Missing character: There is no å°± in font nullfont!
Missing character: There is no æ˜¯ in font nullfont!
Missing character: There is no æˆ‘ in font nullfont!
Missing character: There is no ä»¬ in font nullfont!
Missing character: There is no çš„ in font nullfont!
Missing character: There is no l in font nullfont!
Missing character: There is no o in font nullfont!
Missing character: There is no s in font nullfont!
Missing character: There is no s in font nullfont!
Missing character: There is no f in font nullfont!
Missing character: There is no u in font nullfont!
Missing character: There is no n in font nullfont!
Missing character: There is no c in font nullfont!
Missing character: There is no t in font nullfont!
Missing character: There is no i in font nullfont!
Missing character: There is no o in font nullfont!
Missing character: There is no n in font nullfont!
Missing character: There is no äº† in font nullfont!
Missing character: There is no ã€‚ in font nullfont!

Overfull \hbox (20.0pt too wide) in paragraph at lines 35--36
[]
 []

! Undefined control sequence.
l.38 ^^I\subsection
                   {skip-gram}
The control sequence at the end of the top line
of your error message was never \def'ed. If you have
misspelled it (e.g., `\hobx'), type `I' and the correct
spelling (e.g., `I\hbox'). Otherwise just continue,
and I'll forget about whatever was undefined.


! LaTeX Error: Missing \begin{document}.

See the LaTeX manual or LaTeX Companion for explanation.
Type  H <return>  for immediate help.
 ...                                              
                                                  
l.38 ^^I\subsection{s
                     kip-gram}
You're in trouble here.  Try typing  <return>  to proceed.
If that doesn't work, type  X <return>  to quit.

Missing character: There is no s in font nullfont!
Missing character: There is no k in font nullfont!
Missing character: There is no i in font nullfont!
Missing character: There is no p in font nullfont!
Missing character: There is no - in font nullfont!
Missing character: There is no g in font nullfont!
Missing character: There is no r in font nullfont!
Missing character: There is no a in font nullfont!
Missing character: There is no m in font nullfont!

Overfull \hbox (20.0pt too wide) in paragraph at lines 38--39
[] 
 []


! LaTeX Error: Missing \begin{document}.

See the LaTeX manual or LaTeX Companion for explanation.
Type  H <return>  for immediate help.
 ...                                              
                                                  
l.40 ^^Is
         kip-gramæ˜¯word2vecçš„å…¶ä¸­ä¸€ç§æ–¹æ³•ï¼Œä¸»è¦çš„ç›®çš„æ˜¯æ‰¾åˆ°...

You're in trouble here.  Try typing  <return>  to proceed.
If that doesn't work, type  X <return>  to quit.

Missing character: There is no s in font nullfont!
Missing character: There is no k in font nullfont!
Missing character: There is no i in font nullfont!
Missing character: There is no p in font nullfont!
Missing character: There is no - in font nullfont!
Missing character: There is no g in font nullfont!
Missing character: There is no r in font nullfont!
Missing character: There is no a in font nullfont!
Missing character: There is no m in font nullfont!
Missing character: There is no æ˜¯ in font nullfont!
Missing character: There is no w in font nullfont!
Missing character: There is no o in font nullfont!
Missing character: There is no r in font nullfont!
Missing character: There is no d in font nullfont!
Missing character: There is no 2 in font nullfont!
Missing character: There is no v in font nullfont!
Missing character: There is no e in font nullfont!
Missing character: There is no c in font nullfont!
Missing character: There is no çš„ in font nullfont!
Missing character: There is no å…¶ in font nullfont!
Missing character: There is no ä¸­ in font nullfont!
Missing character: There is no ä¸€ in font nullfont!
Missing character: There is no ç§ in font nullfont!
Missing character: There is no æ–¹ in font nullfont!
Missing character: There is no æ³• in font nullfont!
Missing character: There is no ï¼Œ in font nullfont!
Missing character: There is no ä¸» in font nullfont!
Missing character: There is no è¦ in font nullfont!
Missing character: There is no çš„ in font nullfont!
Missing character: There is no ç›® in font nullfont!
Missing character: There is no çš„ in font nullfont!
Missing character: There is no æ˜¯ in font nullfont!
Missing character: There is no æ‰¾ in font nullfont!
Missing character: There is no åˆ° in font nullfont!
Missing character: There is no ä¸€ in font nullfont!
Missing character: There is no ä¸ª in font nullfont!
Missing character: There is no è¯ in font nullfont!
Missing character: There is no å’Œ in font nullfont!
Missing character: There is no å®ƒ in font nullfont!
Missing character: There is no çš„ in font nullfont!
Missing character: There is no ä¸Š in font nullfont!
Missing character: There is no ä¸‹ in font nullfont!
Missing character: There is no æ–‡ in font nullfont!
Missing character: There is no ä¹‹ in font nullfont!
Missing character: There is no é—´ in font nullfont!
Missing character: There is no çš„ in font nullfont!
Missing character: There is no å…³ in font nullfont!
Missing character: There is no è” in font nullfont!
Missing character: There is no ã€‚ in font nullfont!
Missing character: There is no w in font nullfont!
Missing character: There is no o in font nullfont!
Missing character: There is no r in font nullfont!
Missing character: There is no d in font nullfont!
Missing character: There is no 2 in font nullfont!
Missing character: There is no v in font nullfont!
Missing character: There is no e in font nullfont!
Missing character: There is no c in font nullfont!
Missing character: There is no ä¸» in font nullfont!
Missing character: There is no è¦ in font nullfont!
Missing character: There is no æœ‰ in font nullfont!
Missing character: There is no ä¸¤ in font nullfont!
Missing character: There is no ç§ in font nullfont!
Missing character: There is no æ¨¡ in font nullfont!
Missing character: There is no å‹ in font nullfont!
Missing character: There is no ï¼Œ in font nullfont!
Missing character: There is no ä¸¤ in font nullfont!
Missing character: There is no ç§ in font nullfont!
Missing character: There is no è®­ in font nullfont!
Missing character: There is no ç»ƒ in font nullfont!
Missing character: There is no çš„ in font nullfont!
Missing character: There is no æ–¹ in font nullfont!
Missing character: There is no æ³• in font nullfont!
Missing character: There is no ã€‚ in font nullfont!

Overfull \hbox (20.0pt too wide) in paragraph at lines 40--41
[] 
 []


! LaTeX Error: Missing \begin{document}.

See the LaTeX manual or LaTeX Companion for explanation.
Type  H <return>  for immediate help.
 ...                                              
                                                  
l.42 ^^Is
         kip-gramæ˜¯ä¸€ç§æ ¹æ®å½“å‰çš„wordé¢„æµ‹contexçš„ç®—æ³•ã€‚
You're in trouble here.  Try typing  <return>  to proceed.
If that doesn't work, type  X <return>  to quit.

Missing character: There is no s in font nullfont!
Missing character: There is no k in font nullfont!
Missing character: There is no i in font nullfont!
Missing character: There is no p in font nullfont!
Missing character: There is no - in font nullfont!
Missing character: There is no g in font nullfont!
Missing character: There is no r in font nullfont!
Missing character: There is no a in font nullfont!
Missing character: There is no m in font nullfont!
Missing character: There is no æ˜¯ in font nullfont!
Missing character: There is no ä¸€ in font nullfont!
Missing character: There is no ç§ in font nullfont!
Missing character: There is no æ ¹ in font nullfont!
Missing character: There is no æ® in font nullfont!
Missing character: There is no å½“ in font nullfont!
Missing character: There is no å‰ in font nullfont!
Missing character: There is no çš„ in font nullfont!
Missing character: There is no w in font nullfont!
Missing character: There is no o in font nullfont!
Missing character: There is no r in font nullfont!
Missing character: There is no d in font nullfont!
Missing character: There is no é¢„ in font nullfont!
Missing character: There is no æµ‹ in font nullfont!
Missing character: There is no c in font nullfont!
Missing character: There is no o in font nullfont!
Missing character: There is no n in font nullfont!
Missing character: There is no t in font nullfont!
Missing character: There is no e in font nullfont!
Missing character: There is no x in font nullfont!
Missing character: There is no çš„ in font nullfont!
Missing character: There is no ç®— in font nullfont!
Missing character: There is no æ³• in font nullfont!
Missing character: There is no ã€‚ in font nullfont!

Overfull \hbox (20.0pt too wide) in paragraph at lines 42--43
[] 
 []

! Undefined control sequence.
l.51 ^^I\subsection
                   {CBOW}
The control sequence at the end of the top line
of your error message was never \def'ed. If you have
misspelled it (e.g., `\hobx'), type `I' and the correct
spelling (e.g., `I\hbox'). Otherwise just continue,
and I'll forget about whatever was undefined.


! LaTeX Error: Missing \begin{document}.

See the LaTeX manual or LaTeX Companion for explanation.
Type  H <return>  for immediate help.
 ...                                              
                                                  
l.51 ^^I\subsection{C
                     BOW}
You're in trouble here.  Try typing  <return>  to proceed.
If that doesn't work, type  X <return>  to quit.

Missing character: There is no C in font nullfont!
Missing character: There is no B in font nullfont!
Missing character: There is no O in font nullfont!
Missing character: There is no W in font nullfont!
Missing character: There is no C in font nullfont!
Missing character: There is no B in font nullfont!
Missing character: There is no O in font nullfont!
Missing character: There is no W in font nullfont!
Missing character: There is no æ ¹ in font nullfont!
Missing character: There is no æ® in font nullfont!
Missing character: There is no s in font nullfont!
Missing character: There is no u in font nullfont!
Missing character: There is no r in font nullfont!
Missing character: There is no r in font nullfont!
Missing character: There is no o in font nullfont!
Missing character: There is no u in font nullfont!
Missing character: There is no n in font nullfont!
Missing character: There is no d in font nullfont!
Missing character: There is no i in font nullfont!
Missing character: There is no n in font nullfont!
Missing character: There is no g in font nullfont!
Missing character: There is no c in font nullfont!
Missing character: There is no o in font nullfont!
Missing character: There is no n in font nullfont!
Missing character: There is no t in font nullfont!
Missing character: There is no e in font nullfont!
Missing character: There is no x in font nullfont!
Missing character: There is no t in font nullfont!
Missing character: There is no æ¥ in font nullfont!
Missing character: There is no é¢„ in font nullfont!
Missing character: There is no æµ‹ in font nullfont!
Missing character: There is no c in font nullfont!
Missing character: There is no e in font nullfont!
Missing character: There is no n in font nullfont!
Missing character: There is no t in font nullfont!
Missing character: There is no e in font nullfont!
Missing character: There is no r in font nullfont!
Missing character: There is no w in font nullfont!
Missing character: There is no o in font nullfont!
Missing character: There is no r in font nullfont!
Missing character: There is no d in font nullfont!
Missing character: There is no ï¼Œ in font nullfont!
Missing character: There is no å¯¹ in font nullfont!
Missing character: There is no äº in font nullfont!
Missing character: There is no æ¯ in font nullfont!
Missing character: There is no ä¸€ in font nullfont!
Missing character: There is no ä¸ª in font nullfont!
Missing character: There is no è¯ in font nullfont!
Missing character: There is no ï¼Œ in font nullfont!
Missing character: There is no éœ€ in font nullfont!
Missing character: There is no è¦ in font nullfont!
Missing character: There is no å­¦ in font nullfont!
Missing character: There is no ä¹  in font nullfont!
Missing character: There is no ä¸¤ in font nullfont!
Missing character: There is no ä¸ª in font nullfont!
Missing character: There is no v in font nullfont!
Missing character: There is no e in font nullfont!
Missing character: There is no c in font nullfont!
Missing character: There is no t in font nullfont!
Missing character: There is no o in font nullfont!
Missing character: There is no r in font nullfont!
Missing character: There is no ï¼Œ in font nullfont!
Missing character: There is no v in font nullfont!
Missing character: There is no ( in font nullfont!
Missing character: There is no i in font nullfont!
Missing character: There is no n in font nullfont!
Missing character: There is no p in font nullfont!
Missing character: There is no u in font nullfont!
Missing character: There is no t in font nullfont!
Missing character: There is no v in font nullfont!
Missing character: There is no e in font nullfont!
Missing character: There is no c in font nullfont!
Missing character: There is no t in font nullfont!
Missing character: There is no o in font nullfont!
Missing character: There is no r in font nullfont!
Missing character: There is no ) in font nullfont!
Missing character: There is no : in font nullfont!
Missing character: There is no w in font nullfont!
Missing character: There is no h in font nullfont!
Missing character: There is no e in font nullfont!
Missing character: There is no n in font nullfont!
Missing character: There is no t in font nullfont!
Missing character: There is no h in font nullfont!
Missing character: There is no e in font nullfont!
Missing character: There is no w in font nullfont!
Missing character: There is no o in font nullfont!
Missing character: There is no r in font nullfont!
Missing character: There is no d in font nullfont!
Missing character: There is no i in font nullfont!
Missing character: There is no s in font nullfont!
Missing character: There is no i in font nullfont!
Missing character: There is no n in font nullfont!
Missing character: There is no t in font nullfont!
Missing character: There is no h in font nullfont!
Missing character: There is no e in font nullfont!
Missing character: There is no c in font nullfont!
Missing character: There is no o in font nullfont!
Missing character: There is no n in font nullfont!
Missing character: There is no t in font nullfont!
Missing character: There is no e in font nullfont!
Missing character: There is no x in font nullfont!
Missing character: There is no t in font nullfont!
Missing character: There is no ; in font nullfont!
Missing character: There is no u in font nullfont!
Missing character: There is no ( in font nullfont!
Missing character: There is no o in font nullfont!
Missing character: There is no u in font nullfont!
Missing character: There is no t in font nullfont!
Missing character: There is no p in font nullfont!
Missing character: There is no u in font nullfont!
Missing character: There is no t in font nullfont!
Missing character: There is no ) in font nullfont!
Missing character: There is no : in font nullfont!
Missing character: There is no w in font nullfont!
Missing character: There is no h in font nullfont!
Missing character: There is no e in font nullfont!
Missing character: There is no n in font nullfont!
Missing character: There is no t in font nullfont!
Missing character: There is no h in font nullfont!
Missing character: There is no e in font nullfont!
Missing character: There is no w in font nullfont!
Missing character: There is no o in font nullfont!
Missing character: There is no r in font nullfont!
Missing character: There is no d in font nullfont!
Missing character: There is no i in font nullfont!
Missing character: There is no s in font nullfont!
Missing character: There is no i in font nullfont!
Missing character: There is no n in font nullfont!
Missing character: There is no t in font nullfont!
Missing character: There is no h in font nullfont!
Missing character: There is no e in font nullfont!
Missing character: There is no c in font nullfont!
Missing character: There is no e in font nullfont!
Missing character: There is no n in font nullfont!
Missing character: There is no t in font nullfont!
Missing character: There is no e in font nullfont!
Missing character: There is no r in font nullfont!
Missing character: There is no . in font nullfont!

Overfull \hbox (20.0pt too wide) in paragraph at lines 51--53
[]
 []


! LaTeX Error: Missing \begin{document}.

See the LaTeX manual or LaTeX Companion for explanation.
Type  H <return>  for immediate help.
 ...                                              
                                                  
l.54 ^^Ié¦–
           å…ˆæˆ‘ä»¬éœ€è¦å®šä¹‰ä¸€äº›æ ‡å‡†çš„å˜é‡è¡¨ç¤ºæ–¹æ³•ï¼š
You're in trouble here.  Try typing  <return>  to proceed.
If that doesn't work, type  X <return>  to quit.

Missing character: There is no é¦– in font nullfont!
Missing character: There is no å…ˆ in font nullfont!
Missing character: There is no æˆ‘ in font nullfont!
Missing character: There is no ä»¬ in font nullfont!
Missing character: There is no éœ€ in font nullfont!
Missing character: There is no è¦ in font nullfont!
Missing character: There is no å®š in font nullfont!
Missing character: There is no ä¹‰ in font nullfont!
Missing character: There is no ä¸€ in font nullfont!
Missing character: There is no äº› in font nullfont!
Missing character: There is no æ ‡ in font nullfont!
Missing character: There is no å‡† in font nullfont!
Missing character: There is no çš„ in font nullfont!
Missing character: There is no å˜ in font nullfont!
Missing character: There is no é‡ in font nullfont!
Missing character: There is no è¡¨ in font nullfont!
Missing character: There is no ç¤º in font nullfont!
Missing character: There is no æ–¹ in font nullfont!
Missing character: There is no æ³• in font nullfont!
Missing character: There is no ï¼š in font nullfont!

Overfull \hbox (20.0pt too wide) in paragraph at lines 54--55
[] 
 []


! LaTeX Error: Missing \begin{document}.

See the LaTeX manual or LaTeX Companion for explanation.
Type  H <return>  for immediate help.
 ...                                              
                                                  
l.56 ^^I\begin{itemize}
                       
You're in trouble here.  Try typing  <return>  to proceed.
If that doesn't work, type  X <return>  to quit.


Overfull \hbox (20.0pt too wide) in paragraph at lines 56--56
[] 
 []

Missing character: There is no è¡¨ in font nullfont!
Missing character: There is no ç¤º in font nullfont!
Missing character: There is no i in font nullfont!
Missing character: There is no n in font nullfont!
Missing character: There is no p in font nullfont!
Missing character: There is no u in font nullfont!
Missing character: There is no t in font nullfont!
Missing character: There is no w in font nullfont!
Missing character: There is no o in font nullfont!
Missing character: There is no r in font nullfont!
Missing character: There is no d in font nullfont!
Missing character: There is no m in font nullfont!
Missing character: There is no a in font nullfont!
Missing character: There is no t in font nullfont!
Missing character: There is no r in font nullfont!
Missing character: There is no i in font nullfont!
Missing character: There is no x in font nullfont!

Overfull \hbox (7.43329pt too wide) in paragraph at lines 57--58
\OT1/cmr/m/it/10 V
 []

Missing character: There is no è¡¨ in font nullfont!
Missing character: There is no ç¤º in font nullfont!
Missing character: There is no o in font nullfont!
Missing character: There is no u in font nullfont!
Missing character: There is no t in font nullfont!
Missing character: There is no p in font nullfont!
Missing character: There is no u in font nullfont!
Missing character: There is no t in font nullfont!
Missing character: There is no w in font nullfont!
Missing character: There is no o in font nullfont!
Missing character: There is no r in font nullfont!
Missing character: There is no d in font nullfont!
Missing character: There is no m in font nullfont!
Missing character: There is no a in font nullfont!
Missing character: There is no t in font nullfont!
Missing character: There is no r in font nullfont!
Missing character: There is no i in font nullfont!
Missing character: There is no x in font nullfont!
Missing character: There is no ; in font nullfont!

Overfull \hbox (7.43329pt too wide) in paragraph at lines 58--59
\OT1/cmr/m/it/10 U
 []

Missing character: There is no : in font nullfont!
Missing character: There is no è¡¨ in font nullfont!
Missing character: There is no ç¤º in font nullfont!
Missing character: There is no æ­¤ in font nullfont!
Missing character: There is no è¡¨ in font nullfont!
Missing character: There is no V in font nullfont!
Missing character: There is no ä¸­ in font nullfont!
Missing character: There is no çš„ in font nullfont!
Missing character: There is no ç¬¬ in font nullfont!
Missing character: There is no i in font nullfont!
Missing character: There is no ä¸ª in font nullfont!
Missing character: There is no å• in font nullfont!
Missing character: There is no è¯ in font nullfont!

Overfull \hbox (9.55382pt too wide) in paragraph at lines 59--60
\OML/cmm/m/it/10 ![]$ 
 []

Missing character: There is no : in font nullfont!
Missing character: There is no è¡¨ in font nullfont!
Missing character: There is no ç¤º in font nullfont!
Missing character: There is no è¾“ in font nullfont!
Missing character: There is no å…¥ in font nullfont!
Missing character: There is no è¯ in font nullfont!
Missing character: There is no çŸ© in font nullfont!
Missing character: There is no é˜µ in font nullfont!
Missing character: There is no ä¸­ in font nullfont!
Missing character: There is no çš„ in font nullfont!
Missing character: There is no ç¬¬ in font nullfont!
Missing character: There is no i in font nullfont!
Missing character: There is no åˆ— in font nullfont!
Missing character: There is no ï¼Œ in font nullfont!
Missing character: There is no æ˜¯ in font nullfont!
Missing character: There is no ç¬¬ in font nullfont!
Missing character: There is no i in font nullfont!
Missing character: There is no ä¸ª in font nullfont!
Missing character: There is no è¯ in font nullfont!
Missing character: There is no çš„ in font nullfont!
Missing character: There is no i in font nullfont!
Missing character: There is no n in font nullfont!
Missing character: There is no p in font nullfont!
Missing character: There is no u in font nullfont!
Missing character: There is no t in font nullfont!
Missing character: There is no v in font nullfont!
Missing character: There is no e in font nullfont!
Missing character: There is no c in font nullfont!
Missing character: There is no t in font nullfont!
Missing character: There is no o in font nullfont!
Missing character: There is no r in font nullfont!

Overfull \hbox (8.2691pt too wide) in paragraph at lines 60--61
\OML/cmm/m/it/10 ^^W[]$ 
 []

Missing character: There is no : in font nullfont!
Missing character: There is no è¡¨ in font nullfont!
Missing character: There is no ç¤º in font nullfont!
Missing character: There is no è¾“ in font nullfont!
Missing character: There is no å‡º in font nullfont!
Missing character: There is no çŸ© in font nullfont!
Missing character: There is no é˜µ in font nullfont!
Missing character: There is no çš„ in font nullfont!
Missing character: There is no ç¬¬ in font nullfont!
Missing character: There is no i in font nullfont!
Missing character: There is no åˆ— in font nullfont!
Missing character: There is no ï¼Œ in font nullfont!
Missing character: There is no è¡¨ in font nullfont!
Missing character: There is no ç¤º in font nullfont!
Missing character: There is no ç¬¬ in font nullfont!
Missing character: There is no i in font nullfont!
Missing character: There is no ä¸ª in font nullfont!
Missing character: There is no è¯ in font nullfont!
Missing character: There is no o in font nullfont!
Missing character: There is no u in font nullfont!
Missing character: There is no t in font nullfont!
Missing character: There is no p in font nullfont!
Missing character: There is no u in font nullfont!
Missing character: There is no t in font nullfont!
Missing character: There is no v in font nullfont!
Missing character: There is no e in font nullfont!
Missing character: There is no c in font nullfont!
Missing character: There is no t in font nullfont!
Missing character: There is no o in font nullfont!
Missing character: There is no r in font nullfont!

Overfull \hbox (9.35477pt too wide) in paragraph at lines 61--62
\OML/cmm/m/it/10 ^^V[]$
 []

Missing character: There is no C in font nullfont!
Missing character: There is no B in font nullfont!
Missing character: There is no O in font nullfont!
Missing character: There is no W in font nullfont!
Missing character: There is no çš„ in font nullfont!
Missing character: There is no å·¥ in font nullfont!
Missing character: There is no ä½œ in font nullfont!
Missing character: There is no æµ in font nullfont!
Missing character: There is no ç¨‹ in font nullfont!
Missing character: There is no å¦‚ in font nullfont!
Missing character: There is no ä¸‹ in font nullfont!
Missing character: There is no æ‰€ in font nullfont!
Missing character: There is no ç¤º in font nullfont!
Missing character: There is no ï¼š in font nullfont!

Overfull \hbox (20.0pt too wide) in paragraph at lines 65--66
[] 
 []

Missing character: There is no é¦– in font nullfont!
Missing character: There is no å…ˆ in font nullfont!
Missing character: There is no æˆ‘ in font nullfont!
Missing character: There is no ä»¬ in font nullfont!
Missing character: There is no éœ€ in font nullfont!
Missing character: There is no è¦ in font nullfont!
Missing character: There is no äº§ in font nullfont!
Missing character: There is no ç”Ÿ in font nullfont!
Missing character: There is no æ¯ in font nullfont!
Missing character: There is no ä¸€ in font nullfont!
Missing character: There is no ä¸ª in font nullfont!
Missing character: There is no è¯ in font nullfont!
Missing character: There is no çš„ in font nullfont!
Missing character: There is no è¯ in font nullfont!
Missing character: There is no å‘ in font nullfont!
Missing character: There is no é‡ in font nullfont!
Missing character: There is no ï¼ˆ in font nullfont!
Missing character: There is no ç”¨ in font nullfont!
Missing character: There is no o in font nullfont!
Missing character: There is no n in font nullfont!
Missing character: There is no e in font nullfont!
Missing character: There is no - in font nullfont!
Missing character: There is no h in font nullfont!
Missing character: There is no o in font nullfont!
Missing character: There is no t in font nullfont!
Missing character: There is no ï¼‰ in font nullfont!
Missing character: There is no æ¥ in font nullfont!
Missing character: There is no è¡¨ in font nullfont!
Missing character: There is no ç¤º in font nullfont!
Missing character: There is no ï¼š in font nullfont!
Missing character: There is no , in font nullfont!
Missing character: There is no å³ in font nullfont!
Missing character: There is no å°† in font nullfont!
Missing character: There is no c in font nullfont!
Missing character: There is no o in font nullfont!
Missing character: There is no n in font nullfont!
Missing character: There is no t in font nullfont!
Missing character: There is no e in font nullfont!
Missing character: There is no x in font nullfont!
Missing character: There is no ä¸­ in font nullfont!
Missing character: There is no çš„ in font nullfont!
Missing character: There is no æ¯ in font nullfont!
Missing character: There is no ä¸€ in font nullfont!
Missing character: There is no ä¸ª in font nullfont!
Missing character: There is no å• in font nullfont!
Missing character: There is no è¯ in font nullfont!
Missing character: There is no éƒ½ in font nullfont!
Missing character: There is no è¡¨ in font nullfont!
Missing character: There is no ç¤º in font nullfont!
Missing character: There is no æˆ in font nullfont!
Missing character: There is no o in font nullfont!
Missing character: There is no n in font nullfont!
Missing character: There is no e in font nullfont!
Missing character: There is no - in font nullfont!
Missing character: There is no h in font nullfont!
Missing character: There is no o in font nullfont!
Missing character: There is no t in font nullfont!
Missing character: There is no ç¼– in font nullfont!
Missing character: There is no ç  in font nullfont!
Missing character: There is no çš„ in font nullfont!
Missing character: There is no å½¢ in font nullfont!
Missing character: There is no å¼ in font nullfont!

Overfull \hbox (14.33563pt too wide) in paragraph at lines 67--69
\OML/cmm/m/it/10 m \OT1/cmr/m/n/10 :
 []


Overfull \hbox (152.55392pt too wide) in paragraph at lines 67--69
\OT1/cmr/m/n/10 (\OML/cmm/m/it/10 x[]; :::; x[]; x[]; x[]; :::; x[] \OMS/cmsy/m
/n/10 2
 []


Overfull \hbox (23.25352pt too wide) in paragraph at lines 67--69
\OML/cmm/m/it/10 R[]\OT1/cmr/m/n/10 )$ 
 []

)
! Emergency stop.
<*> chap6_nlp.tex
                 
*** (job aborted, no legal \end found)

 
Here is how much of TeX's memory you used:
 14 strings out of 493638
 144 string characters out of 6146796
 55571 words of memory out of 5000000
 3514 multiletter control sequences out of 15000+600000
 3986 words of font info for 15 fonts, out of 8000000 for 9000
 1328 hyphenation exceptions out of 8191
 18i,3n,12p,193b,111s stack positions out of 5000i,500n,10000p,200000b,80000s
No pages of output.
