This is XeTeX, Version 3.14159265-2.6-0.99992 (TeX Live 2015/Debian) (preloaded format=xelatex 2017.8.23)  9 OCT 2017 16:31
entering extended mode
 restricted \write18 enabled.
 %&-line parsing enabled.
**chap5_machine_learing.tex
(./chap5_machine_learing.tex
LaTeX2e <2016/02/01>
Babel <3.9q> and hyphenation patterns for 81 language(s) loaded.
! Undefined control sequence.
l.1 \chapter
            {æœºå™¨å­¦ä¹ }
The control sequence at the end of the top line
of your error message was never \def'ed. If you have
misspelled it (e.g., `\hobx'), type `I' and the correct
spelling (e.g., `I\hbox'). Otherwise just continue,
and I'll forget about whatever was undefined.


! LaTeX Error: Missing \begin{document}.

See the LaTeX manual or LaTeX Companion for explanation.
Type  H <return>  for immediate help.
 ...                                              
                                                  
l.1 \chapter{æœº
                å™¨å­¦ä¹ }
You're in trouble here.  Try typing  <return>  to proceed.
If that doesn't work, type  X <return>  to quit.

Missing character: There is no æœº in font nullfont!
Missing character: There is no å™¨ in font nullfont!
Missing character: There is no å­¦ in font nullfont!
Missing character: There is no ä¹  in font nullfont!

Overfull \hbox (20.0pt too wide) in paragraph at lines 1--2
[] 
 []

! Undefined control sequence.
l.3 \section
            *{Introduction}
The control sequence at the end of the top line
of your error message was never \def'ed. If you have
misspelled it (e.g., `\hobx'), type `I' and the correct
spelling (e.g., `I\hbox'). Otherwise just continue,
and I'll forget about whatever was undefined.


! LaTeX Error: Missing \begin{document}.

See the LaTeX manual or LaTeX Companion for explanation.
Type  H <return>  for immediate help.
 ...                                              
                                                  
l.3 \section*
             {Introduction}
You're in trouble here.  Try typing  <return>  to proceed.
If that doesn't work, type  X <return>  to quit.

Missing character: There is no * in font nullfont!
Missing character: There is no I in font nullfont!
Missing character: There is no n in font nullfont!
Missing character: There is no t in font nullfont!
Missing character: There is no r in font nullfont!
Missing character: There is no o in font nullfont!
Missing character: There is no d in font nullfont!
Missing character: There is no u in font nullfont!
Missing character: There is no c in font nullfont!
Missing character: There is no t in font nullfont!
Missing character: There is no i in font nullfont!
Missing character: There is no o in font nullfont!
Missing character: There is no n in font nullfont!
Missing character: There is no æœ¬ in font nullfont!
Missing character: There is no ç«  in font nullfont!
Missing character: There is no èŠ‚ in font nullfont!
Missing character: There is no ä¸» in font nullfont!
Missing character: There is no è¦ in font nullfont!
Missing character: There is no ä»‹ in font nullfont!
Missing character: There is no ç» in font nullfont!
Missing character: There is no ä¸€ in font nullfont!
Missing character: There is no äº› in font nullfont!
Missing character: There is no å¸¸ in font nullfont!
Missing character: There is no ç”¨ in font nullfont!
Missing character: There is no çš„ in font nullfont!
Missing character: There is no æœº in font nullfont!
Missing character: There is no å™¨ in font nullfont!
Missing character: There is no å­¦ in font nullfont!
Missing character: There is no ä¹  in font nullfont!
Missing character: There is no æ–¹ in font nullfont!
Missing character: There is no æ³• in font nullfont!
Missing character: There is no ï¼Œ in font nullfont!
Missing character: There is no éƒ¨ in font nullfont!
Missing character: There is no åˆ† in font nullfont!
Missing character: There is no å†… in font nullfont!
Missing character: There is no å®¹ in font nullfont!
Missing character: There is no å‚ in font nullfont!
Missing character: There is no è€ƒ in font nullfont!
Missing character: There is no ã€Š in font nullfont!
Missing character: There is no ç»Ÿ in font nullfont!
Missing character: There is no è®¡ in font nullfont!
Missing character: There is no å­¦ in font nullfont!
Missing character: There is no ä¹  in font nullfont!
Missing character: There is no æ–¹ in font nullfont!
Missing character: There is no æ³• in font nullfont!
Missing character: There is no ã€‹ in font nullfont!
Missing character: There is no æ in font nullfont!
Missing character: There is no èˆª in font nullfont!

Overfull \hbox (20.0pt too wide) in paragraph at lines 3--5
[]
 []

! Undefined control sequence.
l.7 \section
            {å†³ç­–æ ‘}
The control sequence at the end of the top line
of your error message was never \def'ed. If you have
misspelled it (e.g., `\hobx'), type `I' and the correct
spelling (e.g., `I\hbox'). Otherwise just continue,
and I'll forget about whatever was undefined.


! LaTeX Error: Missing \begin{document}.

See the LaTeX manual or LaTeX Companion for explanation.
Type  H <return>  for immediate help.
 ...                                              
                                                  
l.7 \section{å†³
                ç­–æ ‘}
You're in trouble here.  Try typing  <return>  to proceed.
If that doesn't work, type  X <return>  to quit.

Missing character: There is no å†³ in font nullfont!
Missing character: There is no ç­– in font nullfont!
Missing character: There is no æ ‘ in font nullfont!

Overfull \hbox (20.0pt too wide) in paragraph at lines 7--8
[] 
 []

! Undefined control sequence.
l.9 ^^I\subsection
                  {ç†µ}
The control sequence at the end of the top line
of your error message was never \def'ed. If you have
misspelled it (e.g., `\hobx'), type `I' and the correct
spelling (e.g., `I\hbox'). Otherwise just continue,
and I'll forget about whatever was undefined.


! LaTeX Error: Missing \begin{document}.

See the LaTeX manual or LaTeX Companion for explanation.
Type  H <return>  for immediate help.
 ...                                              
                                                  
l.9 ^^I\subsection{ç†µ
                      }
You're in trouble here.  Try typing  <return>  to proceed.
If that doesn't work, type  X <return>  to quit.

Missing character: There is no ç†µ in font nullfont!
Missing character: There is no ç†µ in font nullfont!
Missing character: There is no ï¼Œ in font nullfont!
Missing character: There is no è¡¨ in font nullfont!
Missing character: There is no ç¤º in font nullfont!
Missing character: There is no ä¸€ in font nullfont!
Missing character: There is no ä¸ª in font nullfont!
Missing character: There is no ä¿¡ in font nullfont!
Missing character: There is no å· in font nullfont!
Missing character: There is no æº in font nullfont!
Missing character: There is no å‘ in font nullfont!
Missing character: There is no å‡º in font nullfont!
Missing character: There is no çš„ in font nullfont!
Missing character: There is no ä¿¡ in font nullfont!
Missing character: There is no å· in font nullfont!
Missing character: There is no çš„ in font nullfont!
Missing character: There is no ä¸ in font nullfont!
Missing character: There is no ç¡® in font nullfont!
Missing character: There is no å®š in font nullfont!
Missing character: There is no ç¨‹ in font nullfont!
Missing character: There is no åº¦ in font nullfont!
Missing character: There is no ã€‚ in font nullfont!
Missing character: There is no åœ¨ in font nullfont!
Missing character: There is no ä¿¡ in font nullfont!
Missing character: There is no æº in font nullfont!
Missing character: There is no å‘ in font nullfont!
Missing character: There is no å‡º in font nullfont!
Missing character: There is no çš„ in font nullfont!
Missing character: There is no ä¿¡ in font nullfont!
Missing character: There is no å· in font nullfont!
Missing character: There is no ä¸­ in font nullfont!
Missing character: There is no ï¼Œ in font nullfont!
Missing character: There is no æŸ in font nullfont!
Missing character: There is no ä¿¡ in font nullfont!
Missing character: There is no å· in font nullfont!
Missing character: There is no å‡º in font nullfont!
Missing character: There is no ç° in font nullfont!
Missing character: There is no çš„ in font nullfont!
Missing character: There is no æ¦‚ in font nullfont!
Missing character: There is no ç‡ in font nullfont!
Missing character: There is no è¶Š in font nullfont!
Missing character: There is no å¤§ in font nullfont!
Missing character: There is no ï¼Œ in font nullfont!
Missing character: There is no ç†µ in font nullfont!
Missing character: There is no è¶Š in font nullfont!
Missing character: There is no å° in font nullfont!
Missing character: There is no ã€‚ in font nullfont!
Missing character: There is no ç†µ in font nullfont!
Missing character: There is no åª in font nullfont!
Missing character: There is no ä¾ in font nullfont!
Missing character: There is no èµ– in font nullfont!
Missing character: There is no äº in font nullfont!
Missing character: There is no åˆ† in font nullfont!
Missing character: There is no å¸ƒ in font nullfont!
Missing character: There is no ï¼Œ in font nullfont!
Missing character: There is no è€Œ in font nullfont!
Missing character: There is no ä¸ in font nullfont!
Missing character: There is no å…· in font nullfont!
Missing character: There is no ä½“ in font nullfont!
Missing character: There is no çš„ in font nullfont!
Missing character: There is no å– in font nullfont!
Missing character: There is no å€¼ in font nullfont!
Missing character: There is no æ—  in font nullfont!
Missing character: There is no å…³ in font nullfont!
Missing character: There is no ã€‚ in font nullfont!
Missing character: There is no å¦‚ in font nullfont!
Missing character: There is no æœ in font nullfont!
Missing character: There is no ç”¨ in font nullfont!
Missing character: There is no éš in font nullfont!
Missing character: There is no æœº in font nullfont!
Missing character: There is no å˜ in font nullfont!
Missing character: There is no é‡ in font nullfont!
Missing character: There is no æ¥ in font nullfont!
Missing character: There is no è¡¨ in font nullfont!
Missing character: There is no ç¤º in font nullfont!
Missing character: There is no çš„ in font nullfont!
Missing character: There is no è¯ in font nullfont!
Missing character: There is no ï¼Œ in font nullfont!
Missing character: There is no ç†µ in font nullfont!
Missing character: There is no è¶Š in font nullfont!
Missing character: There is no å¤§ in font nullfont!
Missing character: There is no ï¼Œ in font nullfont!
Missing character: There is no è¡¨ in font nullfont!
Missing character: There is no ç¤º in font nullfont!
Missing character: There is no éš in font nullfont!
Missing character: There is no æœº in font nullfont!
Missing character: There is no å˜ in font nullfont!
Missing character: There is no é‡ in font nullfont!
Missing character: There is no çš„ in font nullfont!
Missing character: There is no ä¸ in font nullfont!
Missing character: There is no ç¡® in font nullfont!
Missing character: There is no å®š in font nullfont!
Missing character: There is no æ€§ in font nullfont!
Missing character: There is no è¶Š in font nullfont!
Missing character: There is no å¤§ in font nullfont!
Missing character: There is no ã€‚ in font nullfont!

Overfull \hbox (20.0pt too wide) in paragraph at lines 9--11
[]
 []


! LaTeX Error: Missing \begin{document}.

See the LaTeX manual or LaTeX Companion for explanation.
Type  H <return>  for immediate help.
 ...                                              
                                                  
l.12 ^^Ié¦™
           å†œä½¿ç”¨logå‡½æ•°æ¥å®šä¹‰æ ·æœ¬içš„ä¿¡æ¯ç†µï¼š
You're in trouble here.  Try typing  <return>  to proceed.
If that doesn't work, type  X <return>  to quit.

Missing character: There is no é¦™ in font nullfont!
Missing character: There is no å†œ in font nullfont!
Missing character: There is no ä½¿ in font nullfont!
Missing character: There is no ç”¨ in font nullfont!
Missing character: There is no l in font nullfont!
Missing character: There is no o in font nullfont!
Missing character: There is no g in font nullfont!
Missing character: There is no å‡½ in font nullfont!
Missing character: There is no æ•° in font nullfont!
Missing character: There is no æ¥ in font nullfont!
Missing character: There is no å®š in font nullfont!
Missing character: There is no ä¹‰ in font nullfont!
Missing character: There is no æ · in font nullfont!
Missing character: There is no æœ¬ in font nullfont!
Missing character: There is no i in font nullfont!
Missing character: There is no çš„ in font nullfont!
Missing character: There is no ä¿¡ in font nullfont!
Missing character: There is no æ¯ in font nullfont!
Missing character: There is no ç†µ in font nullfont!
Missing character: There is no ï¼š in font nullfont!

Overfull \hbox (20.0pt too wide) in paragraph at lines 12--13
[] 
 []


! LaTeX Error: Missing \begin{document}.

See the LaTeX manual or LaTeX Companion for explanation.
Type  H <return>  for immediate help.
 ...                                              
                                                  
l.14 ^^I\begin{equation}
                        
You're in trouble here.  Try typing  <return>  to proceed.
If that doesn't work, type  X <return>  to quit.


Overfull \hbox (20.0pt too wide) in paragraph at lines 14--14
[] 
 []

LaTeX Font Info:    External font `cmex10' loaded for size
(Font)              <7> on input line 14.
LaTeX Font Info:    External font `cmex10' loaded for size
(Font)              <5> on input line 14.

Overfull \hbox (130.1901pt too wide) detected at line 16
\OML/cmm/m/it/10 f\OT1/cmr/m/n/10 (\OML/cmm/m/it/10 p\OT1/cmr/m/n/10 (\OML/cmm/
m/it/10 i\OT1/cmr/m/n/10 )) = [] [] = \OMS/cmsy/m/n/10 ^^@ [] \OML/cmm/m/it/10 
p\OT1/cmr/m/n/10 (\OML/cmm/m/it/10 i\OT1/cmr/m/n/10 )
 []


! LaTeX Error: Missing \begin{document}.

See the LaTeX manual or LaTeX Companion for explanation.
Type  H <return>  for immediate help.
 ...                                              
                                                  
l.18 ^^Iå› 
           æ­¤åœ¨æœ‰nä¸ªæ ·æœ¬çš„æ—¶å€™ï¼Œæˆ‘ä»¬ç”¨å¦‚ä¸‹çš„å…¬å¼æ¥è¡¨ç¤ºæ...

You're in trouble here.  Try typing  <return>  to proceed.
If that doesn't work, type  X <return>  to quit.

Missing character: There is no å›  in font nullfont!
Missing character: There is no æ­¤ in font nullfont!
Missing character: There is no åœ¨ in font nullfont!
Missing character: There is no æœ‰ in font nullfont!
Missing character: There is no n in font nullfont!
Missing character: There is no ä¸ª in font nullfont!
Missing character: There is no æ · in font nullfont!
Missing character: There is no æœ¬ in font nullfont!
Missing character: There is no çš„ in font nullfont!
Missing character: There is no æ—¶ in font nullfont!
Missing character: There is no å€™ in font nullfont!
Missing character: There is no ï¼Œ in font nullfont!
Missing character: There is no æˆ‘ in font nullfont!
Missing character: There is no ä»¬ in font nullfont!
Missing character: There is no ç”¨ in font nullfont!
Missing character: There is no å¦‚ in font nullfont!
Missing character: There is no ä¸‹ in font nullfont!
Missing character: There is no çš„ in font nullfont!
Missing character: There is no å…¬ in font nullfont!
Missing character: There is no å¼ in font nullfont!
Missing character: There is no æ¥ in font nullfont!
Missing character: There is no è¡¨ in font nullfont!
Missing character: There is no ç¤º in font nullfont!
Missing character: There is no æ‰€ in font nullfont!
Missing character: There is no æœ‰ in font nullfont!
Missing character: There is no æ · in font nullfont!
Missing character: There is no æœ¬ in font nullfont!
Missing character: There is no é›† in font nullfont!
Missing character: There is no åˆ in font nullfont!
Missing character: There is no çš„ in font nullfont!
Missing character: There is no ä¿¡ in font nullfont!
Missing character: There is no æ¯ in font nullfont!
Missing character: There is no ç†µ in font nullfont!
Missing character: There is no ï¼š in font nullfont!

Overfull \hbox (20.0pt too wide) in paragraph at lines 18--19
[] 
 []


! LaTeX Error: Missing \begin{document}.

See the LaTeX manual or LaTeX Companion for explanation.
Type  H <return>  for immediate help.
 ...                                              
                                                  
l.20 ^^I\begin{equation}
                        
You're in trouble here.  Try typing  <return>  to proceed.
If that doesn't work, type  X <return>  to quit.


Overfull \hbox (20.0pt too wide) in paragraph at lines 20--20
[] 
 []

! Extra }, or forgotten $.
l.21 ...ac{1}{p(i)} = -\sum_{i}^{n} p(i)\log p(i)}
                                                  
I've deleted a group-closing symbol because it seems to be
spurious, as in `$x}$'. But perhaps the } is legitimate and
you forgot something else, as in `\hbox{$x}'. In such cases
the way to recover is to insert both the forgotten and the
deleted material, e.g., by typing `I$}'.


Overfull \hbox (190.12819pt too wide) detected at line 22
\OML/cmm/m/it/10 E\OT1/cmr/m/n/10 (\OML/cmm/m/it/10 P\OT1/cmr/m/n/10 ) = [] [] 
\OML/cmm/m/it/10 p\OT1/cmr/m/n/10 (\OML/cmm/m/it/10 i\OT1/cmr/m/n/10 )[] = \OMS
/cmsy/m/n/10 ^^@ [] \OML/cmm/m/it/10 p\OT1/cmr/m/n/10 (\OML/cmm/m/it/10 i\OT1/c
mr/m/n/10 ) [] \OML/cmm/m/it/10 p\OT1/cmr/m/n/10 (\OML/cmm/m/it/10 i\OT1/cmr/m/
n/10 )
 []


! LaTeX Error: Missing \begin{document}.

See the LaTeX manual or LaTeX Companion for explanation.
Type  H <return>  for immediate help.
 ...                                              
                                                  
l.24 ^^Iç„¶
           è€Œï¼Œåœ¨æœºå™¨å­¦ä¹ ä¸­ï¼Œæˆ‘ä»¬é€šå¸¸ä½¿ç”¨æ¨¡å‹åˆ†å¸ƒq(i)æ¥é...

You're in trouble here.  Try typing  <return>  to proceed.
If that doesn't work, type  X <return>  to quit.

Missing character: There is no ç„¶ in font nullfont!
Missing character: There is no è€Œ in font nullfont!
Missing character: There is no ï¼Œ in font nullfont!
Missing character: There is no åœ¨ in font nullfont!
Missing character: There is no æœº in font nullfont!
Missing character: There is no å™¨ in font nullfont!
Missing character: There is no å­¦ in font nullfont!
Missing character: There is no ä¹  in font nullfont!
Missing character: There is no ä¸­ in font nullfont!
Missing character: There is no ï¼Œ in font nullfont!
Missing character: There is no æˆ‘ in font nullfont!
Missing character: There is no ä»¬ in font nullfont!
Missing character: There is no é€š in font nullfont!
Missing character: There is no å¸¸ in font nullfont!
Missing character: There is no ä½¿ in font nullfont!
Missing character: There is no ç”¨ in font nullfont!
Missing character: There is no æ¨¡ in font nullfont!
Missing character: There is no å‹ in font nullfont!
Missing character: There is no åˆ† in font nullfont!
Missing character: There is no å¸ƒ in font nullfont!
Missing character: There is no q in font nullfont!
Missing character: There is no ( in font nullfont!
Missing character: There is no i in font nullfont!
Missing character: There is no ) in font nullfont!
Missing character: There is no æ¥ in font nullfont!
Missing character: There is no é€¼ in font nullfont!
Missing character: There is no è¿‘ in font nullfont!
Missing character: There is no çœŸ in font nullfont!
Missing character: There is no å® in font nullfont!
Missing character: There is no åˆ† in font nullfont!
Missing character: There is no å¸ƒ in font nullfont!
Missing character: There is no p in font nullfont!
Missing character: There is no ( in font nullfont!
Missing character: There is no i in font nullfont!
Missing character: There is no ) in font nullfont!
Missing character: There is no ï¼Œ in font nullfont!
Missing character: There is no å›  in font nullfont!
Missing character: There is no æ­¤ in font nullfont!
Missing character: There is no äº¤ in font nullfont!
Missing character: There is no å‰ in font nullfont!
Missing character: There is no ç†µ in font nullfont!
Missing character: There is no çš„ in font nullfont!
Missing character: There is no å…¬ in font nullfont!
Missing character: There is no å¼ in font nullfont!
Missing character: There is no ä¸º in font nullfont!
Missing character: There is no ï¼š in font nullfont!

Overfull \hbox (20.0pt too wide) in paragraph at lines 24--25
[] 
 []


! LaTeX Error: Missing \begin{document}.

See the LaTeX manual or LaTeX Companion for explanation.
Type  H <return>  for immediate help.
 ...                                              
                                                  
l.26 ^^I\begin{equation}
                        
You're in trouble here.  Try typing  <return>  to proceed.
If that doesn't work, type  X <return>  to quit.


Overfull \hbox (20.0pt too wide) in paragraph at lines 26--26
[] 
 []

! Extra }, or forgotten $.
l.27 ^^I^^IE(Pï¼ŒQ) = -\sum_{i}^{n} p(i)\log q(i)}
                                                  
I've deleted a group-closing symbol because it seems to be
spurious, as in `$x}$'. But perhaps the } is legitimate and
you forgot something else, as in `\hbox{$x}'. In such cases
the way to recover is to insert both the forgotten and the
deleted material, e.g., by typing `I$}'.

Missing character: There is no ï¼Œ in font cmr10!

Overfull \hbox (118.8894pt too wide) detected at line 28
\OML/cmm/m/it/10 E\OT1/cmr/m/n/10 (\OML/cmm/m/it/10 PQ\OT1/cmr/m/n/10 ) = \OMS/
cmsy/m/n/10 ^^@ [] \OML/cmm/m/it/10 p\OT1/cmr/m/n/10 (\OML/cmm/m/it/10 i\OT1/cm
r/m/n/10 ) [] \OML/cmm/m/it/10 q\OT1/cmr/m/n/10 (\OML/cmm/m/it/10 i\OT1/cmr/m/n
/10 )
 []


! LaTeX Error: Missing \begin{document}.

See the LaTeX manual or LaTeX Companion for explanation.
Type  H <return>  for immediate help.
 ...                                              
                                                  
l.30 ^^Iåœ¨
           tensorflowæˆ–è€…å…¶ä»–çš„æ·±åº¦å­¦ä¹ æ¡†æ¶ä¸­ï¼Œæˆ‘ä»¬ä½¿ç”¨çš„ä...

You're in trouble here.  Try typing  <return>  to proceed.
If that doesn't work, type  X <return>  to quit.

Missing character: There is no åœ¨ in font nullfont!
Missing character: There is no t in font nullfont!
Missing character: There is no e in font nullfont!
Missing character: There is no n in font nullfont!
Missing character: There is no s in font nullfont!
Missing character: There is no o in font nullfont!
Missing character: There is no r in font nullfont!
Missing character: There is no f in font nullfont!
Missing character: There is no l in font nullfont!
Missing character: There is no o in font nullfont!
Missing character: There is no w in font nullfont!
Missing character: There is no æˆ– in font nullfont!
Missing character: There is no è€… in font nullfont!
Missing character: There is no å…¶ in font nullfont!
Missing character: There is no ä»– in font nullfont!
Missing character: There is no çš„ in font nullfont!
Missing character: There is no æ·± in font nullfont!
Missing character: There is no åº¦ in font nullfont!
Missing character: There is no å­¦ in font nullfont!
Missing character: There is no ä¹  in font nullfont!
Missing character: There is no æ¡† in font nullfont!
Missing character: There is no æ¶ in font nullfont!
Missing character: There is no ä¸­ in font nullfont!
Missing character: There is no ï¼Œ in font nullfont!
Missing character: There is no æˆ‘ in font nullfont!
Missing character: There is no ä»¬ in font nullfont!
Missing character: There is no ä½¿ in font nullfont!
Missing character: There is no ç”¨ in font nullfont!
Missing character: There is no çš„ in font nullfont!
Missing character: There is no ä¹Ÿ in font nullfont!
Missing character: There is no æ˜¯ in font nullfont!
Missing character: There is no å¦‚ in font nullfont!
Missing character: There is no ä¸Š in font nullfont!
Missing character: There is no çš„ in font nullfont!
Missing character: There is no å…¬ in font nullfont!
Missing character: There is no å¼ in font nullfont!
Missing character: There is no æ¥ in font nullfont!
Missing character: There is no è¡¨ in font nullfont!
Missing character: There is no ç¤º in font nullfont!
Missing character: There is no äº¤ in font nullfont!
Missing character: There is no å‰ in font nullfont!
Missing character: There is no ç†µ in font nullfont!
Missing character: There is no ã€‚ in font nullfont!
Missing character: There is no y in font nullfont!
Missing character: There is no è¡¨ in font nullfont!
Missing character: There is no ç¤º in font nullfont!
Missing character: There is no ç½‘ in font nullfont!
Missing character: There is no ç»œ in font nullfont!
Missing character: There is no çš„ in font nullfont!
Missing character: There is no è¾“ in font nullfont!
Missing character: There is no å‡º in font nullfont!
Missing character: There is no ï¼Œ in font nullfont!
Missing character: There is no y in font nullfont!
Missing character: There is no è¡¨ in font nullfont!
Missing character: There is no ç¤º in font nullfont!
Missing character: There is no çœŸ in font nullfont!
Missing character: There is no æ˜¯ in font nullfont!
Missing character: There is no çš„ in font nullfont!
Missing character: There is no l in font nullfont!
Missing character: There is no a in font nullfont!
Missing character: There is no b in font nullfont!
Missing character: There is no e in font nullfont!
Missing character: There is no l in font nullfont!
Missing character: There is no ï¼Œ in font nullfont!
Missing character: There is no å…¬ in font nullfont!
Missing character: There is no å¼ in font nullfont!
Missing character: There is no å¦‚ in font nullfont!
Missing character: There is no ä¸‹ in font nullfont!
Missing character: There is no ï¼š in font nullfont!

Overfull \hbox (20.0pt too wide) in paragraph at lines 30--31
[][]
 []


! LaTeX Error: Missing \begin{document}.

See the LaTeX manual or LaTeX Companion for explanation.
Type  H <return>  for immediate help.
 ...                                              
                                                  
l.32 ^^I\begin{equation}
                        
You're in trouble here.  Try typing  <return>  to proceed.
If that doesn't work, type  X <return>  to quit.


Overfull \hbox (20.0pt too wide) in paragraph at lines 32--32
[] 
 []

! Extra }, or forgotten $.
l.33 ...Icross\_entropy = -\sum_{i}^{n} y\_\log y}
                                                  
I've deleted a group-closing symbol because it seems to be
spurious, as in `$x}$'. But perhaps the } is legitimate and
you forgot something else, as in `\hbox{$x}'. In such cases
the way to recover is to insert both the forgotten and the
deleted material, e.g., by typing `I$}'.


Overfull \hbox (123.20021pt too wide) detected at line 34
\OML/cmm/m/it/10 cross[]entropy \OT1/cmr/m/n/10 = \OMS/cmsy/m/n/10 ^^@ [] \OML/
cmm/m/it/10 y[] [] y
 []

! Undefined control sequence.
l.36 ^^I\subsection
                   {ä¿¡æ¯å¢ç›Š}
The control sequence at the end of the top line
of your error message was never \def'ed. If you have
misspelled it (e.g., `\hobx'), type `I' and the correct
spelling (e.g., `I\hbox'). Otherwise just continue,
and I'll forget about whatever was undefined.


! LaTeX Error: Missing \begin{document}.

See the LaTeX manual or LaTeX Companion for explanation.
Type  H <return>  for immediate help.
 ...                                              
                                                  
l.36 ^^I\subsection{ä¿¡
                       æ¯å¢ç›Š}
You're in trouble here.  Try typing  <return>  to proceed.
If that doesn't work, type  X <return>  to quit.

Missing character: There is no ä¿¡ in font nullfont!
Missing character: There is no æ¯ in font nullfont!
Missing character: There is no å¢ in font nullfont!
Missing character: There is no ç›Š in font nullfont!

Overfull \hbox (20.0pt too wide) in paragraph at lines 36--37
[] 
 []


! LaTeX Error: Missing \begin{document}.

See the LaTeX manual or LaTeX Companion for explanation.
Type  H <return>  for immediate help.
 ...                                              
                                                  
l.38 ^^Iæˆ‘
           ä»¬ä½¿ç”¨g(D,A)æ¥è¡¨ç¤ºç‰¹å¾Aå¯¹æ•°æ®é›†Dçš„ä¿¡æ¯å¢ç›Šï¼ŒE(D...

You're in trouble here.  Try typing  <return>  to proceed.
If that doesn't work, type  X <return>  to quit.

Missing character: There is no æˆ‘ in font nullfont!
Missing character: There is no ä»¬ in font nullfont!
Missing character: There is no ä½¿ in font nullfont!
Missing character: There is no ç”¨ in font nullfont!
Missing character: There is no g in font nullfont!
Missing character: There is no ( in font nullfont!
Missing character: There is no D in font nullfont!
Missing character: There is no , in font nullfont!
Missing character: There is no A in font nullfont!
Missing character: There is no ) in font nullfont!
Missing character: There is no æ¥ in font nullfont!
Missing character: There is no è¡¨ in font nullfont!
Missing character: There is no ç¤º in font nullfont!
Missing character: There is no ç‰¹ in font nullfont!
Missing character: There is no å¾ in font nullfont!
Missing character: There is no A in font nullfont!
Missing character: There is no å¯¹ in font nullfont!
Missing character: There is no æ•° in font nullfont!
Missing character: There is no æ® in font nullfont!
Missing character: There is no é›† in font nullfont!
Missing character: There is no D in font nullfont!
Missing character: There is no çš„ in font nullfont!
Missing character: There is no ä¿¡ in font nullfont!
Missing character: There is no æ¯ in font nullfont!
Missing character: There is no å¢ in font nullfont!
Missing character: There is no ç›Š in font nullfont!
Missing character: There is no ï¼Œ in font nullfont!
Missing character: There is no E in font nullfont!
Missing character: There is no ( in font nullfont!
Missing character: There is no D in font nullfont!
Missing character: There is no ) in font nullfont!
Missing character: There is no è¡¨ in font nullfont!
Missing character: There is no ç¤º in font nullfont!
Missing character: There is no æ•° in font nullfont!
Missing character: There is no æ® in font nullfont!
Missing character: There is no é›† in font nullfont!
Missing character: There is no D in font nullfont!
Missing character: There is no çš„ in font nullfont!
Missing character: There is no ç†µ in font nullfont!
Missing character: There is no ï¼Œ in font nullfont!
Missing character: There is no E in font nullfont!
Missing character: There is no ( in font nullfont!
Missing character: There is no D in font nullfont!
Missing character: There is no | in font nullfont!
Missing character: There is no A in font nullfont!
Missing character: There is no ) in font nullfont!
Missing character: There is no è¡¨ in font nullfont!
Missing character: There is no ç¤º in font nullfont!
Missing character: There is no åœ¨ in font nullfont!
Missing character: There is no ç»™ in font nullfont!
Missing character: There is no å®š in font nullfont!
Missing character: There is no ç‰¹ in font nullfont!
Missing character: There is no å¾ in font nullfont!
Missing character: There is no A in font nullfont!
Missing character: There is no çš„ in font nullfont!
Missing character: There is no æ¡ in font nullfont!
Missing character: There is no ä»¶ in font nullfont!
Missing character: There is no ä¸‹ in font nullfont!
Missing character: There is no D in font nullfont!
Missing character: There is no çš„ in font nullfont!
Missing character: There is no ç» in font nullfont!
Missing character: There is no éªŒ in font nullfont!
Missing character: There is no ç†µ in font nullfont!
Missing character: There is no ã€‚ in font nullfont!
Missing character: There is no é‚£ in font nullfont!
Missing character: There is no ä¹ˆ in font nullfont!
Missing character: There is no ï¼Œ in font nullfont!
Missing character: There is no æˆ‘ in font nullfont!
Missing character: There is no ä»¬ in font nullfont!
Missing character: There is no å¯ in font nullfont!
Missing character: There is no ä»¥ in font nullfont!
Missing character: There is no ä½¿ in font nullfont!
Missing character: There is no ç”¨ in font nullfont!
Missing character: There is no å¦‚ in font nullfont!
Missing character: There is no ä¸‹ in font nullfont!
Missing character: There is no çš„ in font nullfont!
Missing character: There is no å…¬ in font nullfont!
Missing character: There is no å¼ in font nullfont!
Missing character: There is no æ¥ in font nullfont!
Missing character: There is no è¡¨ in font nullfont!
Missing character: There is no ç¤º in font nullfont!
Missing character: There is no ä¿¡ in font nullfont!
Missing character: There is no æ¯ in font nullfont!
Missing character: There is no å¢ in font nullfont!
Missing character: There is no ç›Š in font nullfont!
Missing character: There is no ï¼š in font nullfont!

Overfull \hbox (20.0pt too wide) in paragraph at lines 38--39
[] 
 []


! LaTeX Error: Missing \begin{document}.

See the LaTeX manual or LaTeX Companion for explanation.
Type  H <return>  for immediate help.
 ...                                              
                                                  
l.40 ^^I\begin{equation}
                        
You're in trouble here.  Try typing  <return>  to proceed.
If that doesn't work, type  X <return>  to quit.


Overfull \hbox (20.0pt too wide) in paragraph at lines 40--40
[] 
 []


Overfull \hbox (113.38258pt too wide) detected at line 42
\OML/cmm/m/it/10 g\OT1/cmr/m/n/10 (\OML/cmm/m/it/10 D; A\OT1/cmr/m/n/10 ) = \OM
L/cmm/m/it/10 E\OT1/cmr/m/n/10 (\OML/cmm/m/it/10 D\OT1/cmr/m/n/10 ) \OMS/cmsy/m
/n/10 ^^@ \OML/cmm/m/it/10 E\OT1/cmr/m/n/10 (\OML/cmm/m/it/10 D\OMS/cmsy/m/n/10
 j\OML/cmm/m/it/10 A\OT1/cmr/m/n/10 )
 []


! LaTeX Error: Missing \begin{document}.

See the LaTeX manual or LaTeX Companion for explanation.
Type  H <return>  for immediate help.
 ...                                              
                                                  
l.44 ^^IE
         (D)è¡¨ç¤ºå¯¹æ•°æ®é›†Dè¿›è¡Œåˆ†ç±»çš„ä¸ç¡®å®šæ€§ï¼ŒE(D|A)è¡¨ç¤ºåœ¨...

You're in trouble here.  Try typing  <return>  to proceed.
If that doesn't work, type  X <return>  to quit.

Missing character: There is no E in font nullfont!
Missing character: There is no ( in font nullfont!
Missing character: There is no D in font nullfont!
Missing character: There is no ) in font nullfont!
Missing character: There is no è¡¨ in font nullfont!
Missing character: There is no ç¤º in font nullfont!
Missing character: There is no å¯¹ in font nullfont!
Missing character: There is no æ•° in font nullfont!
Missing character: There is no æ® in font nullfont!
Missing character: There is no é›† in font nullfont!
Missing character: There is no D in font nullfont!
Missing character: There is no è¿› in font nullfont!
Missing character: There is no è¡Œ in font nullfont!
Missing character: There is no åˆ† in font nullfont!
Missing character: There is no ç±» in font nullfont!
Missing character: There is no çš„ in font nullfont!
Missing character: There is no ä¸ in font nullfont!
Missing character: There is no ç¡® in font nullfont!
Missing character: There is no å®š in font nullfont!
Missing character: There is no æ€§ in font nullfont!
Missing character: There is no ï¼Œ in font nullfont!
Missing character: There is no E in font nullfont!
Missing character: There is no ( in font nullfont!
Missing character: There is no D in font nullfont!
Missing character: There is no | in font nullfont!
Missing character: There is no A in font nullfont!
Missing character: There is no ) in font nullfont!
Missing character: There is no è¡¨ in font nullfont!
Missing character: There is no ç¤º in font nullfont!
Missing character: There is no åœ¨ in font nullfont!
Missing character: There is no ç»™ in font nullfont!
Missing character: There is no å®š in font nullfont!
Missing character: There is no ç‰¹ in font nullfont!
Missing character: There is no å¾ in font nullfont!
Missing character: There is no A in font nullfont!
Missing character: There is no ä¸‹ in font nullfont!
Missing character: There is no å¯¹ in font nullfont!
Missing character: There is no D in font nullfont!
Missing character: There is no åˆ† in font nullfont!
Missing character: There is no ç±» in font nullfont!
Missing character: There is no çš„ in font nullfont!
Missing character: There is no ä¸ in font nullfont!
Missing character: There is no ç¡® in font nullfont!
Missing character: There is no å®š in font nullfont!
Missing character: There is no æ€§ in font nullfont!
Missing character: There is no ï¼Œ in font nullfont!
Missing character: There is no é‚£ in font nullfont!
Missing character: There is no ä¹ˆ in font nullfont!
Missing character: There is no å®ƒ in font nullfont!
Missing character: There is no ä»¬ in font nullfont!
Missing character: There is no çš„ in font nullfont!
Missing character: There is no å·® in font nullfont!
Missing character: There is no å°± in font nullfont!
Missing character: There is no è¡¨ in font nullfont!
Missing character: There is no ç¤º in font nullfont!
Missing character: There is no åœ¨ in font nullfont!
Missing character: There is no ä½¿ in font nullfont!
Missing character: There is no ç”¨ in font nullfont!
Missing character: There is no äº† in font nullfont!
Missing character: There is no ç‰¹ in font nullfont!
Missing character: There is no å¾ in font nullfont!
Missing character: There is no A in font nullfont!
Missing character: There is no å in font nullfont!
Missing character: There is no æ•° in font nullfont!
Missing character: There is no æ® in font nullfont!
Missing character: There is no é›† in font nullfont!
Missing character: There is no ä¿¡ in font nullfont!
Missing character: There is no æ¯ in font nullfont!
Missing character: There is no ä¸ in font nullfont!
Missing character: There is no ç¡® in font nullfont!
Missing character: There is no å®š in font nullfont!
Missing character: There is no æ€§ in font nullfont!
Missing character: There is no çš„ in font nullfont!
Missing character: There is no å‡ in font nullfont!
Missing character: There is no å°‘ in font nullfont!
Missing character: There is no çš„ in font nullfont!
Missing character: There is no ç¨‹ in font nullfont!
Missing character: There is no åº¦ in font nullfont!
Missing character: There is no ã€‚ in font nullfont!

Overfull \hbox (20.0pt too wide) in paragraph at lines 44--45
[] 
 []


! LaTeX Error: Missing \begin{document}.

See the LaTeX manual or LaTeX Companion for explanation.
Type  H <return>  for immediate help.
 ...                                              
                                                  
l.46 ^^Iä¿¡
           æ¯å¢ç›Šçš„å¤§å°æ˜¯ç›¸å¯¹äºæ•°æ®é›†è€Œè¨€çš„ï¼Œå¹¶æ²¡æœ‰ç»å¯...

You're in trouble here.  Try typing  <return>  to proceed.
If that doesn't work, type  X <return>  to quit.

Missing character: There is no ä¿¡ in font nullfont!
Missing character: There is no æ¯ in font nullfont!
Missing character: There is no å¢ in font nullfont!
Missing character: There is no ç›Š in font nullfont!
Missing character: There is no çš„ in font nullfont!
Missing character: There is no å¤§ in font nullfont!
Missing character: There is no å° in font nullfont!
Missing character: There is no æ˜¯ in font nullfont!
Missing character: There is no ç›¸ in font nullfont!
Missing character: There is no å¯¹ in font nullfont!
Missing character: There is no äº in font nullfont!
Missing character: There is no æ•° in font nullfont!
Missing character: There is no æ® in font nullfont!
Missing character: There is no é›† in font nullfont!
Missing character: There is no è€Œ in font nullfont!
Missing character: There is no è¨€ in font nullfont!
Missing character: There is no çš„ in font nullfont!
Missing character: There is no ï¼Œ in font nullfont!
Missing character: There is no å¹¶ in font nullfont!
Missing character: There is no æ²¡ in font nullfont!
Missing character: There is no æœ‰ in font nullfont!
Missing character: There is no ç» in font nullfont!
Missing character: There is no å¯¹ in font nullfont!
Missing character: There is no æ„ in font nullfont!
Missing character: There is no ä¹‰ in font nullfont!
Missing character: There is no ï¼Œ in font nullfont!
Missing character: There is no å›  in font nullfont!
Missing character: There is no æ­¤ in font nullfont!
Missing character: There is no ä¿¡ in font nullfont!
Missing character: There is no æ¯ in font nullfont!
Missing character: There is no å¢ in font nullfont!
Missing character: There is no ç›Š in font nullfont!
Missing character: There is no æ¯” in font nullfont!
Missing character: There is no å¯ in font nullfont!
Missing character: There is no ä»¥ in font nullfont!
Missing character: There is no è§£ in font nullfont!
Missing character: There is no å†³ in font nullfont!
Missing character: There is no è¿™ in font nullfont!
Missing character: There is no ä¸ª in font nullfont!
Missing character: There is no é—® in font nullfont!
Missing character: There is no é¢˜ in font nullfont!
Missing character: There is no ã€‚ in font nullfont!
Missing character: There is no ä¿¡ in font nullfont!
Missing character: There is no æ¯ in font nullfont!
Missing character: There is no å¢ in font nullfont!
Missing character: There is no ç›Š in font nullfont!
Missing character: There is no æ¯” in font nullfont!
Missing character: There is no ï¼š in font nullfont!

Overfull \hbox (20.0pt too wide) in paragraph at lines 46--47
[] 
 []


! LaTeX Error: Missing \begin{document}.

See the LaTeX manual or LaTeX Companion for explanation.
Type  H <return>  for immediate help.
 ...                                              
                                                  
l.48 ^^I\begin{equation}
                        
You're in trouble here.  Try typing  <return>  to proceed.
If that doesn't work, type  X <return>  to quit.


Overfull \hbox (20.0pt too wide) in paragraph at lines 48--48
[] 
 []


Overfull \hbox (88.7498pt too wide) detected at line 50
\OML/cmm/m/it/10 g[]\OT1/cmr/m/n/10 (\OML/cmm/m/it/10 D; A\OT1/cmr/m/n/10 ) = [
]
 []


! LaTeX Error: Missing \begin{document}.

See the LaTeX manual or LaTeX Companion for explanation.
Type  H <return>  for immediate help.
 ...                                              
                                                  
l.52 ^^Iåœ¨
           å…·ä½“çš„ç®—æ³•ä¸­å¦‚æœéœ€è¦è®¡ç®—ä¿¡æ¯å¢ç›Šæˆ–è€…ä¿¡æ¯å¢ç›...

You're in trouble here.  Try typing  <return>  to proceed.
If that doesn't work, type  X <return>  to quit.

Missing character: There is no åœ¨ in font nullfont!
Missing character: There is no å…· in font nullfont!
Missing character: There is no ä½“ in font nullfont!
Missing character: There is no çš„ in font nullfont!
Missing character: There is no ç®— in font nullfont!
Missing character: There is no æ³• in font nullfont!
Missing character: There is no ä¸­ in font nullfont!
Missing character: There is no å¦‚ in font nullfont!
Missing character: There is no æœ in font nullfont!
Missing character: There is no éœ€ in font nullfont!
Missing character: There is no è¦ in font nullfont!
Missing character: There is no è®¡ in font nullfont!
Missing character: There is no ç®— in font nullfont!
Missing character: There is no ä¿¡ in font nullfont!
Missing character: There is no æ¯ in font nullfont!
Missing character: There is no å¢ in font nullfont!
Missing character: There is no ç›Š in font nullfont!
Missing character: There is no æˆ– in font nullfont!
Missing character: There is no è€… in font nullfont!
Missing character: There is no ä¿¡ in font nullfont!
Missing character: There is no æ¯ in font nullfont!
Missing character: There is no å¢ in font nullfont!
Missing character: There is no ç›Š in font nullfont!
Missing character: There is no æ¯” in font nullfont!
Missing character: There is no ï¼Œ in font nullfont!
Missing character: There is no åª in font nullfont!
Missing character: There is no éœ€ in font nullfont!
Missing character: There is no è¦ in font nullfont!
Missing character: There is no åˆ† in font nullfont!
Missing character: There is no åˆ« in font nullfont!
Missing character: There is no è®¡ in font nullfont!
Missing character: There is no ç®— in font nullfont!
Missing character: There is no E in font nullfont!
Missing character: There is no ( in font nullfont!
Missing character: There is no D in font nullfont!
Missing character: There is no ) in font nullfont!
Missing character: There is no , in font nullfont!
Missing character: There is no E in font nullfont!
Missing character: There is no ( in font nullfont!
Missing character: There is no D in font nullfont!
Missing character: There is no | in font nullfont!
Missing character: There is no A in font nullfont!
Missing character: There is no ) in font nullfont!
Missing character: There is no å³ in font nullfont!
Missing character: There is no å¯ in font nullfont!
Missing character: There is no ã€‚ in font nullfont!
Missing character: There is no è®¡ in font nullfont!
Missing character: There is no ç®— in font nullfont!
Missing character: There is no æ—¶ in font nullfont!
Missing character: There is no åª in font nullfont!
Missing character: There is no éœ€ in font nullfont!
Missing character: There is no è¦ in font nullfont!
Missing character: There is no è®¡ in font nullfont!
Missing character: There is no ç®— in font nullfont!
Missing character: There is no è¿™ in font nullfont!
Missing character: There is no ä¸€ in font nullfont!
Missing character: There is no ç±» in font nullfont!
Missing character: There is no åœ¨ in font nullfont!
Missing character: There is no æ•´ in font nullfont!
Missing character: There is no ä¸ª in font nullfont!
Missing character: There is no æ•° in font nullfont!
Missing character: There is no æ® in font nullfont!
Missing character: There is no é›† in font nullfont!
Missing character: There is no ä¸­ in font nullfont!
Missing character: There is no å‡º in font nullfont!
Missing character: There is no ç° in font nullfont!
Missing character: There is no çš„ in font nullfont!
Missing character: There is no æ¬¡ in font nullfont!
Missing character: There is no æ•° in font nullfont!
Missing character: There is no å³ in font nullfont!
Missing character: There is no å¯ in font nullfont!
Missing character: There is no ï¼Œ in font nullfont!
Missing character: There is no å…¶ in font nullfont!
Missing character: There is no ä»– in font nullfont!
Missing character: There is no ç›¸ in font nullfont!
Missing character: There is no å…³ in font nullfont!
Missing character: There is no çš„ in font nullfont!
Missing character: There is no å‚ in font nullfont!
Missing character: There is no æ•° in font nullfont!
Missing character: There is no ä¹Ÿ in font nullfont!
Missing character: There is no æ˜¯ in font nullfont!
Missing character: There is no ç±» in font nullfont!
Missing character: There is no ä¼¼ in font nullfont!
Missing character: There is no è®¡ in font nullfont!
Missing character: There is no ç®— in font nullfont!
Missing character: There is no ã€‚ in font nullfont!

Overfull \hbox (38.83704pt too wide) in paragraph at lines 52--53
[]$\OML/cmm/m/it/10 p[]$$C[]$ 
 []

! Undefined control sequence.
l.54 ^^I\subsection
                   {å†³ç­–æ ‘ç”Ÿæˆ}
The control sequence at the end of the top line
of your error message was never \def'ed. If you have
misspelled it (e.g., `\hobx'), type `I' and the correct
spelling (e.g., `I\hbox'). Otherwise just continue,
and I'll forget about whatever was undefined.


! LaTeX Error: Missing \begin{document}.

See the LaTeX manual or LaTeX Companion for explanation.
Type  H <return>  for immediate help.
 ...                                              
                                                  
l.54 ^^I\subsection{å†³
                       ç­–æ ‘ç”Ÿæˆ}
You're in trouble here.  Try typing  <return>  to proceed.
If that doesn't work, type  X <return>  to quit.

Missing character: There is no å†³ in font nullfont!
Missing character: There is no ç­– in font nullfont!
Missing character: There is no æ ‘ in font nullfont!
Missing character: There is no ç”Ÿ in font nullfont!
Missing character: There is no æˆ in font nullfont!

Overfull \hbox (20.0pt too wide) in paragraph at lines 54--55
[] 
 []

! Undefined control sequence.
l.56 ^^I\subsubsection
                      {ID3}
The control sequence at the end of the top line
of your error message was never \def'ed. If you have
misspelled it (e.g., `\hobx'), type `I' and the correct
spelling (e.g., `I\hbox'). Otherwise just continue,
and I'll forget about whatever was undefined.


! LaTeX Error: Missing \begin{document}.

See the LaTeX manual or LaTeX Companion for explanation.
Type  H <return>  for immediate help.
 ...                                              
                                                  
l.56 ^^I\subsubsection{I
                        D3}
You're in trouble here.  Try typing  <return>  to proceed.
If that doesn't work, type  X <return>  to quit.

Missing character: There is no I in font nullfont!
Missing character: There is no D in font nullfont!
Missing character: There is no 3 in font nullfont!
Missing character: There is no å¯¹ in font nullfont!
Missing character: There is no äº in font nullfont!
Missing character: There is no è®­ in font nullfont!
Missing character: There is no ç»ƒ in font nullfont!
Missing character: There is no æ•° in font nullfont!
Missing character: There is no æ® in font nullfont!
Missing character: There is no D in font nullfont!
Missing character: There is no ï¼Œ in font nullfont!
Missing character: There is no ç‰¹ in font nullfont!
Missing character: There is no å¾ in font nullfont!
Missing character: There is no é›† in font nullfont!
Missing character: There is no A in font nullfont!
Missing character: There is no ï¼Œ in font nullfont!
Missing character: There is no é˜ˆ in font nullfont!
Missing character: There is no å€¼ in font nullfont!

Overfull \hbox (20.0pt too wide) in paragraph at lines 56--58
[]
 []


Overfull \hbox (4.05904pt too wide) in paragraph at lines 56--58
\OML/cmm/m/it/10 ^^O$ 
 []

Missing character: There is no å¦‚ in font nullfont!
Missing character: There is no æœ in font nullfont!
Missing character: There is no D in font nullfont!
Missing character: There is no ä¸­ in font nullfont!
Missing character: There is no çš„ in font nullfont!
Missing character: There is no æ‰€ in font nullfont!
Missing character: There is no æœ‰ in font nullfont!
Missing character: There is no å® in font nullfont!
Missing character: There is no ä¾‹ in font nullfont!
Missing character: There is no éƒ½ in font nullfont!
Missing character: There is no å± in font nullfont!
Missing character: There is no äº in font nullfont!
Missing character: There is no åŒ in font nullfont!
Missing character: There is no ä¸€ in font nullfont!
Missing character: There is no ç±» in font nullfont!
Missing character: There is no ï¼Œ in font nullfont!
Missing character: There is no åˆ™ in font nullfont!
Missing character: There is no ä¸º in font nullfont!
Missing character: There is no ä¸€ in font nullfont!
Missing character: There is no æ£µ in font nullfont!
Missing character: There is no å• in font nullfont!
Missing character: There is no èŠ‚ in font nullfont!
Missing character: There is no ç‚¹ in font nullfont!
Missing character: There is no æ ‘ in font nullfont!
Missing character: There is no ï¼Œ in font nullfont!
Missing character: There is no ç®— in font nullfont!
Missing character: There is no æ³• in font nullfont!
Missing character: There is no ç»“ in font nullfont!
Missing character: There is no æŸ in font nullfont!
Missing character: There is no ã€‚ in font nullfont!
Missing character: There is no å¦‚ in font nullfont!
Missing character: There is no æœ in font nullfont!
Missing character: There is no ç‰¹ in font nullfont!
Missing character: There is no å¾ in font nullfont!
Missing character: There is no é›† in font nullfont!
Missing character: There is no A in font nullfont!
Missing character: There is no ä¸º in font nullfont!
Missing character: There is no ç©º in font nullfont!
Missing character: There is no ï¼Œ in font nullfont!
Missing character: There is no åˆ™ in font nullfont!
Missing character: There is no T in font nullfont!
Missing character: There is no ä¸º in font nullfont!
Missing character: There is no å• in font nullfont!
Missing character: There is no èŠ‚ in font nullfont!
Missing character: There is no ç‚¹ in font nullfont!
Missing character: There is no æ•° in font nullfont!
Missing character: There is no ï¼Œ in font nullfont!
Missing character: There is no é€‰ in font nullfont!
Missing character: There is no æ‹© in font nullfont!
Missing character: There is no å® in font nullfont!
Missing character: There is no ä¾‹ in font nullfont!
Missing character: There is no ä¸­ in font nullfont!
Missing character: There is no å‡º in font nullfont!
Missing character: There is no ç° in font nullfont!
Missing character: There is no æ¬¡ in font nullfont!
Missing character: There is no æ•° in font nullfont!
Missing character: There is no æœ€ in font nullfont!
Missing character: There is no å¤š in font nullfont!
Missing character: There is no çš„ in font nullfont!
Missing character: There is no ç±» in font nullfont!
Missing character: There is no ä½œ in font nullfont!
Missing character: There is no ä¸º in font nullfont!
Missing character: There is no è¯¥ in font nullfont!
Missing character: There is no èŠ‚ in font nullfont!
Missing character: There is no ç‚¹ in font nullfont!
Missing character: There is no çš„ in font nullfont!
Missing character: There is no ç±» in font nullfont!
Missing character: There is no æ ‡ in font nullfont!
Missing character: There is no è®° in font nullfont!
Missing character: There is no ï¼Œ in font nullfont!
Missing character: There is no ç®— in font nullfont!
Missing character: There is no æ³• in font nullfont!
Missing character: There is no ç»“ in font nullfont!
Missing character: There is no æŸ in font nullfont!
Missing character: There is no å¦‚ in font nullfont!
Missing character: There is no æœ in font nullfont!
Missing character: There is no ä¸Š in font nullfont!
Missing character: There is no è¿° in font nullfont!
Missing character: There is no ä¸¤ in font nullfont!
Missing character: There is no æ¡ in font nullfont!
Missing character: There is no ä¸ in font nullfont!
Missing character: There is no æ»¡ in font nullfont!
Missing character: There is no è¶³ in font nullfont!
Missing character: There is no ï¼Œ in font nullfont!
Missing character: There is no è®¡ in font nullfont!
Missing character: There is no ç®— in font nullfont!
Missing character: There is no æ‰€ in font nullfont!
Missing character: There is no æœ‰ in font nullfont!
Missing character: There is no ç‰¹ in font nullfont!
Missing character: There is no å¾ in font nullfont!
Missing character: There is no çš„ in font nullfont!
Missing character: There is no ä¿¡ in font nullfont!
Missing character: There is no æ¯ in font nullfont!
Missing character: There is no å¢ in font nullfont!
Missing character: There is no ç›Š in font nullfont!
Missing character: There is no ï¼Œ in font nullfont!
Missing character: There is no å¹¶ in font nullfont!
Missing character: There is no é€‰ in font nullfont!
Missing character: There is no æ‹© in font nullfont!
Missing character: There is no ä¿¡ in font nullfont!
Missing character: There is no æ¯ in font nullfont!
Missing character: There is no å¢ in font nullfont!
Missing character: There is no ç›Š in font nullfont!
Missing character: There is no æœ€ in font nullfont!
Missing character: There is no å¤§ in font nullfont!
Missing character: There is no çš„ in font nullfont!
Missing character: There is no ç‰¹ in font nullfont!
Missing character: There is no å¾ in font nullfont!
Missing character: There is no ï¼Œ in font nullfont!
Missing character: There is no å¦‚ in font nullfont!
Missing character: There is no æœ in font nullfont!
Missing character: There is no å° in font nullfont!
Missing character: There is no äº in font nullfont!
Missing character: There is no é˜ˆ in font nullfont!
Missing character: There is no å€¼ in font nullfont!
Missing character: There is no ï¼Œ in font nullfont!
Missing character: There is no åˆ™ in font nullfont!
Missing character: There is no ä¸º in font nullfont!
Missing character: There is no å• in font nullfont!
Missing character: There is no èŠ‚ in font nullfont!
Missing character: There is no ç‚¹ in font nullfont!
Missing character: There is no æ ‘ in font nullfont!
Missing character: There is no ï¼Œ in font nullfont!
Missing character: There is no é€‰ in font nullfont!
Missing character: There is no æ‹© in font nullfont!
Missing character: There is no å® in font nullfont!
Missing character: There is no ä¾‹ in font nullfont!
Missing character: There is no ä¸­ in font nullfont!
Missing character: There is no å‡º in font nullfont!
Missing character: There is no ç° in font nullfont!
Missing character: There is no æ¬¡ in font nullfont!
Missing character: There is no æ•° in font nullfont!
Missing character: There is no æœ€ in font nullfont!
Missing character: There is no å¤š in font nullfont!
Missing character: There is no çš„ in font nullfont!
Missing character: There is no ç±» in font nullfont!
Missing character: There is no ä½œ in font nullfont!
Missing character: There is no ä¸º in font nullfont!
Missing character: There is no è¯¥ in font nullfont!
Missing character: There is no èŠ‚ in font nullfont!
Missing character: There is no ç‚¹ in font nullfont!
Missing character: There is no çš„ in font nullfont!
Missing character: There is no ç±» in font nullfont!
Missing character: There is no æ ‡ in font nullfont!
Missing character: There is no è®° in font nullfont!
Missing character: There is no ï¼Œ in font nullfont!
Missing character: There is no ç®— in font nullfont!
Missing character: There is no æ³• in font nullfont!
Missing character: There is no ç»“ in font nullfont!
Missing character: There is no æŸ in font nullfont!
Missing character: There is no ã€‚ in font nullfont!
Missing character: There is no å¦ in font nullfont!
Missing character: There is no åˆ™ in font nullfont!
Missing character: There is no ï¼Œ in font nullfont!
Missing character: There is no å¯¹ in font nullfont!
Missing character: There is no äº in font nullfont!
Missing character: There is no çš„ in font nullfont!
Missing character: There is no æ¯ in font nullfont!
Missing character: There is no ä¸€ in font nullfont!
Missing character: There is no ä¸ª in font nullfont!
Missing character: There is no å¯ in font nullfont!
Missing character: There is no èƒ½ in font nullfont!
Missing character: There is no å€¼ in font nullfont!
Missing character: There is no , in font nullfont!
Missing character: There is no å¯¹ in font nullfont!
Missing character: There is no æ•° in font nullfont!
Missing character: There is no æ® in font nullfont!
Missing character: There is no é›† in font nullfont!
Missing character: There is no D in font nullfont!
Missing character: There is no è¿› in font nullfont!
Missing character: There is no è¡Œ in font nullfont!
Missing character: There is no åˆ’ in font nullfont!
Missing character: There is no åˆ† in font nullfont!
Missing character: There is no ï¼Œ in font nullfont!
Missing character: There is no è¿™ in font nullfont!
Missing character: There is no ä¸ª in font nullfont!
Missing character: There is no åˆ’ in font nullfont!
Missing character: There is no åˆ† in font nullfont!
Missing character: There is no å°± in font nullfont!
Missing character: There is no æ˜¯ in font nullfont!
Missing character: There is no è¿™ in font nullfont!
Missing character: There is no æ£µ in font nullfont!
Missing character: There is no æ ‘ in font nullfont!
Missing character: There is no çš„ in font nullfont!
Missing character: There is no å¤š in font nullfont!
Missing character: There is no ä¸ª in font nullfont!
Missing character: There is no å­ in font nullfont!
Missing character: There is no æ ‘ in font nullfont!
Missing character: There is no ã€‚ in font nullfont!

Overfull \hbox (45.87572pt too wide) in paragraph at lines 61--62
\OML/cmm/m/it/10 A[]$$A[]$$A[]$$a[]$ 
 []

Missing character: There is no é‡ in font nullfont!
Missing character: There is no å¤ in font nullfont!
Missing character: There is no ä¸Š in font nullfont!
Missing character: There is no è¿° in font nullfont!
Missing character: There is no æ­¥ in font nullfont!
Missing character: There is no éª¤ in font nullfont!
Missing character: There is no å³ in font nullfont!
Missing character: There is no å¯ in font nullfont!
Missing character: There is no å¾— in font nullfont!
Missing character: There is no åˆ° in font nullfont!
Missing character: There is no ä¸€ in font nullfont!
Missing character: There is no é¢— in font nullfont!
Missing character: There is no å†³ in font nullfont!
Missing character: There is no ç­– in font nullfont!
Missing character: There is no æ ‘ in font nullfont!
Missing character: There is no ã€‚ in font nullfont!
! Undefined control sequence.
l.64 ^^I\subsubsection
                      {C4.5}
The control sequence at the end of the top line
of your error message was never \def'ed. If you have
misspelled it (e.g., `\hobx'), type `I' and the correct
spelling (e.g., `I\hbox'). Otherwise just continue,
and I'll forget about whatever was undefined.

Missing character: There is no C in font nullfont!
Missing character: There is no 4 in font nullfont!
Missing character: There is no . in font nullfont!
Missing character: There is no 5 in font nullfont!
Missing character: There is no C in font nullfont!
Missing character: There is no 4 in font nullfont!
Missing character: There is no . in font nullfont!
Missing character: There is no 5 in font nullfont!
Missing character: There is no ç®— in font nullfont!
Missing character: There is no æ³• in font nullfont!
Missing character: There is no ä¸ in font nullfont!
Missing character: There is no I in font nullfont!
Missing character: There is no D in font nullfont!
Missing character: There is no 3 in font nullfont!
Missing character: There is no çš„ in font nullfont!
Missing character: There is no ä¸ in font nullfont!
Missing character: There is no åŒ in font nullfont!
Missing character: There is no ä¹‹ in font nullfont!
Missing character: There is no å¤„ in font nullfont!
Missing character: There is no æ˜¯ in font nullfont!
Missing character: There is no ä½¿ in font nullfont!
Missing character: There is no ç”¨ in font nullfont!
Missing character: There is no ä¿¡ in font nullfont!
Missing character: There is no æ¯ in font nullfont!
Missing character: There is no å¢ in font nullfont!
Missing character: There is no ç›Š in font nullfont!
Missing character: There is no æ¯” in font nullfont!
Missing character: There is no æ¥ in font nullfont!
Missing character: There is no è¿› in font nullfont!
Missing character: There is no è¡Œ in font nullfont!
Missing character: There is no ç‰¹ in font nullfont!
Missing character: There is no å¾ in font nullfont!
Missing character: There is no çš„ in font nullfont!
Missing character: There is no é€‰ in font nullfont!
Missing character: There is no æ‹© in font nullfont!
Missing character: There is no ã€‚ in font nullfont!
! Undefined control sequence.
l.67 ^^I\subsection
                   {é˜²æ­¢è¿‡æ‹Ÿåˆ}
The control sequence at the end of the top line
of your error message was never \def'ed. If you have
misspelled it (e.g., `\hobx'), type `I' and the correct
spelling (e.g., `I\hbox'). Otherwise just continue,
and I'll forget about whatever was undefined.

Missing character: There is no é˜² in font nullfont!
Missing character: There is no æ­¢ in font nullfont!
Missing character: There is no è¿‡ in font nullfont!
Missing character: There is no æ‹Ÿ in font nullfont!
Missing character: There is no åˆ in font nullfont!

Overfull \hbox (20.0pt too wide) in paragraph at lines 67--68
[] 
 []

Missing character: There is no å†³ in font nullfont!
Missing character: There is no ç­– in font nullfont!
Missing character: There is no æ ‘ in font nullfont!
Missing character: There is no çš„ in font nullfont!
Missing character: There is no ç”Ÿ in font nullfont!
Missing character: There is no æˆ in font nullfont!
Missing character: There is no è¿‡ in font nullfont!
Missing character: There is no ç¨‹ in font nullfont!
Missing character: There is no åª in font nullfont!
Missing character: There is no è€ƒ in font nullfont!
Missing character: There is no è™‘ in font nullfont!
Missing character: There is no å±€ in font nullfont!
Missing character: There is no éƒ¨ in font nullfont!
Missing character: There is no æœ€ in font nullfont!
Missing character: There is no ä¼˜ in font nullfont!
Missing character: There is no ï¼Œ in font nullfont!
Missing character: There is no è¿™ in font nullfont!
Missing character: There is no æ · in font nullfont!
Missing character: There is no å°± in font nullfont!
Missing character: There is no ä¼š in font nullfont!
Missing character: There is no é€  in font nullfont!
Missing character: There is no æˆ in font nullfont!
Missing character: There is no å…¨ in font nullfont!
Missing character: There is no å±€ in font nullfont!
Missing character: There is no ä¸ in font nullfont!
Missing character: There is no æ˜¯ in font nullfont!
Missing character: There is no æœ€ in font nullfont!
Missing character: There is no ä¼˜ in font nullfont!
Missing character: There is no çš„ in font nullfont!
Missing character: There is no ç»“ in font nullfont!
Missing character: There is no æœ in font nullfont!
Missing character: There is no ã€‚ in font nullfont!
Missing character: There is no å›  in font nullfont!
Missing character: There is no æ­¤ in font nullfont!
Missing character: There is no ï¼Œ in font nullfont!
Missing character: There is no å‰ª in font nullfont!
Missing character: There is no æ in font nullfont!
Missing character: There is no çš„ in font nullfont!
Missing character: There is no è¿‡ in font nullfont!
Missing character: There is no ç¨‹ in font nullfont!
Missing character: There is no ä¸­ in font nullfont!
Missing character: There is no éœ€ in font nullfont!
Missing character: There is no è¦ in font nullfont!
Missing character: There is no è€ƒ in font nullfont!
Missing character: There is no è™‘ in font nullfont!
Missing character: There is no å…¨ in font nullfont!
Missing character: There is no å±€ in font nullfont!
Missing character: There is no æœ€ in font nullfont!
Missing character: There is no ä¼˜ in font nullfont!
Missing character: There is no ã€‚ in font nullfont!

Overfull \hbox (20.0pt too wide) in paragraph at lines 69--70
[] 
 []

Missing character: There is no å†³ in font nullfont!
Missing character: There is no ç­– in font nullfont!
Missing character: There is no æ ‘ in font nullfont!
Missing character: There is no çš„ in font nullfont!
Missing character: There is no å‰ª in font nullfont!
Missing character: There is no æ in font nullfont!
Missing character: There is no é€š in font nullfont!
Missing character: There is no è¿‡ in font nullfont!
Missing character: There is no æœ€ in font nullfont!
Missing character: There is no å° in font nullfont!
Missing character: There is no åŒ– in font nullfont!
Missing character: There is no å†³ in font nullfont!
Missing character: There is no ç­– in font nullfont!
Missing character: There is no æ ‘ in font nullfont!
Missing character: There is no çš„ in font nullfont!
Missing character: There is no æ•´ in font nullfont!
Missing character: There is no ä½“ in font nullfont!
Missing character: There is no æŸ in font nullfont!
Missing character: There is no å¤± in font nullfont!
Missing character: There is no å‡½ in font nullfont!
Missing character: There is no æ•° in font nullfont!
Missing character: There is no æ¥ in font nullfont!
Missing character: There is no å® in font nullfont!
Missing character: There is no ç° in font nullfont!
Missing character: There is no ã€‚ in font nullfont!
Missing character: There is no è®¾ in font nullfont!
Missing character: There is no å†³ in font nullfont!
Missing character: There is no ç­– in font nullfont!
Missing character: There is no æ ‘ in font nullfont!
Missing character: There is no T in font nullfont!
Missing character: There is no æœ‰ in font nullfont!
Missing character: There is no | in font nullfont!
Missing character: There is no T in font nullfont!
Missing character: There is no | in font nullfont!
Missing character: There is no ä¸ª in font nullfont!
Missing character: There is no èŠ‚ in font nullfont!
Missing character: There is no ç‚¹ in font nullfont!
Missing character: There is no ï¼Œ in font nullfont!
Missing character: There is no t in font nullfont!
Missing character: There is no ä¸º in font nullfont!
Missing character: There is no æ ‘ in font nullfont!
Missing character: There is no T in font nullfont!
Missing character: There is no çš„ in font nullfont!
Missing character: There is no å¶ in font nullfont!
Missing character: There is no èŠ‚ in font nullfont!
Missing character: There is no ç‚¹ in font nullfont!
Missing character: There is no ï¼Œ in font nullfont!
Missing character: There is no è¯¥ in font nullfont!
Missing character: There is no å¶ in font nullfont!
Missing character: There is no èŠ‚ in font nullfont!
Missing character: There is no ç‚¹ in font nullfont!
Missing character: There is no æœ‰ in font nullfont!
Missing character: There is no N in font nullfont!
! Missing $ inserted.
<inserted text> 
                $
l.71 ...¼Œtä¸ºæ ‘Tçš„å¶èŠ‚ç‚¹ï¼Œè¯¥å¶èŠ‚ç‚¹æœ‰N_
                                                  tä¸ªæ ·æœ¬ç‚¹ã€‚
I've inserted a begin-math/end-math symbol since I think
you left one out. Proceed, with fingers crossed.

! Missing $ inserted.
<inserted text> 
                $
l.72 
     
I've inserted a begin-math/end-math symbol since I think
you left one out. Proceed, with fingers crossed.

Missing character: There is no ä¸ª in font cmr10!
Missing character: There is no æ · in font cmr10!
Missing character: There is no æœ¬ in font cmr10!
Missing character: There is no ç‚¹ in font cmr10!
Missing character: There is no ã€‚ in font cmr10!

Overfull \hbox (23.52084pt too wide) in paragraph at lines 71--72
[]$[]$ 
 []

)
! Emergency stop.
<*> chap5_machine_learing.tex
                             
*** (job aborted, no legal \end found)

 
Here is how much of TeX's memory you used:
 10 strings out of 493638
 161 string characters out of 6146796
 56571 words of memory out of 5000000
 3511 multiletter control sequences out of 15000+600000
 3640 words of font info for 14 fonts, out of 8000000 for 9000
 1328 hyphenation exceptions out of 8191
 18i,3n,12p,172b,79s stack positions out of 5000i,500n,10000p,200000b,80000s
No pages of output.
