This is XeTeX, Version 3.14159265-2.6-0.99992 (TeX Live 2015/Debian) (preloaded format=xelatex 2017.8.23)  26 SEP 2017 17:48
entering extended mode
 restricted \write18 enabled.
 %&-line parsing enabled.
**chap3_regulization.tex
(./chap3_regulization.tex
LaTeX2e <2016/02/01>
Babel <3.9q> and hyphenation patterns for 81 language(s) loaded.
! Undefined control sequence.
l.1 \chapter
            {æ­£åˆ™åŒ–æ–¹æ³•}
The control sequence at the end of the top line
of your error message was never \def'ed. If you have
misspelled it (e.g., `\hobx'), type `I' and the correct
spelling (e.g., `I\hbox'). Otherwise just continue,
and I'll forget about whatever was undefined.


! LaTeX Error: Missing \begin{document}.

See the LaTeX manual or LaTeX Companion for explanation.
Type  H <return>  for immediate help.
 ...                                              
                                                  
l.1 \chapter{æ­£
                åˆ™åŒ–æ–¹æ³•}
You're in trouble here.  Try typing  <return>  to proceed.
If that doesn't work, type  X <return>  to quit.

Missing character: There is no æ­£ in font nullfont!
Missing character: There is no åˆ™ in font nullfont!
Missing character: There is no åŒ– in font nullfont!
Missing character: There is no æ–¹ in font nullfont!
Missing character: There is no æ³• in font nullfont!

Overfull \hbox (20.0pt too wide) in paragraph at lines 1--2
[] 
 []

! Undefined control sequence.
l.3 \section
            *{Introduction}
The control sequence at the end of the top line
of your error message was never \def'ed. If you have
misspelled it (e.g., `\hobx'), type `I' and the correct
spelling (e.g., `I\hbox'). Otherwise just continue,
and I'll forget about whatever was undefined.


! LaTeX Error: Missing \begin{document}.

See the LaTeX manual or LaTeX Companion for explanation.
Type  H <return>  for immediate help.
 ...                                              
                                                  
l.3 \section*
             {Introduction}
You're in trouble here.  Try typing  <return>  to proceed.
If that doesn't work, type  X <return>  to quit.

Missing character: There is no * in font nullfont!
Missing character: There is no I in font nullfont!
Missing character: There is no n in font nullfont!
Missing character: There is no t in font nullfont!
Missing character: There is no r in font nullfont!
Missing character: There is no o in font nullfont!
Missing character: There is no d in font nullfont!
Missing character: There is no u in font nullfont!
Missing character: There is no c in font nullfont!
Missing character: There is no t in font nullfont!
Missing character: There is no i in font nullfont!
Missing character: There is no o in font nullfont!
Missing character: There is no n in font nullfont!
Missing character: There is no æœ¬ in font nullfont!
Missing character: There is no ç«  in font nullfont!
Missing character: There is no èŠ‚ in font nullfont!
Missing character: There is no å†… in font nullfont!
Missing character: There is no å®¹ in font nullfont!
Missing character: There is no ä¸» in font nullfont!
Missing character: There is no è¦ in font nullfont!
Missing character: There is no ä»‹ in font nullfont!
Missing character: There is no ç» in font nullfont!
Missing character: There is no æœº in font nullfont!
Missing character: There is no å™¨ in font nullfont!
Missing character: There is no å­¦ in font nullfont!
Missing character: There is no ä¹  in font nullfont!
Missing character: There is no ã€ in font nullfont!
Missing character: There is no æ·± in font nullfont!
Missing character: There is no åº¦ in font nullfont!
Missing character: There is no å­¦ in font nullfont!
Missing character: There is no ä¹  in font nullfont!
Missing character: There is no æ€» in font nullfont!
Missing character: There is no çš„ in font nullfont!
Missing character: There is no æ­£ in font nullfont!
Missing character: There is no åˆ™ in font nullfont!
Missing character: There is no åŒ– in font nullfont!
Missing character: There is no æ–¹ in font nullfont!
Missing character: There is no æ³• in font nullfont!

Overfull \hbox (20.0pt too wide) in paragraph at lines 3--5
[]
 []


! LaTeX Error: Missing \begin{document}.

See the LaTeX manual or LaTeX Companion for explanation.
Type  H <return>  for immediate help.
 ...                                              
                                                  
l.6 ^^Iä¸€
          èˆ¬æ¥è¯´ï¼Œæ‰€æœ‰çš„ç›‘ç£å­¦ä¹ éƒ½å¯ä»¥æœ€å°åŒ–ä¸‹é¢çš„å‡½æ•°...

You're in trouble here.  Try typing  <return>  to proceed.
If that doesn't work, type  X <return>  to quit.

Missing character: There is no ä¸€ in font nullfont!
Missing character: There is no èˆ¬ in font nullfont!
Missing character: There is no æ¥ in font nullfont!
Missing character: There is no è¯´ in font nullfont!
Missing character: There is no ï¼Œ in font nullfont!
Missing character: There is no æ‰€ in font nullfont!
Missing character: There is no æœ‰ in font nullfont!
Missing character: There is no çš„ in font nullfont!
Missing character: There is no ç›‘ in font nullfont!
Missing character: There is no ç£ in font nullfont!
Missing character: There is no å­¦ in font nullfont!
Missing character: There is no ä¹  in font nullfont!
Missing character: There is no éƒ½ in font nullfont!
Missing character: There is no å¯ in font nullfont!
Missing character: There is no ä»¥ in font nullfont!
Missing character: There is no æœ€ in font nullfont!
Missing character: There is no å° in font nullfont!
Missing character: There is no åŒ– in font nullfont!
Missing character: There is no ä¸‹ in font nullfont!
Missing character: There is no é¢ in font nullfont!
Missing character: There is no çš„ in font nullfont!
Missing character: There is no å‡½ in font nullfont!
Missing character: There is no æ•° in font nullfont!
Missing character: There is no æ¥ in font nullfont!
Missing character: There is no è¡¨ in font nullfont!
Missing character: There is no ç¤º in font nullfont!
Missing character: There is no ï¼š in font nullfont!

Overfull \hbox (20.0pt too wide) in paragraph at lines 6--7
[] 
 []


! LaTeX Error: Missing \begin{document}.

See the LaTeX manual or LaTeX Companion for explanation.
Type  H <return>  for immediate help.
 ...                                              
                                                  
l.8 ^^I\begin{equation}
                       
You're in trouble here.  Try typing  <return>  to proceed.
If that doesn't work, type  X <return>  to quit.


Overfull \hbox (20.0pt too wide) in paragraph at lines 8--8
[] 
 []

LaTeX Font Info:    External font `cmex10' loaded for size
(Font)              <7> on input line 8.
LaTeX Font Info:    External font `cmex10' loaded for size
(Font)              <5> on input line 8.

Overfull \hbox (168.89473pt too wide) detected at line 10
\OML/cmm/m/it/10 w \OT1/cmr/m/n/10 = [] [] [] \OML/cmm/m/it/10 L\OT1/cmr/m/n/10
 (\OML/cmm/m/it/10 y[]; f\OT1/cmr/m/n/10 (\OML/cmm/m/it/10 x[]\OT1/cmr/m/n/10 ;
 \OML/cmm/m/it/10 w\OT1/cmr/m/n/10 )) + \OML/cmm/m/it/10 ^^U\OT1/cmr/m/n/10 
(\OML/cmm/m/it/10 w\OT1/cmr/m/n/10 )
 []


! LaTeX Error: Missing \begin{document}.

See the LaTeX manual or LaTeX Companion for explanation.
Type  H <return>  for immediate help.
 ...                                              
                                                  
l.12 ^^Iå…¶
           ä¸­ï¼Œç¬¬ä¸€é¡¹ä¸€èˆ¬ä¸ºæ¨¡å‹é¢„æµ‹çš„ç»“æœä¸çœŸå®çš„ç»“æœä¹...

You're in trouble here.  Try typing  <return>  to proceed.
If that doesn't work, type  X <return>  to quit.

Missing character: There is no å…¶ in font nullfont!
Missing character: There is no ä¸­ in font nullfont!
Missing character: There is no ï¼Œ in font nullfont!
Missing character: There is no ç¬¬ in font nullfont!
Missing character: There is no ä¸€ in font nullfont!
Missing character: There is no é¡¹ in font nullfont!
Missing character: There is no ä¸€ in font nullfont!
Missing character: There is no èˆ¬ in font nullfont!
Missing character: There is no ä¸º in font nullfont!
Missing character: There is no æ¨¡ in font nullfont!
Missing character: There is no å‹ in font nullfont!
Missing character: There is no é¢„ in font nullfont!
Missing character: There is no æµ‹ in font nullfont!
Missing character: There is no çš„ in font nullfont!
Missing character: There is no ç»“ in font nullfont!
Missing character: There is no æœ in font nullfont!
Missing character: There is no ä¸ in font nullfont!
Missing character: There is no çœŸ in font nullfont!
Missing character: There is no å® in font nullfont!
Missing character: There is no çš„ in font nullfont!
Missing character: There is no ç»“ in font nullfont!
Missing character: There is no æœ in font nullfont!
Missing character: There is no ä¹‹ in font nullfont!
Missing character: There is no é—´ in font nullfont!
Missing character: There is no çš„ in font nullfont!
Missing character: There is no å·® in font nullfont!
Missing character: There is no è· in font nullfont!
Missing character: There is no ï¼Œ in font nullfont!
Missing character: There is no å¯ in font nullfont!
Missing character: There is no ä»¥ in font nullfont!
Missing character: There is no ç”¨ in font nullfont!
Missing character: There is no å„ in font nullfont!
Missing character: There is no ç§ in font nullfont!
Missing character: There is no å„ in font nullfont!
Missing character: There is no æ · in font nullfont!
Missing character: There is no ä¸ in font nullfont!
Missing character: There is no åŒ in font nullfont!
Missing character: There is no çš„ in font nullfont!
Missing character: There is no å‡½ in font nullfont!
Missing character: There is no æ•° in font nullfont!
Missing character: There is no æ¥ in font nullfont!
Missing character: There is no è¡¨ in font nullfont!
Missing character: There is no ç¤º in font nullfont!
Missing character: There is no ï¼Œ in font nullfont!
Missing character: There is no ç¬¬ in font nullfont!
Missing character: There is no äºŒ in font nullfont!
Missing character: There is no é¡¹ in font nullfont!
Missing character: There is no ä¸€ in font nullfont!
Missing character: There is no èˆ¬ in font nullfont!
Missing character: There is no ä¸º in font nullfont!
Missing character: There is no æ­£ in font nullfont!
Missing character: There is no åˆ™ in font nullfont!
Missing character: There is no åŒ– in font nullfont!
Missing character: There is no é¡¹ in font nullfont!
Missing character: There is no ï¼Œ in font nullfont!
Missing character: There is no ä¸» in font nullfont!
Missing character: There is no è¦ in font nullfont!
Missing character: There is no ç›® in font nullfont!
Missing character: There is no çš„ in font nullfont!
Missing character: There is no æ˜¯ in font nullfont!
Missing character: There is no ä½¿ in font nullfont!
Missing character: There is no æˆ‘ in font nullfont!
Missing character: There is no ä»¬ in font nullfont!
Missing character: There is no çš„ in font nullfont!
Missing character: There is no æ¨¡ in font nullfont!
Missing character: There is no å‹ in font nullfont!
Missing character: There is no æ›´ in font nullfont!
Missing character: There is no åŠ  in font nullfont!
Missing character: There is no ç®€ in font nullfont!
Missing character: There is no å• in font nullfont!
Missing character: There is no ï¼Œ in font nullfont!
Missing character: There is no é˜² in font nullfont!
Missing character: There is no æ­¢ in font nullfont!
Missing character: There is no è¿‡ in font nullfont!
Missing character: There is no æ‹Ÿ in font nullfont!
Missing character: There is no åˆ in font nullfont!
Missing character: There is no ã€‚ in font nullfont!

Overfull \hbox (20.0pt too wide) in paragraph at lines 12--13
[] 
 []

! Undefined control sequence.
l.14 \section
             {L1 L2}
The control sequence at the end of the top line
of your error message was never \def'ed. If you have
misspelled it (e.g., `\hobx'), type `I' and the correct
spelling (e.g., `I\hbox'). Otherwise just continue,
and I'll forget about whatever was undefined.


! LaTeX Error: Missing \begin{document}.

See the LaTeX manual or LaTeX Companion for explanation.
Type  H <return>  for immediate help.
 ...                                              
                                                  
l.14 \section{L
               1 L2}
You're in trouble here.  Try typing  <return>  to proceed.
If that doesn't work, type  X <return>  to quit.

Missing character: There is no L in font nullfont!
Missing character: There is no 1 in font nullfont!
Missing character: There is no L in font nullfont!
Missing character: There is no 2 in font nullfont!

Overfull \hbox (20.0pt too wide) in paragraph at lines 14--16
[]
 []

! Undefined control sequence.
l.17 ^^I\subsection
                   {ill-condition}
The control sequence at the end of the top line
of your error message was never \def'ed. If you have
misspelled it (e.g., `\hobx'), type `I' and the correct
spelling (e.g., `I\hbox'). Otherwise just continue,
and I'll forget about whatever was undefined.


! LaTeX Error: Missing \begin{document}.

See the LaTeX manual or LaTeX Companion for explanation.
Type  H <return>  for immediate help.
 ...                                              
                                                  
l.17 ^^I\subsection{i
                     ll-condition}
You're in trouble here.  Try typing  <return>  to proceed.
If that doesn't work, type  X <return>  to quit.

Missing character: There is no i in font nullfont!
Missing character: There is no l in font nullfont!
Missing character: There is no l in font nullfont!
Missing character: There is no - in font nullfont!
Missing character: There is no c in font nullfont!
Missing character: There is no o in font nullfont!
Missing character: There is no n in font nullfont!
Missing character: There is no d in font nullfont!
Missing character: There is no i in font nullfont!
Missing character: There is no t in font nullfont!
Missing character: There is no i in font nullfont!
Missing character: There is no o in font nullfont!
Missing character: There is no n in font nullfont!
Missing character: There is no æˆ‘ in font nullfont!
Missing character: There is no ä»¬ in font nullfont!
Missing character: There is no éƒ½ in font nullfont!
Missing character: There is no çŸ¥ in font nullfont!
Missing character: There is no é“ in font nullfont!
Missing character: There is no ä¼˜ in font nullfont!
Missing character: There is no åŒ– in font nullfont!
Missing character: There is no é—® in font nullfont!
Missing character: There is no é¢˜ in font nullfont!
Missing character: There is no æœ‰ in font nullfont!
Missing character: There is no ä¸¤ in font nullfont!
Missing character: There is no å¤§ in font nullfont!
Missing character: There is no éš¾ in font nullfont!
Missing character: There is no é¢˜ in font nullfont!
Missing character: There is no ã€‚ in font nullfont!
Missing character: There is no ä¸€ in font nullfont!
Missing character: There is no ä¸ª in font nullfont!
Missing character: There is no æ˜¯ in font nullfont!
Missing character: There is no å±€ in font nullfont!
Missing character: There is no éƒ¨ in font nullfont!
Missing character: There is no æœ€ in font nullfont!
Missing character: There is no å° in font nullfont!
Missing character: There is no å€¼ in font nullfont!
Missing character: There is no çš„ in font nullfont!
Missing character: There is no é—® in font nullfont!
Missing character: There is no é¢˜ in font nullfont!
Missing character: There is no ï¼š in font nullfont!
Missing character: There is no æˆ‘ in font nullfont!
Missing character: There is no ä»¬ in font nullfont!
Missing character: There is no è¦ in font nullfont!
Missing character: There is no æ‰¾ in font nullfont!
Missing character: There is no çš„ in font nullfont!
Missing character: There is no æ˜¯ in font nullfont!
Missing character: There is no å…¨ in font nullfont!
Missing character: There is no å±€ in font nullfont!
Missing character: There is no æœ€ in font nullfont!
Missing character: There is no å° in font nullfont!
Missing character: There is no å€¼ in font nullfont!
Missing character: There is no ï¼Œ in font nullfont!
Missing character: There is no å¦‚ in font nullfont!
Missing character: There is no æœ in font nullfont!
Missing character: There is no å±€ in font nullfont!
Missing character: There is no éƒ¨ in font nullfont!
Missing character: There is no æœ€ in font nullfont!
Missing character: There is no å° in font nullfont!
Missing character: There is no å€¼ in font nullfont!
Missing character: There is no å¤ª in font nullfont!
Missing character: There is no å¤š in font nullfont!
Missing character: There is no ï¼Œ in font nullfont!
Missing character: There is no é‚£ in font nullfont!
Missing character: There is no æˆ‘ in font nullfont!
Missing character: There is no ä»¬ in font nullfont!
Missing character: There is no çš„ in font nullfont!
Missing character: There is no ä¼˜ in font nullfont!
Missing character: There is no åŒ– in font nullfont!
Missing character: There is no ç®— in font nullfont!
Missing character: There is no æ³• in font nullfont!
Missing character: There is no å°± in font nullfont!
Missing character: There is no å¾ˆ in font nullfont!
Missing character: There is no å®¹ in font nullfont!
Missing character: There is no æ˜“ in font nullfont!
Missing character: There is no é™· in font nullfont!
Missing character: There is no å…¥ in font nullfont!
Missing character: There is no å±€ in font nullfont!
Missing character: There is no éƒ¨ in font nullfont!
Missing character: There is no æœ€ in font nullfont!
Missing character: There is no å° in font nullfont!
Missing character: There is no è€Œ in font nullfont!
Missing character: There is no ä¸ in font nullfont!
Missing character: There is no èƒ½ in font nullfont!
Missing character: There is no è‡ª in font nullfont!
Missing character: There is no æ‹” in font nullfont!
Missing character: There is no ã€‚ in font nullfont!
Missing character: There is no å¦ in font nullfont!
Missing character: There is no å¤– in font nullfont!
Missing character: There is no ä¸€ in font nullfont!
Missing character: There is no ä¸ª in font nullfont!
Missing character: There is no å°± in font nullfont!
Missing character: There is no æ˜¯ in font nullfont!
Missing character: There is no i in font nullfont!
Missing character: There is no l in font nullfont!
Missing character: There is no l in font nullfont!
Missing character: There is no - in font nullfont!
Missing character: There is no c in font nullfont!
Missing character: There is no o in font nullfont!
Missing character: There is no n in font nullfont!
Missing character: There is no d in font nullfont!
Missing character: There is no i in font nullfont!
Missing character: There is no t in font nullfont!
Missing character: There is no i in font nullfont!
Missing character: There is no o in font nullfont!
Missing character: There is no n in font nullfont!
Missing character: There is no çš„ in font nullfont!
Missing character: There is no é—® in font nullfont!
Missing character: There is no é¢˜ in font nullfont!
Missing character: There is no ã€‚ in font nullfont!
Missing character: There is no åŠ  in font nullfont!
Missing character: There is no å…¥ in font nullfont!
Missing character: There is no æˆ‘ in font nullfont!
Missing character: There is no ä»¬ in font nullfont!
Missing character: There is no æœ‰ in font nullfont!
Missing character: There is no ä¸ª in font nullfont!
Missing character: There is no æ–¹ in font nullfont!
Missing character: There is no ç¨‹ in font nullfont!
Missing character: There is no ç»„ in font nullfont!
Missing character: There is no ï¼Œ in font nullfont!
Missing character: There is no æˆ‘ in font nullfont!
Missing character: There is no ä»¬ in font nullfont!
Missing character: There is no è¦ in font nullfont!
Missing character: There is no åš in font nullfont!
Missing character: There is no çš„ in font nullfont!
Missing character: There is no æ˜¯ in font nullfont!
Missing character: There is no æ±‚ in font nullfont!
Missing character: There is no è§£ in font nullfont!
Missing character: There is no , in font nullfont!
Missing character: There is no å¦‚ in font nullfont!
Missing character: There is no æœ in font nullfont!
Missing character: There is no æˆ– in font nullfont!
Missing character: There is no è€… in font nullfont!
Missing character: There is no ç¨ in font nullfont!
Missing character: There is no å¾® in font nullfont!
Missing character: There is no çš„ in font nullfont!
Missing character: There is no æ”¹ in font nullfont!
Missing character: There is no å˜ in font nullfont!
Missing character: There is no ï¼Œ in font nullfont!
Missing character: There is no ä¼š in font nullfont!
Missing character: There is no ä½¿ in font nullfont!
Missing character: There is no å¾— in font nullfont!
Missing character: There is no å‘ in font nullfont!
Missing character: There is no ç”Ÿ in font nullfont!
Missing character: There is no å¾ˆ in font nullfont!
Missing character: There is no å¤§ in font nullfont!
Missing character: There is no çš„ in font nullfont!
Missing character: There is no å˜ in font nullfont!
Missing character: There is no åŒ– in font nullfont!
Missing character: There is no ï¼Œ in font nullfont!
Missing character: There is no é‚£ in font nullfont!
Missing character: There is no ä¹ˆ in font nullfont!
Missing character: There is no è¿™ in font nullfont!
Missing character: There is no ä¸ª in font nullfont!
Missing character: There is no æ–¹ in font nullfont!
Missing character: There is no ç¨‹ in font nullfont!
Missing character: There is no ç»„ in font nullfont!
Missing character: There is no ç³» in font nullfont!
Missing character: There is no ç»Ÿ in font nullfont!
Missing character: There is no å°± in font nullfont!
Missing character: There is no æ˜¯ in font nullfont!
Missing character: There is no i in font nullfont!
Missing character: There is no l in font nullfont!
Missing character: There is no l in font nullfont!
Missing character: There is no - in font nullfont!
Missing character: There is no c in font nullfont!
Missing character: There is no o in font nullfont!
Missing character: There is no n in font nullfont!
Missing character: There is no d in font nullfont!
Missing character: There is no i in font nullfont!
Missing character: There is no t in font nullfont!
Missing character: There is no i in font nullfont!
Missing character: There is no o in font nullfont!
Missing character: There is no n in font nullfont!
Missing character: There is no çš„ in font nullfont!
Missing character: There is no ï¼Œ in font nullfont!
Missing character: There is no å in font nullfont!
Missing character: There is no ä¹‹ in font nullfont!
Missing character: There is no å°± in font nullfont!
Missing character: There is no æ˜¯ in font nullfont!
Missing character: There is no w in font nullfont!
Missing character: There is no e in font nullfont!
Missing character: There is no l in font nullfont!
Missing character: There is no l in font nullfont!
Missing character: There is no - in font nullfont!
Missing character: There is no c in font nullfont!
Missing character: There is no o in font nullfont!
Missing character: There is no n in font nullfont!
Missing character: There is no d in font nullfont!
Missing character: There is no i in font nullfont!
Missing character: There is no t in font nullfont!
Missing character: There is no i in font nullfont!
Missing character: There is no o in font nullfont!
Missing character: There is no n in font nullfont!
Missing character: There is no çš„ in font nullfont!
Missing character: There is no ã€‚ in font nullfont!

Overfull \hbox (20.0pt too wide) in paragraph at lines 17--19
[]
 []


Overfull \hbox (27.4235pt too wide) in paragraph at lines 17--19
\OML/cmm/b/it/10 Ax \OT1/cmr/bx/n/10 =
 []


Overfull \hbox (32.29153pt too wide) in paragraph at lines 17--19
\OML/cmm/b/it/10 b$$x$$A$$b$$x$ 
 []


! LaTeX Error: Environment figure undefined.

See the LaTeX manual or LaTeX Companion for explanation.
Type  H <return>  for immediate help.
 ...                                              
                                                  
l.20 ^^I\begin{figure}
                      [htbp]
Your command was ignored.
Type  I <command> <return>  to replace it with another command,
or  <return>  to continue without it.


! LaTeX Error: Missing \begin{document}.

See the LaTeX manual or LaTeX Companion for explanation.
Type  H <return>  for immediate help.
 ...                                              
                                                  
l.20 ^^I\begin{figure}[
                       htbp]
You're in trouble here.  Try typing  <return>  to proceed.
If that doesn't work, type  X <return>  to quit.

Missing character: There is no [ in font nullfont!
Missing character: There is no h in font nullfont!
Missing character: There is no t in font nullfont!
Missing character: There is no b in font nullfont!
Missing character: There is no p in font nullfont!
Missing character: There is no ] in font nullfont!
! Undefined control sequence.
l.21 ^^I\centering\includegraphics
                                  [width=6in]{img/3-1.png}
The control sequence at the end of the top line
of your error message was never \def'ed. If you have
misspelled it (e.g., `\hobx'), type `I' and the correct
spelling (e.g., `I\hbox'). Otherwise just continue,
and I'll forget about whatever was undefined.

Missing character: There is no [ in font nullfont!
Missing character: There is no w in font nullfont!
Missing character: There is no i in font nullfont!
Missing character: There is no d in font nullfont!
Missing character: There is no t in font nullfont!
Missing character: There is no h in font nullfont!
Missing character: There is no = in font nullfont!
Missing character: There is no 6 in font nullfont!
Missing character: There is no i in font nullfont!
Missing character: There is no n in font nullfont!
Missing character: There is no ] in font nullfont!
Missing character: There is no i in font nullfont!
Missing character: There is no m in font nullfont!
Missing character: There is no g in font nullfont!
Missing character: There is no / in font nullfont!
Missing character: There is no 3 in font nullfont!
Missing character: There is no - in font nullfont!
Missing character: There is no 1 in font nullfont!
Missing character: There is no . in font nullfont!
Missing character: There is no p in font nullfont!
Missing character: There is no n in font nullfont!
Missing character: There is no g in font nullfont!

! LaTeX Error: \caption outside float.

See the LaTeX manual or LaTeX Companion for explanation.
Type  H <return>  for immediate help.
 ...                                              
                                                  
l.22 ^^I\caption
                {ill-condition}\label{fig:3-1}
You're in trouble here.  Try typing  <return>  to proceed.
If that doesn't work, type  X <return>  to quit.

Missing character: There is no i in font nullfont!
Missing character: There is no l in font nullfont!
Missing character: There is no l in font nullfont!
Missing character: There is no - in font nullfont!
Missing character: There is no c in font nullfont!
Missing character: There is no o in font nullfont!
Missing character: There is no n in font nullfont!
Missing character: There is no d in font nullfont!
Missing character: There is no i in font nullfont!
Missing character: There is no t in font nullfont!
Missing character: There is no i in font nullfont!
Missing character: There is no o in font nullfont!
Missing character: There is no n in font nullfont!

! LaTeX Error: \begin{document} ended by \end{figure}.

See the LaTeX manual or LaTeX Companion for explanation.
Type  H <return>  for immediate help.
 ...                                              
                                                  
l.23 ^^I\end{figure}
                    
Your command was ignored.
Type  I <command> <return>  to replace it with another command,
or  <return>  to continue without it.


Overfull \hbox (20.0pt too wide) in paragraph at lines 20--24
[]
 []


! LaTeX Error: Missing \begin{document}.

See the LaTeX manual or LaTeX Companion for explanation.
Type  H <return>  for immediate help.
 ...                                              
                                                  
l.25 ^^Iç¬¬
           ä¸€è¡Œæˆ‘ä»¬å‡è®¾$Ax=b$ï¼Œç¬¬äºŒè¡Œæˆ‘ä»¬ç¨å¾®æ”¹å˜ä¸‹$A$,ç»“æ...

You're in trouble here.  Try typing  <return>  to proceed.
If that doesn't work, type  X <return>  to quit.

Missing character: There is no ç¬¬ in font nullfont!
Missing character: There is no ä¸€ in font nullfont!
Missing character: There is no è¡Œ in font nullfont!
Missing character: There is no æˆ‘ in font nullfont!
Missing character: There is no ä»¬ in font nullfont!
Missing character: There is no å‡ in font nullfont!
Missing character: There is no è®¾ in font nullfont!
Missing character: There is no ï¼Œ in font nullfont!
Missing character: There is no ç¬¬ in font nullfont!
Missing character: There is no äºŒ in font nullfont!
Missing character: There is no è¡Œ in font nullfont!
Missing character: There is no æˆ‘ in font nullfont!
Missing character: There is no ä»¬ in font nullfont!
Missing character: There is no ç¨ in font nullfont!
Missing character: There is no å¾® in font nullfont!
Missing character: There is no æ”¹ in font nullfont!
Missing character: There is no å˜ in font nullfont!
Missing character: There is no ä¸‹ in font nullfont!
Missing character: There is no , in font nullfont!
Missing character: There is no ç»“ in font nullfont!
Missing character: There is no æœ in font nullfont!
Missing character: There is no çš„ in font nullfont!
Missing character: There is no å˜ in font nullfont!
Missing character: There is no åŒ– in font nullfont!
Missing character: There is no å°± in font nullfont!
Missing character: There is no é in font nullfont!
Missing character: There is no å¸¸ in font nullfont!
Missing character: There is no å¤§ in font nullfont!
Missing character: There is no ï¼Œ in font nullfont!
Missing character: There is no ç¬¬ in font nullfont!
Missing character: There is no ä¸‰ in font nullfont!
Missing character: There is no è¡Œ in font nullfont!
Missing character: There is no æˆ‘ in font nullfont!
Missing character: There is no ä»¬ in font nullfont!
Missing character: There is no ç¨ in font nullfont!
Missing character: There is no å¾® in font nullfont!
Missing character: There is no æ”¹ in font nullfont!
Missing character: There is no å˜ in font nullfont!
Missing character: There is no ä¸‹ in font nullfont!
Missing character: There is no ï¼Œ in font nullfont!
Missing character: There is no ç»“ in font nullfont!
Missing character: There is no æœ in font nullfont!
Missing character: There is no çš„ in font nullfont!
Missing character: There is no æ”¹ in font nullfont!
Missing character: There is no å˜ in font nullfont!
Missing character: There is no åŒ in font nullfont!
Missing character: There is no æ · in font nullfont!
Missing character: There is no æ˜¯ in font nullfont!
Missing character: There is no é in font nullfont!
Missing character: There is no å¸¸ in font nullfont!
Missing character: There is no å¤§ in font nullfont!
Missing character: There is no çš„ in font nullfont!
Missing character: There is no ï¼Œ in font nullfont!
Missing character: There is no å›  in font nullfont!
Missing character: There is no æ­¤ in font nullfont!
Missing character: There is no æˆ‘ in font nullfont!
Missing character: There is no ä»¬ in font nullfont!
Missing character: There is no å¯ in font nullfont!
Missing character: There is no ä»¥ in font nullfont!
Missing character: There is no è®¤ in font nullfont!
Missing character: There is no ä¸º in font nullfont!
Missing character: There is no æˆ‘ in font nullfont!
Missing character: There is no ä»¬ in font nullfont!
Missing character: There is no çš„ in font nullfont!
Missing character: There is no æ¨¡ in font nullfont!
Missing character: There is no å‹ in font nullfont!
Missing character: There is no å¯¹ in font nullfont!
Missing character: There is no é”™ in font nullfont!
Missing character: There is no è¯¯ in font nullfont!
Missing character: There is no çš„ in font nullfont!
Missing character: There is no å®¹ in font nullfont!
Missing character: There is no å¿ in font nullfont!
Missing character: There is no åŠ› in font nullfont!
Missing character: There is no å¤ª in font nullfont!
Missing character: There is no ä½ in font nullfont!
Missing character: There is no äº† in font nullfont!
Missing character: There is no ï¼Œ in font nullfont!
Missing character: There is no å³ in font nullfont!
Missing character: There is no å¯¹ in font nullfont!
Missing character: There is no è¯¯ in font nullfont!
Missing character: There is no å·® in font nullfont!
Missing character: There is no å¤ª in font nullfont!
Missing character: There is no æ• in font nullfont!
Missing character: There is no æ„Ÿ in font nullfont!
Missing character: There is no äº† in font nullfont!
Missing character: There is no ã€‚ in font nullfont!
Missing character: There is no é‚£ in font nullfont!
Missing character: There is no ä¹ˆ in font nullfont!
Missing character: There is no å¯¹ in font nullfont!
Missing character: There is no äº in font nullfont!
Missing character: There is no æ•° in font nullfont!
Missing character: There is no æ® in font nullfont!
Missing character: There is no ä¸­ in font nullfont!
Missing character: There is no éš¾ in font nullfont!
Missing character: There is no å… in font nullfont!
Missing character: There is no å­˜ in font nullfont!
Missing character: There is no åœ¨ in font nullfont!
Missing character: There is no çš„ in font nullfont!
Missing character: There is no è¯¯ in font nullfont!
Missing character: There is no å·® in font nullfont!
Missing character: There is no æ¥ in font nullfont!
Missing character: There is no è¯´ in font nullfont!
Missing character: There is no ï¼Œ in font nullfont!
Missing character: There is no æ¨¡ in font nullfont!
Missing character: There is no å‹ in font nullfont!
Missing character: There is no çš„ in font nullfont!
Missing character: There is no æ•ˆ in font nullfont!
Missing character: There is no æœ in font nullfont!
Missing character: There is no å°± in font nullfont!
Missing character: There is no é in font nullfont!
Missing character: There is no å¸¸ in font nullfont!
Missing character: There is no å·® in font nullfont!
Missing character: There is no ã€‚ in font nullfont!

Overfull \hbox (47.4235pt too wide) in paragraph at lines 25--26
[]$\OML/cmm/b/it/10 Ax \OT1/cmr/bx/n/10 =
 []


Overfull \hbox (19.111pt too wide) in paragraph at lines 25--26
\OML/cmm/b/it/10 b$$A$$b$ 
 []


! LaTeX Error: Missing \begin{document}.

See the LaTeX manual or LaTeX Companion for explanation.
Type  H <return>  for immediate help.
 ...                                              
                                                  
l.27 ^^Iå› 
           æ­¤æˆ‘ä»¬éœ€è¦ä¸€ä¸ªæŒ‡æ ‡å»è¡¡é‡ill-conditioné—®é¢˜ä¸­çš„å˜å...

You're in trouble here.  Try typing  <return>  to proceed.
If that doesn't work, type  X <return>  to quit.

Missing character: There is no å›  in font nullfont!
Missing character: There is no æ­¤ in font nullfont!
Missing character: There is no æˆ‘ in font nullfont!
Missing character: There is no ä»¬ in font nullfont!
Missing character: There is no éœ€ in font nullfont!
Missing character: There is no è¦ in font nullfont!
Missing character: There is no ä¸€ in font nullfont!
Missing character: There is no ä¸ª in font nullfont!
Missing character: There is no æŒ‡ in font nullfont!
Missing character: There is no æ ‡ in font nullfont!
Missing character: There is no å» in font nullfont!
Missing character: There is no è¡¡ in font nullfont!
Missing character: There is no é‡ in font nullfont!
Missing character: There is no i in font nullfont!
Missing character: There is no l in font nullfont!
Missing character: There is no l in font nullfont!
Missing character: There is no - in font nullfont!
Missing character: There is no c in font nullfont!
Missing character: There is no o in font nullfont!
Missing character: There is no n in font nullfont!
Missing character: There is no d in font nullfont!
Missing character: There is no i in font nullfont!
Missing character: There is no t in font nullfont!
Missing character: There is no i in font nullfont!
Missing character: There is no o in font nullfont!
Missing character: There is no n in font nullfont!
Missing character: There is no é—® in font nullfont!
Missing character: There is no é¢˜ in font nullfont!
Missing character: There is no ä¸­ in font nullfont!
Missing character: There is no çš„ in font nullfont!
Missing character: There is no å˜ in font nullfont!
Missing character: There is no åŒ– in font nullfont!
Missing character: There is no é—® in font nullfont!
Missing character: There is no é¢˜ in font nullfont!
Missing character: There is no ã€‚ in font nullfont!

Overfull \hbox (20.0pt too wide) in paragraph at lines 27--28
[] 
 []


! LaTeX Error: Missing \begin{document}.

See the LaTeX manual or LaTeX Companion for explanation.
Type  H <return>  for immediate help.
 ...                                              
                                                  
l.29 ^^Ic
         ondition number è¡¡é‡çš„å°±æ˜¯åœ¨è¾“å…¥å‘ç”Ÿå¾®å°æ”¹å˜çš„æ—¶å€™...

You're in trouble here.  Try typing  <return>  to proceed.
If that doesn't work, type  X <return>  to quit.

Missing character: There is no c in font nullfont!
Missing character: There is no o in font nullfont!
Missing character: There is no n in font nullfont!
Missing character: There is no d in font nullfont!
Missing character: There is no i in font nullfont!
Missing character: There is no t in font nullfont!
Missing character: There is no i in font nullfont!
Missing character: There is no o in font nullfont!
Missing character: There is no n in font nullfont!
Missing character: There is no n in font nullfont!
Missing character: There is no u in font nullfont!
Missing character: There is no m in font nullfont!
Missing character: There is no b in font nullfont!
Missing character: There is no e in font nullfont!
Missing character: There is no r in font nullfont!
Missing character: There is no è¡¡ in font nullfont!
Missing character: There is no é‡ in font nullfont!
Missing character: There is no çš„ in font nullfont!
Missing character: There is no å°± in font nullfont!
Missing character: There is no æ˜¯ in font nullfont!
Missing character: There is no åœ¨ in font nullfont!
Missing character: There is no è¾“ in font nullfont!
Missing character: There is no å…¥ in font nullfont!
Missing character: There is no å‘ in font nullfont!
Missing character: There is no ç”Ÿ in font nullfont!
Missing character: There is no å¾® in font nullfont!
Missing character: There is no å° in font nullfont!
Missing character: There is no æ”¹ in font nullfont!
Missing character: There is no å˜ in font nullfont!
Missing character: There is no çš„ in font nullfont!
Missing character: There is no æ—¶ in font nullfont!
Missing character: There is no å€™ in font nullfont!
Missing character: There is no ï¼Œ in font nullfont!
Missing character: There is no è¾“ in font nullfont!
Missing character: There is no å‡º in font nullfont!
Missing character: There is no ä¼š in font nullfont!
Missing character: There is no å‘ in font nullfont!
Missing character: There is no ç”Ÿ in font nullfont!
Missing character: There is no å¤š in font nullfont!
Missing character: There is no å¤§ in font nullfont!
Missing character: There is no çš„ in font nullfont!
Missing character: There is no å˜ in font nullfont!
Missing character: There is no åŒ– in font nullfont!
Missing character: There is no ã€‚ in font nullfont!
Missing character: There is no ä¹Ÿ in font nullfont!
Missing character: There is no å°± in font nullfont!
Missing character: There is no æ˜¯ in font nullfont!
Missing character: There is no å¯¹ in font nullfont!
Missing character: There is no ç³» in font nullfont!
Missing character: There is no ç»Ÿ in font nullfont!
Missing character: There is no å¾® in font nullfont!
Missing character: There is no å° in font nullfont!
Missing character: There is no å˜ in font nullfont!
Missing character: There is no åŒ– in font nullfont!
Missing character: There is no çš„ in font nullfont!
Missing character: There is no æ• in font nullfont!
Missing character: There is no æ„Ÿ in font nullfont!
Missing character: There is no åº¦ in font nullfont!
Missing character: There is no ã€‚ in font nullfont!
Missing character: There is no c in font nullfont!
Missing character: There is no o in font nullfont!
Missing character: There is no n in font nullfont!
Missing character: There is no d in font nullfont!
Missing character: There is no i in font nullfont!
Missing character: There is no t in font nullfont!
Missing character: There is no i in font nullfont!
Missing character: There is no o in font nullfont!
Missing character: There is no n in font nullfont!
Missing character: There is no n in font nullfont!
Missing character: There is no u in font nullfont!
Missing character: There is no m in font nullfont!
Missing character: There is no b in font nullfont!
Missing character: There is no e in font nullfont!
Missing character: There is no r in font nullfont!
Missing character: There is no æ¯” in font nullfont!
Missing character: There is no è¾ƒ in font nullfont!
Missing character: There is no å° in font nullfont!
Missing character: There is no ï¼ˆ in font nullfont!
Missing character: There is no åœ¨ in font nullfont!
Missing character: There is no 1 in font nullfont!
Missing character: There is no é™„ in font nullfont!
Missing character: There is no è¿‘ in font nullfont!
Missing character: There is no ï¼‰ in font nullfont!
Missing character: There is no çš„ in font nullfont!
Missing character: There is no å°± in font nullfont!
Missing character: There is no æ˜¯ in font nullfont!
Missing character: There is no w in font nullfont!
Missing character: There is no e in font nullfont!
Missing character: There is no l in font nullfont!
Missing character: There is no l in font nullfont!
Missing character: There is no - in font nullfont!
Missing character: There is no c in font nullfont!
Missing character: There is no o in font nullfont!
Missing character: There is no n in font nullfont!
Missing character: There is no d in font nullfont!
Missing character: There is no i in font nullfont!
Missing character: There is no t in font nullfont!
Missing character: There is no i in font nullfont!
Missing character: There is no o in font nullfont!
Missing character: There is no n in font nullfont!
Missing character: There is no çš„ in font nullfont!
Missing character: There is no ï¼Œ in font nullfont!
Missing character: There is no æ¯” in font nullfont!
Missing character: There is no è¾ƒ in font nullfont!
Missing character: There is no å¤§ in font nullfont!
Missing character: There is no çš„ in font nullfont!
Missing character: There is no ï¼ˆ in font nullfont!
Missing character: There is no è¿œ in font nullfont!
Missing character: There is no å¤§ in font nullfont!
Missing character: There is no äº in font nullfont!
Missing character: There is no 1 in font nullfont!
Missing character: There is no çš„ in font nullfont!
Missing character: There is no ï¼‰ in font nullfont!
Missing character: There is no å°± in font nullfont!
Missing character: There is no æ˜¯ in font nullfont!
Missing character: There is no i in font nullfont!
Missing character: There is no l in font nullfont!
Missing character: There is no l in font nullfont!
Missing character: There is no - in font nullfont!
Missing character: There is no c in font nullfont!
Missing character: There is no o in font nullfont!
Missing character: There is no n in font nullfont!
Missing character: There is no d in font nullfont!
Missing character: There is no i in font nullfont!
Missing character: There is no t in font nullfont!
Missing character: There is no i in font nullfont!
Missing character: There is no o in font nullfont!
Missing character: There is no n in font nullfont!
Missing character: There is no çš„ in font nullfont!
Missing character: There is no ã€‚ in font nullfont!

Overfull \hbox (20.0pt too wide) in paragraph at lines 29--30
[]
 []


! LaTeX Error: Missing \begin{document}.

See the LaTeX manual or LaTeX Companion for explanation.
Type  H <return>  for immediate help.
 ...                                              
                                                  
l.31 ^^Iå¦
           å¤–å¦‚æœä½¿ç”¨è¿­ä»£ä¼˜åŒ–çš„ç®—æ³•ï¼Œå½“condition numberå¤ªå¤§ç...

You're in trouble here.  Try typing  <return>  to proceed.
If that doesn't work, type  X <return>  to quit.

Missing character: There is no å¦ in font nullfont!
Missing character: There is no å¤– in font nullfont!
Missing character: There is no å¦‚ in font nullfont!
Missing character: There is no æœ in font nullfont!
Missing character: There is no ä½¿ in font nullfont!
Missing character: There is no ç”¨ in font nullfont!
Missing character: There is no è¿­ in font nullfont!
Missing character: There is no ä»£ in font nullfont!
Missing character: There is no ä¼˜ in font nullfont!
Missing character: There is no åŒ– in font nullfont!
Missing character: There is no çš„ in font nullfont!
Missing character: There is no ç®— in font nullfont!
Missing character: There is no æ³• in font nullfont!
Missing character: There is no ï¼Œ in font nullfont!
Missing character: There is no å½“ in font nullfont!
Missing character: There is no c in font nullfont!
Missing character: There is no o in font nullfont!
Missing character: There is no n in font nullfont!
Missing character: There is no d in font nullfont!
Missing character: There is no i in font nullfont!
Missing character: There is no t in font nullfont!
Missing character: There is no i in font nullfont!
Missing character: There is no o in font nullfont!
Missing character: There is no n in font nullfont!
Missing character: There is no n in font nullfont!
Missing character: There is no u in font nullfont!
Missing character: There is no m in font nullfont!
Missing character: There is no b in font nullfont!
Missing character: There is no e in font nullfont!
Missing character: There is no r in font nullfont!
Missing character: There is no å¤ª in font nullfont!
Missing character: There is no å¤§ in font nullfont!
Missing character: There is no çš„ in font nullfont!
Missing character: There is no æ—¶ in font nullfont!
Missing character: There is no å€™ in font nullfont!
Missing character: There is no ï¼Œ in font nullfont!
Missing character: There is no ä¼š in font nullfont!
Missing character: There is no æ‹– in font nullfont!
Missing character: There is no æ…¢ in font nullfont!
Missing character: There is no è¿­ in font nullfont!
Missing character: There is no ä»£ in font nullfont!
Missing character: There is no çš„ in font nullfont!
Missing character: There is no æ”¶ in font nullfont!
Missing character: There is no æ•› in font nullfont!
Missing character: There is no é€Ÿ in font nullfont!
Missing character: There is no åº¦ in font nullfont!
Missing character: There is no ã€‚ in font nullfont!

Overfull \hbox (20.0pt too wide) in paragraph at lines 31--32
[]
 []

! Undefined control sequence.
l.33 ^^I\subsection
                   {L1}
The control sequence at the end of the top line
of your error message was never \def'ed. If you have
misspelled it (e.g., `\hobx'), type `I' and the correct
spelling (e.g., `I\hbox'). Otherwise just continue,
and I'll forget about whatever was undefined.


! LaTeX Error: Missing \begin{document}.

See the LaTeX manual or LaTeX Companion for explanation.
Type  H <return>  for immediate help.
 ...                                              
                                                  
l.33 ^^I\subsection{L
                     1}
You're in trouble here.  Try typing  <return>  to proceed.
If that doesn't work, type  X <return>  to quit.

Missing character: There is no L in font nullfont!
Missing character: There is no 1 in font nullfont!
Missing character: There is no L in font nullfont!
Missing character: There is no 1 in font nullfont!
Missing character: There is no n in font nullfont!
Missing character: There is no o in font nullfont!
Missing character: There is no r in font nullfont!
Missing character: There is no m in font nullfont!
Missing character: There is no å°± in font nullfont!
Missing character: There is no æ˜¯ in font nullfont!
Missing character: There is no ç» in font nullfont!
Missing character: There is no å¯¹ in font nullfont!
Missing character: There is no å€¼ in font nullfont!
Missing character: There is no çš„ in font nullfont!
Missing character: There is no å’Œ in font nullfont!
Missing character: There is no ï¼Œ in font nullfont!
Missing character: There is no å…¬ in font nullfont!
Missing character: There is no å¼ in font nullfont!
Missing character: There is no å¦‚ in font nullfont!
Missing character: There is no ä¸‹ in font nullfont!

Overfull \hbox (20.0pt too wide) in paragraph at lines 33--35
[]
 []


! LaTeX Error: Missing \begin{document}.

See the LaTeX manual or LaTeX Companion for explanation.
Type  H <return>  for immediate help.
 ...                                              
                                                  
l.36 ^^I$
         \|x\|_p = |x_1|+|x_2|+...+|x_n|$
You're in trouble here.  Try typing  <return>  to proceed.
If that doesn't work, type  X <return>  to quit.


Overfull \hbox (55.53554pt too wide) in paragraph at lines 36--37
[]$\OMS/cmsy/b/n/10 k\OML/cmm/b/it/10 x\OMS/cmsy/b/n/10 k[] \OT1/cmr/bx/n/10 =
 []


Overfull \hbox (26.95407pt too wide) in paragraph at lines 36--37
\OMS/cmsy/b/n/10 j\OML/cmm/b/it/10 x[]\OMS/cmsy/b/n/10 j \OT1/cmr/bx/n/10 +
 []


Overfull \hbox (26.95407pt too wide) in paragraph at lines 36--37
\OMS/cmsy/b/n/10 j\OML/cmm/b/it/10 x[]\OMS/cmsy/b/n/10 j \OT1/cmr/bx/n/10 +
 []


Overfull \hbox (18.52768pt too wide) in paragraph at lines 36--37
\OML/cmm/b/it/10 ::: \OT1/cmr/bx/n/10 +
 []


Overfull \hbox (19.23932pt too wide) in paragraph at lines 36--37
\OMS/cmsy/b/n/10 j\OML/cmm/b/it/10 x[]\OMS/cmsy/b/n/10 j$ 
 []

! Undefined control sequence.
l.38 ^^I\subsection
                   {L2}
The control sequence at the end of the top line
of your error message was never \def'ed. If you have
misspelled it (e.g., `\hobx'), type `I' and the correct
spelling (e.g., `I\hbox'). Otherwise just continue,
and I'll forget about whatever was undefined.


! LaTeX Error: Missing \begin{document}.

See the LaTeX manual or LaTeX Companion for explanation.
Type  H <return>  for immediate help.
 ...                                              
                                                  
l.38 ^^I\subsection{L
                     2}
You're in trouble here.  Try typing  <return>  to proceed.
If that doesn't work, type  X <return>  to quit.

Missing character: There is no L in font nullfont!
Missing character: There is no 2 in font nullfont!
Missing character: There is no L in font nullfont!
Missing character: There is no 2 in font nullfont!
Missing character: There is no n in font nullfont!
Missing character: There is no o in font nullfont!
Missing character: There is no r in font nullfont!
Missing character: There is no m in font nullfont!
Missing character: There is no å°± in font nullfont!
Missing character: There is no æ˜¯ in font nullfont!
Missing character: There is no æˆ‘ in font nullfont!
Missing character: There is no ä»¬ in font nullfont!
Missing character: There is no ç» in font nullfont!
Missing character: There is no å¸¸ in font nullfont!
Missing character: There is no è¯´ in font nullfont!
Missing character: There is no çš„ in font nullfont!
Missing character: There is no æ¬§ in font nullfont!
Missing character: There is no å‡  in font nullfont!
Missing character: There is no é‡Œ in font nullfont!
Missing character: There is no å¾— in font nullfont!
Missing character: There is no èŒƒ in font nullfont!
Missing character: There is no æ•° in font nullfont!
Missing character: There is no ï¼Œ in font nullfont!
Missing character: There is no å…¬ in font nullfont!
Missing character: There is no å¼ in font nullfont!
Missing character: There is no å¦‚ in font nullfont!
Missing character: There is no ä¸‹ in font nullfont!

Overfull \hbox (20.0pt too wide) in paragraph at lines 38--40
[]
 []


! LaTeX Error: Missing \begin{document}.

See the LaTeX manual or LaTeX Companion for explanation.
Type  H <return>  for immediate help.
 ...                                              
                                                  
l.41 ^^I\begin{equation}
                        
You're in trouble here.  Try typing  <return>  to proceed.
If that doesn't work, type  X <return>  to quit.


Overfull \hbox (20.0pt too wide) in paragraph at lines 41--41
[] 
 []


Overfull \hbox (91.37843pt too wide) detected at line 43
\OMS/cmsy/b/n/10 k\OML/cmm/b/it/10 x\OMS/cmsy/b/n/10 k[] \OT1/cmr/bx/n/10 = ([]
 \OML/cmm/b/it/10 x[]\OT1/cmr/bx/n/10 )[]
 []


! LaTeX Error: Missing \begin{document}.

See the LaTeX manual or LaTeX Companion for explanation.
Type  H <return>  for immediate help.
 ...                                              
                                                  
l.45 ^^Ic
         affeä¸­weight decay è¿™ä¸ªå‚æ•°ä»£è¡¨L2èŒƒæ•°å‰çš„ç³»æ•°ã€‚
You're in trouble here.  Try typing  <return>  to proceed.
If that doesn't work, type  X <return>  to quit.

Missing character: There is no c in font nullfont!
Missing character: There is no a in font nullfont!
Missing character: There is no f in font nullfont!
Missing character: There is no f in font nullfont!
Missing character: There is no e in font nullfont!
Missing character: There is no ä¸­ in font nullfont!
Missing character: There is no w in font nullfont!
Missing character: There is no e in font nullfont!
Missing character: There is no i in font nullfont!
Missing character: There is no g in font nullfont!
Missing character: There is no h in font nullfont!
Missing character: There is no t in font nullfont!
Missing character: There is no d in font nullfont!
Missing character: There is no e in font nullfont!
Missing character: There is no c in font nullfont!
Missing character: There is no a in font nullfont!
Missing character: There is no y in font nullfont!
Missing character: There is no è¿™ in font nullfont!
Missing character: There is no ä¸ª in font nullfont!
Missing character: There is no å‚ in font nullfont!
Missing character: There is no æ•° in font nullfont!
Missing character: There is no ä»£ in font nullfont!
Missing character: There is no è¡¨ in font nullfont!
Missing character: There is no L in font nullfont!
Missing character: There is no 2 in font nullfont!
Missing character: There is no èŒƒ in font nullfont!
Missing character: There is no æ•° in font nullfont!
Missing character: There is no å‰ in font nullfont!
Missing character: There is no çš„ in font nullfont!
Missing character: There is no ç³» in font nullfont!
Missing character: There is no æ•° in font nullfont!
Missing character: There is no ã€‚ in font nullfont!

Overfull \hbox (20.0pt too wide) in paragraph at lines 45--46
[]
 []

! Undefined control sequence.
l.48 ^^I\subsection
                   {L1ä¸L2çš„ä¸åŒ}
The control sequence at the end of the top line
of your error message was never \def'ed. If you have
misspelled it (e.g., `\hobx'), type `I' and the correct
spelling (e.g., `I\hbox'). Otherwise just continue,
and I'll forget about whatever was undefined.


! LaTeX Error: Missing \begin{document}.

See the LaTeX manual or LaTeX Companion for explanation.
Type  H <return>  for immediate help.
 ...                                              
                                                  
l.48 ^^I\subsection{L
                     1ä¸L2çš„ä¸åŒ}
You're in trouble here.  Try typing  <return>  to proceed.
If that doesn't work, type  X <return>  to quit.

Missing character: There is no L in font nullfont!
Missing character: There is no 1 in font nullfont!
Missing character: There is no ä¸ in font nullfont!
Missing character: There is no L in font nullfont!
Missing character: There is no 2 in font nullfont!
Missing character: There is no çš„ in font nullfont!
Missing character: There is no ä¸ in font nullfont!
Missing character: There is no åŒ in font nullfont!
Missing character: There is no å¯¹ in font nullfont!
Missing character: There is no äº in font nullfont!
Missing character: There is no L in font nullfont!
Missing character: There is no 1 in font nullfont!
Missing character: There is no å’Œ in font nullfont!
Missing character: There is no L in font nullfont!
Missing character: There is no 2 in font nullfont!
Missing character: There is no è§„ in font nullfont!
Missing character: There is no åˆ™ in font nullfont!
Missing character: There is no åŒ– in font nullfont!
Missing character: There is no çš„ in font nullfont!
Missing character: There is no ä»£ in font nullfont!
Missing character: There is no ä»· in font nullfont!
Missing character: There is no å‡½ in font nullfont!
Missing character: There is no æ•° in font nullfont!
Missing character: There is no æ¥ in font nullfont!
Missing character: There is no è¯´ in font nullfont!
Missing character: There is no ï¼Œ in font nullfont!
Missing character: There is no æˆ‘ in font nullfont!
Missing character: There is no ä»¬ in font nullfont!
Missing character: There is no å¯ in font nullfont!
Missing character: There is no ä»¥ in font nullfont!
Missing character: There is no å†™ in font nullfont!
Missing character: There is no æˆ in font nullfont!
Missing character: There is no å¦‚ in font nullfont!
Missing character: There is no ä¸‹ in font nullfont!
Missing character: There is no çš„ in font nullfont!
Missing character: There is no å½¢ in font nullfont!
Missing character: There is no å¼ in font nullfont!

Overfull \hbox (20.0pt too wide) in paragraph at lines 48--50
[]
 []


! LaTeX Error: Missing \begin{document}.

See the LaTeX manual or LaTeX Companion for explanation.
Type  H <return>  for immediate help.
 ...                                              
                                                  
l.51 ^^I\begin{equation}
                        
You're in trouble here.  Try typing  <return>  to proceed.
If that doesn't work, type  X <return>  to quit.


Overfull \hbox (20.0pt too wide) in paragraph at lines 51--51
[] 
 []

Missing character: There is no ï¼š in font cmbx10!

Overfull \hbox (192.70952pt too wide) detected at line 53
\OML/cmm/b/it/10 Lasso [] []\OMS/cmsy/b/n/10 k\OML/cmm/b/it/10 y \OMS/cmsy/b/n/
10 ^^@ \OML/cmm/b/it/10 Xw\OMS/cmsy/b/n/10 k[]\OML/cmm/b/it/10 ; s:t:\OMS/cmsy/
b/n/10 k\OML/cmm/b/it/10 w\OMS/cmsy/b/n/10 k[] \OML/cmm/b/it/10 <\OT1/cmr/bx/n/
10 = \OML/cmm/b/it/10 C
 []


! LaTeX Error: Missing \begin{document}.

See the LaTeX manual or LaTeX Companion for explanation.
Type  H <return>  for immediate help.
 ...                                              
                                                  
l.55 ^^I\begin{equation}
                        
You're in trouble here.  Try typing  <return>  to proceed.
If that doesn't work, type  X <return>  to quit.


Overfull \hbox (20.0pt too wide) in paragraph at lines 55--55
[] 
 []

Missing character: There is no ï¼š in font cmbx10!

Overfull \hbox (192.61937pt too wide) detected at line 57
\OML/cmm/b/it/10 Ridge [] []\OMS/cmsy/b/n/10 k\OML/cmm/b/it/10 y \OMS/cmsy/b/n/
10 ^^@ \OML/cmm/b/it/10 Xw\OMS/cmsy/b/n/10 k[]\OML/cmm/b/it/10 ; s:t:\OMS/cmsy/
b/n/10 k\OML/cmm/b/it/10 w\OMS/cmsy/b/n/10 k[] \OML/cmm/b/it/10 <\OT1/cmr/bx/n/
10 = \OML/cmm/b/it/10 C
 []


! LaTeX Error: Missing \begin{document}.

See the LaTeX manual or LaTeX Companion for explanation.
Type  H <return>  for immediate help.
 ...                                              
                                                  
l.59 ^^Iä¸º
           äº†ä¾¿äºå¯è§†åŒ–ï¼Œæˆ‘ä»¬è€ƒè™‘ä¸¤ç»´çš„æƒ…å†µï¼Œåœ¨$(w_1,w_2)$...

You're in trouble here.  Try typing  <return>  to proceed.
If that doesn't work, type  X <return>  to quit.

Missing character: There is no ä¸º in font nullfont!
Missing character: There is no äº† in font nullfont!
Missing character: There is no ä¾¿ in font nullfont!
Missing character: There is no äº in font nullfont!
Missing character: There is no å¯ in font nullfont!
Missing character: There is no è§† in font nullfont!
Missing character: There is no åŒ– in font nullfont!
Missing character: There is no ï¼Œ in font nullfont!
Missing character: There is no æˆ‘ in font nullfont!
Missing character: There is no ä»¬ in font nullfont!
Missing character: There is no è€ƒ in font nullfont!
Missing character: There is no è™‘ in font nullfont!
Missing character: There is no ä¸¤ in font nullfont!
Missing character: There is no ç»´ in font nullfont!
Missing character: There is no çš„ in font nullfont!
Missing character: There is no æƒ… in font nullfont!
Missing character: There is no å†µ in font nullfont!
Missing character: There is no ï¼Œ in font nullfont!
Missing character: There is no åœ¨ in font nullfont!
Missing character: There is no å¹³ in font nullfont!
Missing character: There is no é¢ in font nullfont!
Missing character: There is no ä¸Š in font nullfont!
Missing character: There is no ç”» in font nullfont!
Missing character: There is no å‡º in font nullfont!
Missing character: There is no ç›® in font nullfont!
Missing character: There is no æ ‡ in font nullfont!
Missing character: There is no å‡½ in font nullfont!
Missing character: There is no æ•° in font nullfont!
Missing character: There is no çš„ in font nullfont!
Missing character: There is no ç­‰ in font nullfont!
Missing character: There is no é«˜ in font nullfont!
Missing character: There is no çº¿ in font nullfont!
Missing character: There is no ï¼Œ in font nullfont!
Missing character: There is no è€Œ in font nullfont!
Missing character: There is no çº¦ in font nullfont!
Missing character: There is no æŸ in font nullfont!
Missing character: There is no æ¡ in font nullfont!
Missing character: There is no ä»¶ in font nullfont!
Missing character: There is no åˆ™ in font nullfont!
Missing character: There is no æˆ in font nullfont!
Missing character: There is no ä¸º in font nullfont!
Missing character: There is no å¹³ in font nullfont!
Missing character: There is no é¢ in font nullfont!
Missing character: There is no ä¸Š in font nullfont!
Missing character: There is no åŠ in font nullfont!
Missing character: There is no å¾„ in font nullfont!
Missing character: There is no ä¸º in font nullfont!
Missing character: There is no C in font nullfont!
Missing character: There is no çš„ in font nullfont!
Missing character: There is no ä¸€ in font nullfont!
Missing character: There is no ä¸ª in font nullfont!
Missing character: There is no n in font nullfont!
Missing character: There is no o in font nullfont!
Missing character: There is no r in font nullfont!
Missing character: There is no m in font nullfont!
Missing character: There is no b in font nullfont!
Missing character: There is no a in font nullfont!
Missing character: There is no l in font nullfont!
Missing character: There is no l in font nullfont!
Missing character: There is no ã€‚ in font nullfont!
Missing character: There is no ç­‰ in font nullfont!
Missing character: There is no é«˜ in font nullfont!
Missing character: There is no çº¿ in font nullfont!
Missing character: There is no ä¸ in font nullfont!
Missing character: There is no n in font nullfont!
Missing character: There is no o in font nullfont!
Missing character: There is no r in font nullfont!
Missing character: There is no m in font nullfont!
Missing character: There is no b in font nullfont!
Missing character: There is no a in font nullfont!
Missing character: There is no l in font nullfont!
Missing character: There is no l in font nullfont!
Missing character: There is no ç›¸ in font nullfont!
Missing character: There is no äº¤ in font nullfont!
Missing character: There is no çš„ in font nullfont!
Missing character: There is no åœ° in font nullfont!
Missing character: There is no æ–¹ in font nullfont!
Missing character: There is no å°± in font nullfont!
Missing character: There is no æ˜¯ in font nullfont!
Missing character: There is no æœ€ in font nullfont!
Missing character: There is no ä¼˜ in font nullfont!
Missing character: There is no è§£ in font nullfont!
Missing character: There is no ï¼š in font nullfont!

Overfull \hbox (60.74615pt too wide) in paragraph at lines 59--60
[]$\OT1/cmr/bx/n/10 (\OML/cmm/b/it/10 w[]; w[]\OT1/cmr/bx/n/10 )$
 []


! LaTeX Error: Environment figure undefined.

See the LaTeX manual or LaTeX Companion for explanation.
Type  H <return>  for immediate help.
 ...                                              
                                                  
l.61 ^^I\begin{figure}
                      [htbp]
Your command was ignored.
Type  I <command> <return>  to replace it with another command,
or  <return>  to continue without it.


! LaTeX Error: Missing \begin{document}.

See the LaTeX manual or LaTeX Companion for explanation.
Type  H <return>  for immediate help.
 ...                                              
                                                  
l.61 ^^I\begin{figure}[
                       htbp]
You're in trouble here.  Try typing  <return>  to proceed.
If that doesn't work, type  X <return>  to quit.

Missing character: There is no [ in font nullfont!
Missing character: There is no h in font nullfont!
Missing character: There is no t in font nullfont!
Missing character: There is no b in font nullfont!
Missing character: There is no p in font nullfont!
Missing character: There is no ] in font nullfont!
! Undefined control sequence.
l.62 ^^I\centering\includegraphics
                                  [width=6in]{img/3-2.png}
The control sequence at the end of the top line
of your error message was never \def'ed. If you have
misspelled it (e.g., `\hobx'), type `I' and the correct
spelling (e.g., `I\hbox'). Otherwise just continue,
and I'll forget about whatever was undefined.

Missing character: There is no [ in font nullfont!
Missing character: There is no w in font nullfont!
Missing character: There is no i in font nullfont!
Missing character: There is no d in font nullfont!
Missing character: There is no t in font nullfont!
Missing character: There is no h in font nullfont!
Missing character: There is no = in font nullfont!
Missing character: There is no 6 in font nullfont!
Missing character: There is no i in font nullfont!
Missing character: There is no n in font nullfont!
Missing character: There is no ] in font nullfont!
Missing character: There is no i in font nullfont!
Missing character: There is no m in font nullfont!
Missing character: There is no g in font nullfont!
Missing character: There is no / in font nullfont!
Missing character: There is no 3 in font nullfont!
Missing character: There is no - in font nullfont!
Missing character: There is no 2 in font nullfont!
Missing character: There is no . in font nullfont!
Missing character: There is no p in font nullfont!
Missing character: There is no n in font nullfont!
Missing character: There is no g in font nullfont!

! LaTeX Error: \caption outside float.

See the LaTeX manual or LaTeX Companion for explanation.
Type  H <return>  for immediate help.
 ...                                              
                                                  
l.63 ^^I\caption
                {å›¾}\label{fig:3-2}
You're in trouble here.  Try typing  <return>  to proceed.
If that doesn't work, type  X <return>  to quit.

Missing character: There is no å›¾ in font nullfont!

! LaTeX Error: \begin{document} ended by \end{figure}.

See the LaTeX manual or LaTeX Companion for explanation.
Type  H <return>  for immediate help.
 ...                                              
                                                  
l.64 ^^I\end{figure}
                    
Your command was ignored.
Type  I <command> <return>  to replace it with another command,
or  <return>  to continue without it.


Overfull \hbox (20.0pt too wide) in paragraph at lines 61--65
[]
 []

)
! Emergency stop.
<*> chap3_regulization.tex
                          
*** (job aborted, no legal \end found)

 
Here is how much of TeX's memory you used:
 27 strings out of 493638
 316 string characters out of 6146796
 55571 words of memory out of 5000000
 3519 multiletter control sequences out of 15000+600000
 6397 words of font info for 23 fonts, out of 8000000 for 9000
 1328 hyphenation exceptions out of 8191
 18i,3n,12p,242b,79s stack positions out of 5000i,500n,10000p,200000b,80000s
No pages of output.
